<?xml version="1.0" encoding="UTF-8"?>
<!-- Generated by org.testng.reporters.JUnitXMLReporter -->
<testsuite ignored="0" hostname="DESKTOP-P3MLEV3" failures="0" tests="40" name="Surefire test" time="58.627" errors="0" timestamp="2023-06-09T21:14:54 PKT">
  <testcase classname="testcases.VideoCallTest" name="@BeforeTest Setup" time="58.136">
    <failure type="org.openqa.selenium.SessionNotCreatedException" message="Could not start a new session. Response code 500. Message: An unknown server-side error occurred while processing the command. Original error: Device 06081330BT105920 was not in the list of connected devices 
Host info: host: &amp;apos;DESKTOP-P3MLEV3&amp;apos;, ip: &amp;apos;192.168.100.68&amp;apos;
Build info: version: &amp;apos;4.10.0&amp;apos;, revision: &amp;apos;c14d967899&amp;apos;
System info: os.name: &amp;apos;Windows 10&amp;apos;, os.arch: &amp;apos;amd64&amp;apos;, os.version: &amp;apos;10.0&amp;apos;, java.version: &amp;apos;19.0.1&amp;apos;
Driver info: io.appium.java_client.android.AndroidDriver
Command: [null, newSession {capabilities=[{appium:systemPort=9000, appium:udid=06081330BT105920, appium:autoGrantPermissions=true, appium:newCommandTimeout=90, platformName=ANDROID, appium:automationName=UIAutomator2, appium:app=C:\Users\Ensx-pc\eclipse-workspace\xPalApp\src\test\java\resources\app-debug.apk}], desiredCapabilities=Capabilities {appium:app: C:\Users\Ensx-pc\eclipse-wo..., appium:autoGrantPermissions: true, appium:automationName: UIAutomator2, appium:newCommandTimeout: 90, appium:systemPort: 9000, appium:udid: 06081330BT105920, platformName: ANDROID}}]
Capabilities {appium:app: C:\Users\Ensx-pc\eclipse-wo..., appium:autoGrantPermissions: true, appium:automationName: UIAutomator2, appium:newCommandTimeout: 90, appium:systemPort: 9000, appium:udid: 06081330BT105920, platformName: ANDROID}">
      <![CDATA[org.openqa.selenium.SessionNotCreatedException: Could not start a new session. Response code 500. Message: An unknown server-side error occurred while processing the command. Original error: Device 06081330BT105920 was not in the list of connected devices 
Host info: host: 'DESKTOP-P3MLEV3', ip: '192.168.100.68'
Build info: version: '4.10.0', revision: 'c14d967899'
System info: os.name: 'Windows 10', os.arch: 'amd64', os.version: '10.0', java.version: '19.0.1'
Driver info: io.appium.java_client.android.AndroidDriver
Command: [null, newSession {capabilities=[{appium:systemPort=9000, appium:udid=06081330BT105920, appium:autoGrantPermissions=true, appium:newCommandTimeout=90, platformName=ANDROID, appium:automationName=UIAutomator2, appium:app=C:\Users\Ensx-pc\eclipse-workspace\xPalApp\src\test\java\resources\app-debug.apk}], desiredCapabilities=Capabilities {appium:app: C:\Users\Ensx-pc\eclipse-wo..., appium:autoGrantPermissions: true, appium:automationName: UIAutomator2, appium:newCommandTimeout: 90, appium:systemPort: 9000, appium:udid: 06081330BT105920, platformName: ANDROID}}]
Capabilities {appium:app: C:\Users\Ensx-pc\eclipse-wo..., appium:autoGrantPermissions: true, appium:automationName: UIAutomator2, appium:newCommandTimeout: 90, appium:systemPort: 9000, appium:udid: 06081330BT105920, platformName: ANDROID}
at org.openqa.selenium.remote.ProtocolHandshake.createSession(ProtocolHandshake.java:140)
at io.appium.java_client.remote.AppiumProtocolHandshake.createSession(AppiumProtocolHandshake.java:133)
at io.appium.java_client.remote.AppiumProtocolHandshake.createSession(AppiumProtocolHandshake.java:102)
at io.appium.java_client.remote.AppiumCommandExecutor.createSession(AppiumCommandExecutor.java:194)
at io.appium.java_client.remote.AppiumCommandExecutor.execute(AppiumCommandExecutor.java:262)
at org.openqa.selenium.remote.RemoteWebDriver.execute(RemoteWebDriver.java:531)
at io.appium.java_client.AppiumDriver.startSession(AppiumDriver.java:229)
at org.openqa.selenium.remote.RemoteWebDriver.<init>(RemoteWebDriver.java:154)
at io.appium.java_client.AppiumDriver.<init>(AppiumDriver.java:80)
at io.appium.java_client.AppiumDriver.<init>(AppiumDriver.java:92)
at io.appium.java_client.android.AndroidDriver.<init>(AndroidDriver.java:117)
at testcases.VideoCallTest.Setup(VideoCallTest.java:59)
... Removed 29 stack frames]]>
    </failure>
  </testcase> <!-- @BeforeTest Setup -->
  <testcase classname="baseTest.BaseTest" name="@BeforeMethod configureAppium" time="0.0">
    <skipped/>
  </testcase> <!-- @BeforeMethod configureAppium -->
  <testcase classname="baseTest.BaseTest" name="@AfterMethod tearDown" time="0.0">
    <skipped/>
  </testcase> <!-- @AfterMethod tearDown -->
  <testcase classname="baseTest.BaseTest" name="@BeforeMethod configureAppium" time="0.0">
    <skipped/>
  </testcase> <!-- @BeforeMethod configureAppium -->
  <testcase classname="baseTest.BaseTest" name="@AfterMethod tearDown" time="0.0">
    <skipped/>
  </testcase> <!-- @AfterMethod tearDown -->
  <testcase classname="testcases.AudioCallTest" name="@BeforeMethod BeforeChat" time="0.0">
    <skipped/>
  </testcase> <!-- @BeforeMethod BeforeChat -->
  <testcase classname="testcases.AudioCallTest" name="@AfterMethod quit" time="0.0">
    <skipped/>
  </testcase> <!-- @AfterMethod quit -->
  <testcase classname="baseTest.BaseTest" name="@BeforeMethod configureAppium" time="0.0">
    <skipped/>
  </testcase> <!-- @BeforeMethod configureAppium -->
  <testcase classname="baseTest.BaseTest" name="@AfterMethod tearDown" time="0.0">
    <skipped/>
  </testcase> <!-- @AfterMethod tearDown -->
  <testcase classname="baseTest.BaseTest" name="@BeforeMethod configureAppium" time="0.0">
    <skipped/>
  </testcase> <!-- @BeforeMethod configureAppium -->
  <testcase classname="baseTest.BaseTest" name="@AfterMethod tearDown" time="0.0">
    <skipped/>
  </testcase> <!-- @AfterMethod tearDown -->
  <testcase classname="testcases.ChatTest" name="@BeforeMethod BeforeChat" time="0.0">
    <skipped/>
  </testcase> <!-- @BeforeMethod BeforeChat -->
  <testcase classname="testcases.ChatTest" name="@AfterMethod afterChat" time="0.0">
    <skipped/>
  </testcase> <!-- @AfterMethod afterChat -->
  <testcase classname="testcases.ChatTest" name="@BeforeMethod BeforeChat" time="0.0">
    <skipped/>
  </testcase> <!-- @BeforeMethod BeforeChat -->
  <testcase classname="testcases.ChatTest" name="@AfterMethod afterChat" time="0.0">
    <skipped/>
  </testcase> <!-- @AfterMethod afterChat -->
  <testcase classname="testcases.ChatTest" name="@BeforeMethod BeforeChat" time="0.0">
    <skipped/>
  </testcase> <!-- @BeforeMethod BeforeChat -->
  <testcase classname="testcases.ChatTest" name="@AfterMethod afterChat" time="0.0">
    <skipped/>
  </testcase> <!-- @AfterMethod afterChat -->
  <testcase classname="testcases.ChatTest" name="@BeforeMethod BeforeChat" time="0.0">
    <skipped/>
  </testcase> <!-- @BeforeMethod BeforeChat -->
  <testcase classname="testcases.ChatTest" name="@AfterMethod afterChat" time="0.0">
    <skipped/>
  </testcase> <!-- @AfterMethod afterChat -->
  <testcase classname="testcases.ChatTest" name="@BeforeMethod BeforeChat" time="0.0">
    <skipped/>
  </testcase> <!-- @BeforeMethod BeforeChat -->
  <testcase classname="testcases.ChatTest" name="@AfterMethod afterChat" time="0.0">
    <skipped/>
  </testcase> <!-- @AfterMethod afterChat -->
  <testcase classname="testcases.ChatTest" name="@BeforeMethod BeforeChat" time="0.0">
    <skipped/>
  </testcase> <!-- @BeforeMethod BeforeChat -->
  <testcase classname="testcases.ChatTest" name="@AfterMethod afterChat" time="0.0">
    <skipped/>
  </testcase> <!-- @AfterMethod afterChat -->
  <testcase classname="testcases.ChatTest" name="@BeforeMethod BeforeChat" time="0.0">
    <skipped/>
  </testcase> <!-- @BeforeMethod BeforeChat -->
  <testcase classname="testcases.ChatTest" name="@AfterMethod afterChat" time="0.0">
    <skipped/>
  </testcase> <!-- @AfterMethod afterChat -->
  <testcase classname="testcases.ChatTest" name="@BeforeMethod BeforeChat" time="0.0">
    <skipped/>
  </testcase> <!-- @BeforeMethod BeforeChat -->
  <testcase classname="testcases.ChatTest" name="@AfterMethod afterChat" time="0.0">
    <skipped/>
  </testcase> <!-- @AfterMethod afterChat -->
  <testcase classname="testcases.ChatTest" name="@BeforeMethod BeforeChat" time="0.0">
    <skipped/>
  </testcase> <!-- @BeforeMethod BeforeChat -->
  <testcase classname="testcases.ChatTest" name="@AfterMethod afterChat" time="0.0">
    <skipped/>
  </testcase> <!-- @AfterMethod afterChat -->
  <testcase classname="testcases.ChatTest" name="@BeforeMethod BeforeChat" time="0.0">
    <skipped/>
  </testcase> <!-- @BeforeMethod BeforeChat -->
  <testcase classname="testcases.ChatTest" name="@AfterMethod afterChat" time="0.0">
    <skipped/>
  </testcase> <!-- @AfterMethod afterChat -->
  <testcase classname="baseTest.BaseTest" name="@BeforeMethod configureAppium" time="0.0">
    <skipped/>
  </testcase> <!-- @BeforeMethod configureAppium -->
  <testcase classname="testcases.EditProfileTest" name="@AfterMethod quit" time="0.0">
    <skipped/>
  </testcase> <!-- @AfterMethod quit -->
  <testcase classname="baseTest.BaseTest" name="@AfterMethod tearDown" time="0.0">
    <skipped/>
  </testcase> <!-- @AfterMethod tearDown -->
  <testcase classname="baseTest.BaseTest" name="@BeforeMethod configureAppium" time="0.0">
    <skipped/>
  </testcase> <!-- @BeforeMethod configureAppium -->
  <testcase classname="testcases.EditProfileTest" name="@AfterMethod quit" time="0.0">
    <skipped/>
  </testcase> <!-- @AfterMethod quit -->
  <testcase classname="baseTest.BaseTest" name="@AfterMethod tearDown" time="0.0">
    <skipped/>
  </testcase> <!-- @AfterMethod tearDown -->
  <testcase classname="baseTest.BaseTest" name="@BeforeMethod configureAppium" time="0.0">
    <skipped/>
  </testcase> <!-- @BeforeMethod configureAppium -->
  <testcase classname="baseTest.BaseTest" name="@AfterMethod tearDown" time="0.0">
    <skipped/>
  </testcase> <!-- @AfterMethod tearDown -->
  <testcase classname="baseTest.BaseTest" name="@BeforeMethod configureAppium" time="0.0">
    <skipped/>
  </testcase> <!-- @BeforeMethod configureAppium -->
  <testcase classname="baseTest.BaseTest" name="@AfterMethod tearDown" time="0.0">
    <skipped/>
  </testcase> <!-- @AfterMethod tearDown -->
  <testcase classname="baseTest.BaseTest" name="@BeforeMethod configureAppium" time="0.0">
    <skipped/>
  </testcase> <!-- @BeforeMethod configureAppium -->
  <testcase classname="baseTest.BaseTest" name="@AfterMethod tearDown" time="0.0">
    <skipped/>
  </testcase> <!-- @AfterMethod tearDown -->
  <testcase classname="baseTest.BaseTest" name="@BeforeMethod configureAppium" time="0.0">
    <skipped/>
  </testcase> <!-- @BeforeMethod configureAppium -->
  <testcase classname="baseTest.BaseTest" name="@AfterMethod tearDown" time="0.0">
    <skipped/>
  </testcase> <!-- @AfterMethod tearDown -->
  <testcase classname="testcases.RegisterTest" name="@BeforeMethod setup" time="0.0">
    <skipped/>
  </testcase> <!-- @BeforeMethod setup -->
  <testcase classname="testcases.RegisterTest" name="@AfterMethod tearDown" time="0.0">
    <skipped/>
  </testcase> <!-- @AfterMethod tearDown -->
  <testcase classname="testcases.RegisterTest" name="@BeforeMethod setup" time="0.0">
    <skipped/>
  </testcase> <!-- @BeforeMethod setup -->
  <testcase classname="testcases.RegisterTest" name="@AfterMethod tearDown" time="0.0">
    <skipped/>
  </testcase> <!-- @AfterMethod tearDown -->
  <testcase classname="testcases.ResetPasswordTest" name="@BeforeMethod configure" time="0.0">
    <skipped/>
  </testcase> <!-- @BeforeMethod configure -->
  <testcase classname="testcases.ResetPasswordTest" name="@AfterMethod quit" time="0.0">
    <skipped/>
  </testcase> <!-- @AfterMethod quit -->
  <testcase classname="testcases.ResetPasswordTest" name="@BeforeMethod configure" time="0.0">
    <skipped/>
  </testcase> <!-- @BeforeMethod configure -->
  <testcase classname="testcases.ResetPasswordTest" name="@AfterMethod quit" time="0.0">
    <skipped/>
  </testcase> <!-- @AfterMethod quit -->
  <testcase classname="testcases.ResetPasswordTest" name="@BeforeMethod configure" time="0.0">
    <skipped/>
  </testcase> <!-- @BeforeMethod configure -->
  <testcase classname="testcases.ResetPasswordTest" name="@AfterMethod quit" time="0.0">
    <skipped/>
  </testcase> <!-- @AfterMethod quit -->
  <testcase classname="baseTest.BaseTest" name="@BeforeMethod configureAppium" time="0.0">
    <skipped/>
  </testcase> <!-- @BeforeMethod configureAppium -->
  <testcase classname="baseTest.BaseTest" name="@AfterMethod tearDown" time="0.0">
    <skipped/>
  </testcase> <!-- @AfterMethod tearDown -->
  <testcase classname="baseTest.BaseTest" name="@BeforeMethod configureAppium" time="0.0">
    <skipped/>
  </testcase> <!-- @BeforeMethod configureAppium -->
  <testcase classname="baseTest.BaseTest" name="@AfterMethod tearDown" time="0.0">
    <skipped/>
  </testcase> <!-- @AfterMethod tearDown -->
  <testcase classname="baseTest.BaseTest" name="@BeforeMethod configureAppium" time="0.0">
    <skipped/>
  </testcase> <!-- @BeforeMethod configureAppium -->
  <testcase classname="baseTest.BaseTest" name="@AfterMethod tearDown" time="0.0">
    <skipped/>
  </testcase> <!-- @AfterMethod tearDown -->
  <testcase classname="baseTest.BaseTest" name="@BeforeMethod configureAppium" time="0.0">
    <skipped/>
  </testcase> <!-- @BeforeMethod configureAppium -->
  <testcase classname="baseTest.BaseTest" name="@AfterMethod tearDown" time="0.0">
    <skipped/>
  </testcase> <!-- @AfterMethod tearDown -->
  <testcase classname="baseTest.BaseTest" name="@BeforeMethod configureAppium" time="0.0">
    <skipped/>
  </testcase> <!-- @BeforeMethod configureAppium -->
  <testcase classname="baseTest.BaseTest" name="@AfterMethod tearDown" time="0.0">
    <skipped/>
  </testcase> <!-- @AfterMethod tearDown -->
  <testcase classname="baseTest.BaseTest" name="@BeforeMethod configureAppium" time="0.0">
    <skipped/>
  </testcase> <!-- @BeforeMethod configureAppium -->
  <testcase classname="baseTest.BaseTest" name="@AfterMethod tearDown" time="0.0">
    <skipped/>
  </testcase> <!-- @AfterMethod tearDown -->
  <testcase classname="baseTest.BaseTest" name="@BeforeMethod configureAppium" time="0.0">
    <skipped/>
  </testcase> <!-- @BeforeMethod configureAppium -->
  <testcase classname="baseTest.BaseTest" name="@AfterMethod tearDown" time="0.0">
    <skipped/>
  </testcase> <!-- @AfterMethod tearDown -->
  <testcase classname="testcases.VideoCallTest" name="@AfterTest quitDrivers" time="0.0">
    <skipped/>
  </testcase> <!-- @AfterTest quitDrivers -->
  <testcase classname="testcases.AddContactTest" name="addContact" time="0.0">
    <skipped/>
  </testcase> <!-- addContact -->
  <testcase classname="testcases.AddContactTest" name="addContact" time="0.0">
    <skipped/>
  </testcase> <!-- addContact -->
  <testcase classname="testcases.AudioCallTest" name="AudioCall" time="0.0">
    <skipped/>
  </testcase> <!-- AudioCall -->
  <testcase classname="testcases.ChatErrorValidationsTest" name="selectMoreThan4Images" time="0.0">
    <skipped/>
  </testcase> <!-- selectMoreThan4Images -->
  <testcase classname="testcases.ChatErrorValidationsTest" name="browseInvalidVideo" time="0.0">
    <skipped/>
  </testcase> <!-- browseInvalidVideo -->
  <testcase classname="testcases.ChatTest" name="shareContact" time="0.0">
    <skipped/>
  </testcase> <!-- shareContact -->
  <testcase classname="testcases.ChatTest" name="textMsg" time="0.001">
    <skipped/>
  </testcase> <!-- textMsg -->
  <testcase classname="testcases.ChatTest" name="captureImage" time="0.0">
    <skipped/>
  </testcase> <!-- captureImage -->
  <testcase classname="testcases.ChatTest" name="browseImage" time="0.0">
    <skipped/>
  </testcase> <!-- browseImage -->
  <testcase classname="testcases.ChatTest" name="browseMultiImage" time="0.001">
    <skipped/>
  </testcase> <!-- browseMultiImage -->
  <testcase classname="testcases.ChatTest" name="browseValidVideo" time="0.0">
    <skipped/>
  </testcase> <!-- browseValidVideo -->
  <testcase classname="testcases.ChatTest" name="captureVideo" time="0.0">
    <skipped/>
  </testcase> <!-- captureVideo -->
  <testcase classname="testcases.ChatTest" name="disappearingMsg" time="0.0">
    <skipped/>
  </testcase> <!-- disappearingMsg -->
  <testcase classname="testcases.ChatTest" name="disappearingImage" time="0.0">
    <skipped/>
  </testcase> <!-- disappearingImage -->
  <testcase classname="testcases.ChatTest" name="sendPendingMsg" time="0.0">
    <skipped/>
  </testcase> <!-- sendPendingMsg -->
  <testcase classname="testcases.EditProfileTest" name="editProfile" time="0.0">
    <skipped/>
  </testcase> <!-- editProfile -->
  <testcase classname="testcases.EditProfileTest" name="invalidProfileName" time="0.0">
    <skipped/>
  </testcase> <!-- invalidProfileName -->
  <testcase classname="testcases.InviteLinkTest" name="generateLink" time="0.0">
    <skipped/>
  </testcase> <!-- generateLink -->
  <testcase classname="testcases.LoginTest" name="login" time="0.0">
    <skipped/>
  </testcase> <!-- login -->
  <testcase classname="testcases.PrivacyTest" name="block" time="0.0">
    <skipped/>
  </testcase> <!-- block -->
  <testcase classname="testcases.PrivacyTest" name="setupPhrase" time="0.0">
    <skipped/>
  </testcase> <!-- setupPhrase -->
  <testcase classname="testcases.PrivacyTest" name="setupQuestions" time="0.0">
    <skipped/>
  </testcase> <!-- setupQuestions -->
  <testcase classname="testcases.PrivacyTest" name="verifyBlockedList" time="0.0">
    <skipped/>
  </testcase> <!-- verifyBlockedList -->
  <testcase classname="testcases.PrivacyTest" name="unblock" time="0.0">
    <skipped/>
  </testcase> <!-- unblock -->
  <testcase classname="testcases.PrivacyTest" name="isUnblocked" time="0.0">
    <skipped/>
  </testcase> <!-- isUnblocked -->
  <testcase classname="testcases.RegisterTest" name="Register" time="0.0">
    <skipped/>
  </testcase> <!-- Register -->
  <testcase classname="testcases.RegisterTest" name="invalidRegister" time="0.0">
    <skipped/>
  </testcase> <!-- invalidRegister -->
  <testcase classname="testcases.ResetPasswordTest" name="resetByEmail" time="0.0">
    <skipped/>
  </testcase> <!-- resetByEmail -->
  <testcase classname="testcases.ResetPasswordTest" name="resetByPhrase" time="0.0">
    <skipped/>
  </testcase> <!-- resetByPhrase -->
  <testcase classname="testcases.ResetPasswordTest" name="resetByQs" time="0.0">
    <skipped/>
  </testcase> <!-- resetByQs -->
  <testcase classname="testcases.SettingsTest" name="changePin" time="0.0">
    <skipped/>
  </testcase> <!-- changePin -->
  <testcase classname="testcases.SettingsTest" name="changePassword" time="0.0">
    <skipped/>
  </testcase> <!-- changePassword -->
  <testcase classname="testcases.SettingsTest" name="enabletwoStepVerification" time="0.0">
    <skipped/>
  </testcase> <!-- enabletwoStepVerification -->
  <testcase classname="testcases.SettingsTest" name="disabletwoStepVerification" time="0.0">
    <skipped/>
  </testcase> <!-- disabletwoStepVerification -->
  <testcase classname="testcases.SettingsTest" name="enableReverse" time="0.0">
    <skipped/>
  </testcase> <!-- enableReverse -->
  <testcase classname="testcases.SettingsTest" name="reversePin" time="0.0">
    <skipped/>
  </testcase> <!-- reversePin -->
  <testcase classname="testcases.SignOutTest" name="signOut" time="0.0">
    <skipped/>
  </testcase> <!-- signOut -->
  <testcase classname="testcases.SignOutTest" name="switchAccount" time="0.0">
    <skipped/>
  </testcase> <!-- switchAccount -->
  <testcase classname="testcases.VideoCallTest" name="videoCall" time="0.0">
    <skipped/>
  </testcase> <!-- videoCall -->
  <testcase classname="testcases.VideoCallTest" name="videoCallDuration" time="0.0">
    <skipped/>
  </testcase> <!-- videoCallDuration -->
</testsuite> <!-- Surefire test -->
