<?xml version="1.0" encoding="UTF-8"?>
<!-- Generated by org.testng.reporters.JUnitXMLReporter -->
<testsuite ignored="2" hostname="DESKTOP-P3MLEV3" failures="0" tests="2" name="GRP-reverse" time="192.048" errors="0" timestamp="2023-03-27T15:56:00 PKT">
  <testcase classname="testcases.SettingsTest" name="enableReverse" time="47.517"/>
  <testcase classname="testcases.SettingsTest" name="reversePin" time="51.563"/>
  <testcase classname="testcases.SettingsTest" name="changePassword" time="0.0">
    <ignored/>
  </testcase> <!-- changePassword -->
  <testcase classname="testcases.SettingsTest" name="changePin" time="0.0">
    <ignored/>
  </testcase> <!-- changePin -->
</testsuite> <!-- GRP-reverse -->
