<?xml version="1.0" encoding="UTF-8"?>
<!-- Generated by org.testng.reporters.JUnitXMLReporter -->
<testsuite ignored="0" hostname="DESKTOP-P3MLEV3" failures="5" tests="12" name="Test" time="1388.565" errors="0" timestamp="2023-05-23T16:29:00 PKT">
  <testcase classname="testcases.ChatTest" name="@AfterMethod afterChat" time="0.017">
    <failure type="org.openqa.selenium.NoSuchSessionException" message="A session is either terminated or not started
Build info: version: &amp;apos;4.9.1&amp;apos;, revision: &amp;apos;eb2032df7f&amp;apos;
System info: os.name: &amp;apos;Windows 10&amp;apos;, os.arch: &amp;apos;amd64&amp;apos;, os.version: &amp;apos;10.0&amp;apos;, java.version: &amp;apos;17.0.5&amp;apos;
Driver info: io.appium.java_client.android.AndroidDriver
Command: [489294d7-1aea-47a3-a4a4-a5b99de66844, quit {}]
Capabilities {appium:app: C:\Users\Ensx-pc\eclipse-wo..., appium:appPackage: com.dev.messengerx, appium:autoGrantPermissions: true, appium:automationName: UIAutomator2, appium:databaseEnabled: false, appium:desired: {app: C:\Users\Ensx-pc\eclipse-wo..., autoGrantPermissions: true, automationName: UIAutomator2, platformName: ANDROID, systemPort: 8300, udid: emulator-5554}, appium:deviceApiLevel: 32, appium:deviceManufacturer: Google, appium:deviceModel: sdk_gphone64_x86_64, appium:deviceName: emulator-5554, appium:deviceScreenDensity: 320, appium:deviceScreenSize: 720x1280, appium:deviceUDID: emulator-5554, appium:javascriptEnabled: true, appium:locationContextEnabled: false, appium:networkConnectionEnabled: true, appium:pixelRatio: 2, appium:platformVersion: 12, appium:statBarHeight: 48, appium:systemPort: 8300, appium:takesScreenshot: true, appium:udid: emulator-5554, appium:viewportRect: {height: 1200, left: 0, top: 48, width: 720}, appium:warnings: {}, appium:webStorageEnabled: false, platformName: ANDROID}
Session ID: 489294d7-1aea-47a3-a4a4-a5b99de66844">
      <![CDATA[org.openqa.selenium.NoSuchSessionException: A session is either terminated or not started
Build info: version: '4.9.1', revision: 'eb2032df7f'
System info: os.name: 'Windows 10', os.arch: 'amd64', os.version: '10.0', java.version: '17.0.5'
Driver info: io.appium.java_client.android.AndroidDriver
Command: [489294d7-1aea-47a3-a4a4-a5b99de66844, quit {}]
Capabilities {appium:app: C:\Users\Ensx-pc\eclipse-wo..., appium:appPackage: com.dev.messengerx, appium:autoGrantPermissions: true, appium:automationName: UIAutomator2, appium:databaseEnabled: false, appium:desired: {app: C:\Users\Ensx-pc\eclipse-wo..., autoGrantPermissions: true, automationName: UIAutomator2, platformName: ANDROID, systemPort: 8300, udid: emulator-5554}, appium:deviceApiLevel: 32, appium:deviceManufacturer: Google, appium:deviceModel: sdk_gphone64_x86_64, appium:deviceName: emulator-5554, appium:deviceScreenDensity: 320, appium:deviceScreenSize: 720x1280, appium:deviceUDID: emulator-5554, appium:javascriptEnabled: true, appium:locationContextEnabled: false, appium:networkConnectionEnabled: true, appium:pixelRatio: 2, appium:platformVersion: 12, appium:statBarHeight: 48, appium:systemPort: 8300, appium:takesScreenshot: true, appium:udid: emulator-5554, appium:viewportRect: {height: 1200, left: 0, top: 48, width: 720}, appium:warnings: {}, appium:webStorageEnabled: false, platformName: ANDROID}
Session ID: 489294d7-1aea-47a3-a4a4-a5b99de66844
at org.openqa.selenium.remote.codec.w3c.W3CHttpResponseCodec.createException(W3CHttpResponseCodec.java:200)
at org.openqa.selenium.remote.codec.w3c.W3CHttpResponseCodec.decode(W3CHttpResponseCodec.java:133)
at org.openqa.selenium.remote.codec.w3c.W3CHttpResponseCodec.decode(W3CHttpResponseCodec.java:53)
at org.openqa.selenium.remote.HttpCommandExecutor.execute(HttpCommandExecutor.java:193)
at io.appium.java_client.remote.AppiumCommandExecutor.execute(AppiumCommandExecutor.java:262)
at org.openqa.selenium.remote.RemoteWebDriver.execute(RemoteWebDriver.java:543)
at org.openqa.selenium.remote.RemoteWebDriver.execute(RemoteWebDriver.java:598)
at io.appium.java_client.AppiumDriver.execute(AppiumDriver.java:272)
at org.openqa.selenium.remote.RemoteWebDriver.quit(RemoteWebDriver.java:445)
at testcases.ChatTest.afterChat(ChatTest.java:168)
at java.base/java.util.ArrayList.forEach(ArrayList.java:1511)
... Removed 37 stack frames]]>
    </failure>
  </testcase> <!-- @AfterMethod afterChat -->
  <testcase classname="testcases.ChatTest" name="@BeforeMethod BeforeChat" time="0.0">
    <skipped/>
  </testcase> <!-- @BeforeMethod BeforeChat -->
  <testcase classname="testcases.ChatTest" name="@AfterMethod afterChat" time="0.0">
    <skipped/>
  </testcase> <!-- @AfterMethod afterChat -->
  <testcase classname="testcases.ChatTest" name="textMsg" time="14.406"/>
  <testcase classname="testcases.ChatTest" name="captureImage" time="28.697">
    <failure type="org.openqa.selenium.NoSuchElementException" message="An element could not be located on the page using the given search parameters.
For documentation on this error, please visit: https://selenium.dev/exceptions/#no_such_element
Build info: version: &amp;apos;4.9.1&amp;apos;, revision: &amp;apos;eb2032df7f&amp;apos;
System info: os.name: &amp;apos;Windows 10&amp;apos;, os.arch: &amp;apos;amd64&amp;apos;, os.version: &amp;apos;10.0&amp;apos;, java.version: &amp;apos;17.0.5&amp;apos;
Driver info: io.appium.java_client.android.AndroidDriver
Command: [2a21f4ee-daa4-4c00-b0fd-848a97c6f738, findElement {using=xpath, value=//android.widget.TextView[@text=&amp;apos;831 056 341&amp;apos;]/parent::android.view.ViewGroup/following-sibling::android.view.ViewGroup}]
Capabilities {appium:app: C:\Users\Ensx-pc\eclipse-wo..., appium:appPackage: com.dev.messengerx, appium:autoGrantPermissions: true, appium:automationName: UIAutomator2, appium:databaseEnabled: false, appium:desired: {app: C:\Users\Ensx-pc\eclipse-wo..., autoGrantPermissions: true, automationName: UIAutomator2, platformName: ANDROID, systemPort: 8300, udid: emulator-5554}, appium:deviceApiLevel: 32, appium:deviceManufacturer: Google, appium:deviceModel: sdk_gphone64_x86_64, appium:deviceName: emulator-5554, appium:deviceScreenDensity: 320, appium:deviceScreenSize: 720x1280, appium:deviceUDID: emulator-5554, appium:javascriptEnabled: true, appium:locationContextEnabled: false, appium:networkConnectionEnabled: true, appium:pixelRatio: 2, appium:platformVersion: 12, appium:statBarHeight: 48, appium:systemPort: 8300, appium:takesScreenshot: true, appium:udid: emulator-5554, appium:viewportRect: {height: 1200, left: 0, top: 48, width: 720}, appium:warnings: {}, appium:webStorageEnabled: false, platformName: ANDROID}
Session ID: 2a21f4ee-daa4-4c00-b0fd-848a97c6f738">
      <![CDATA[org.openqa.selenium.NoSuchElementException: An element could not be located on the page using the given search parameters.
For documentation on this error, please visit: https://selenium.dev/exceptions/#no_such_element
Build info: version: '4.9.1', revision: 'eb2032df7f'
System info: os.name: 'Windows 10', os.arch: 'amd64', os.version: '10.0', java.version: '17.0.5'
Driver info: io.appium.java_client.android.AndroidDriver
Command: [2a21f4ee-daa4-4c00-b0fd-848a97c6f738, findElement {using=xpath, value=//android.widget.TextView[@text='831 056 341']/parent::android.view.ViewGroup/following-sibling::android.view.ViewGroup}]
Capabilities {appium:app: C:\Users\Ensx-pc\eclipse-wo..., appium:appPackage: com.dev.messengerx, appium:autoGrantPermissions: true, appium:automationName: UIAutomator2, appium:databaseEnabled: false, appium:desired: {app: C:\Users\Ensx-pc\eclipse-wo..., autoGrantPermissions: true, automationName: UIAutomator2, platformName: ANDROID, systemPort: 8300, udid: emulator-5554}, appium:deviceApiLevel: 32, appium:deviceManufacturer: Google, appium:deviceModel: sdk_gphone64_x86_64, appium:deviceName: emulator-5554, appium:deviceScreenDensity: 320, appium:deviceScreenSize: 720x1280, appium:deviceUDID: emulator-5554, appium:javascriptEnabled: true, appium:locationContextEnabled: false, appium:networkConnectionEnabled: true, appium:pixelRatio: 2, appium:platformVersion: 12, appium:statBarHeight: 48, appium:systemPort: 8300, appium:takesScreenshot: true, appium:udid: emulator-5554, appium:viewportRect: {height: 1200, left: 0, top: 48, width: 720}, appium:warnings: {}, appium:webStorageEnabled: false, platformName: ANDROID}
Session ID: 2a21f4ee-daa4-4c00-b0fd-848a97c6f738
at org.openqa.selenium.remote.codec.w3c.W3CHttpResponseCodec.createException(W3CHttpResponseCodec.java:200)
at org.openqa.selenium.remote.codec.w3c.W3CHttpResponseCodec.decode(W3CHttpResponseCodec.java:133)
at org.openqa.selenium.remote.codec.w3c.W3CHttpResponseCodec.decode(W3CHttpResponseCodec.java:53)
at org.openqa.selenium.remote.HttpCommandExecutor.execute(HttpCommandExecutor.java:193)
at io.appium.java_client.remote.AppiumCommandExecutor.execute(AppiumCommandExecutor.java:262)
at org.openqa.selenium.remote.RemoteWebDriver.execute(RemoteWebDriver.java:543)
at org.openqa.selenium.remote.ElementLocation$ElementFinder$2.findElement(ElementLocation.java:162)
at org.openqa.selenium.remote.ElementLocation.findElement(ElementLocation.java:60)
at org.openqa.selenium.remote.RemoteWebDriver.findElement(RemoteWebDriver.java:352)
at org.openqa.selenium.remote.RemoteWebDriver.findElement(RemoteWebDriver.java:344)
at locators.SingleChatLocators.captureImg(SingleChatLocators.java:89)
at testcases.ChatTest.captureImage(ChatTest.java:81)
at java.base/java.util.ArrayList.forEach(ArrayList.java:1511)
... Removed 32 stack frames]]>
    </failure>
  </testcase> <!-- captureImage -->
  <testcase classname="testcases.ChatTest" name="browseImage" time="30.578"/>
  <testcase classname="testcases.ChatTest" name="browseMultiImage" time="24.318">
    <failure type="java.lang.IndexOutOfBoundsException" message="Index 0 out of bounds for length 0">
      <![CDATA[java.lang.IndexOutOfBoundsException: Index 0 out of bounds for length 0
at java.base/jdk.internal.util.Preconditions.outOfBounds(Preconditions.java:64)
at java.base/jdk.internal.util.Preconditions.outOfBoundsCheckIndex(Preconditions.java:70)
at java.base/jdk.internal.util.Preconditions.checkIndex(Preconditions.java:266)
at java.base/java.util.Objects.checkIndex(Objects.java:359)
at java.base/java.util.ArrayList.get(ArrayList.java:427)
at locators.SingleChatLocators.browseImages(SingleChatLocators.java:118)
at testcases.ChatTest.browseMultiImage(ChatTest.java:99)
at java.base/java.util.ArrayList.forEach(ArrayList.java:1511)
... Removed 27 stack frames]]>
    </failure>
  </testcase> <!-- browseMultiImage -->
  <testcase classname="testcases.ChatTest" name="browseValidVideo" time="33.164">
    <failure type="org.openqa.selenium.NoSuchElementException" message="An element could not be located on the page using the given search parameters.
For documentation on this error, please visit: https://selenium.dev/exceptions/#no_such_element
Build info: version: &amp;apos;4.9.1&amp;apos;, revision: &amp;apos;eb2032df7f&amp;apos;
System info: os.name: &amp;apos;Windows 10&amp;apos;, os.arch: &amp;apos;amd64&amp;apos;, os.version: &amp;apos;10.0&amp;apos;, java.version: &amp;apos;17.0.5&amp;apos;
Driver info: io.appium.java_client.android.AndroidDriver
Command: [82cd528a-5f2e-453e-913d-a2407ffe654b, findElement {using=xpath, value=//android.widget.TextView[@text=&amp;apos;831 056 341&amp;apos;]/parent::android.view.ViewGroup/following-sibling::android.view.ViewGroup}]
Capabilities {appium:app: C:\Users\Ensx-pc\eclipse-wo..., appium:appPackage: com.dev.messengerx, appium:autoGrantPermissions: true, appium:automationName: UIAutomator2, appium:databaseEnabled: false, appium:desired: {app: C:\Users\Ensx-pc\eclipse-wo..., autoGrantPermissions: true, automationName: UIAutomator2, platformName: ANDROID, systemPort: 8300, udid: emulator-5554}, appium:deviceApiLevel: 32, appium:deviceManufacturer: Google, appium:deviceModel: sdk_gphone64_x86_64, appium:deviceName: emulator-5554, appium:deviceScreenDensity: 320, appium:deviceScreenSize: 720x1280, appium:deviceUDID: emulator-5554, appium:javascriptEnabled: true, appium:locationContextEnabled: false, appium:networkConnectionEnabled: true, appium:pixelRatio: 2, appium:platformVersion: 12, appium:statBarHeight: 48, appium:systemPort: 8300, appium:takesScreenshot: true, appium:udid: emulator-5554, appium:viewportRect: {height: 1200, left: 0, top: 48, width: 720}, appium:warnings: {}, appium:webStorageEnabled: false, platformName: ANDROID}
Session ID: 82cd528a-5f2e-453e-913d-a2407ffe654b">
      <![CDATA[org.openqa.selenium.NoSuchElementException: An element could not be located on the page using the given search parameters.
For documentation on this error, please visit: https://selenium.dev/exceptions/#no_such_element
Build info: version: '4.9.1', revision: 'eb2032df7f'
System info: os.name: 'Windows 10', os.arch: 'amd64', os.version: '10.0', java.version: '17.0.5'
Driver info: io.appium.java_client.android.AndroidDriver
Command: [82cd528a-5f2e-453e-913d-a2407ffe654b, findElement {using=xpath, value=//android.widget.TextView[@text='831 056 341']/parent::android.view.ViewGroup/following-sibling::android.view.ViewGroup}]
Capabilities {appium:app: C:\Users\Ensx-pc\eclipse-wo..., appium:appPackage: com.dev.messengerx, appium:autoGrantPermissions: true, appium:automationName: UIAutomator2, appium:databaseEnabled: false, appium:desired: {app: C:\Users\Ensx-pc\eclipse-wo..., autoGrantPermissions: true, automationName: UIAutomator2, platformName: ANDROID, systemPort: 8300, udid: emulator-5554}, appium:deviceApiLevel: 32, appium:deviceManufacturer: Google, appium:deviceModel: sdk_gphone64_x86_64, appium:deviceName: emulator-5554, appium:deviceScreenDensity: 320, appium:deviceScreenSize: 720x1280, appium:deviceUDID: emulator-5554, appium:javascriptEnabled: true, appium:locationContextEnabled: false, appium:networkConnectionEnabled: true, appium:pixelRatio: 2, appium:platformVersion: 12, appium:statBarHeight: 48, appium:systemPort: 8300, appium:takesScreenshot: true, appium:udid: emulator-5554, appium:viewportRect: {height: 1200, left: 0, top: 48, width: 720}, appium:warnings: {}, appium:webStorageEnabled: false, platformName: ANDROID}
Session ID: 82cd528a-5f2e-453e-913d-a2407ffe654b
at org.openqa.selenium.remote.codec.w3c.W3CHttpResponseCodec.createException(W3CHttpResponseCodec.java:200)
at org.openqa.selenium.remote.codec.w3c.W3CHttpResponseCodec.decode(W3CHttpResponseCodec.java:133)
at org.openqa.selenium.remote.codec.w3c.W3CHttpResponseCodec.decode(W3CHttpResponseCodec.java:53)
at org.openqa.selenium.remote.HttpCommandExecutor.execute(HttpCommandExecutor.java:193)
at io.appium.java_client.remote.AppiumCommandExecutor.execute(AppiumCommandExecutor.java:262)
at org.openqa.selenium.remote.RemoteWebDriver.execute(RemoteWebDriver.java:543)
at org.openqa.selenium.remote.ElementLocation$ElementFinder$2.findElement(ElementLocation.java:162)
at org.openqa.selenium.remote.ElementLocation.findElement(ElementLocation.java:60)
at org.openqa.selenium.remote.RemoteWebDriver.findElement(RemoteWebDriver.java:352)
at org.openqa.selenium.remote.RemoteWebDriver.findElement(RemoteWebDriver.java:344)
at locators.SingleChatLocators.browseVid(SingleChatLocators.java:148)
at testcases.ChatTest.browseValidVideo(ChatTest.java:108)
at java.base/java.util.ArrayList.forEach(ArrayList.java:1511)
... Removed 32 stack frames]]>
    </failure>
  </testcase> <!-- browseValidVideo -->
  <testcase classname="testcases.ChatTest" name="shareContact" time="27.613">
    <failure type="org.openqa.selenium.NoSuchElementException" message="An element could not be located on the page using the given search parameters.
For documentation on this error, please visit: https://selenium.dev/exceptions/#no_such_element
Build info: version: &amp;apos;4.9.1&amp;apos;, revision: &amp;apos;eb2032df7f&amp;apos;
System info: os.name: &amp;apos;Windows 10&amp;apos;, os.arch: &amp;apos;amd64&amp;apos;, os.version: &amp;apos;10.0&amp;apos;, java.version: &amp;apos;17.0.5&amp;apos;
Driver info: io.appium.java_client.android.AndroidDriver
Command: [3198dd1d-9877-44c3-9cd3-29954d4dbbea, findElement {using=xpath, value=//android.widget.TextView[@text=&amp;apos;Friend2&amp;apos;]}]
Capabilities {appium:app: C:\Users\Ensx-pc\eclipse-wo..., appium:appPackage: com.dev.messengerx, appium:autoGrantPermissions: true, appium:automationName: UIAutomator2, appium:databaseEnabled: false, appium:desired: {app: C:\Users\Ensx-pc\eclipse-wo..., autoGrantPermissions: true, automationName: UIAutomator2, platformName: ANDROID, systemPort: 8300, udid: emulator-5554}, appium:deviceApiLevel: 32, appium:deviceManufacturer: Google, appium:deviceModel: sdk_gphone64_x86_64, appium:deviceName: emulator-5554, appium:deviceScreenDensity: 320, appium:deviceScreenSize: 720x1280, appium:deviceUDID: emulator-5554, appium:javascriptEnabled: true, appium:locationContextEnabled: false, appium:networkConnectionEnabled: true, appium:pixelRatio: 2, appium:platformVersion: 12, appium:statBarHeight: 48, appium:systemPort: 8300, appium:takesScreenshot: true, appium:udid: emulator-5554, appium:viewportRect: {height: 1200, left: 0, top: 48, width: 720}, appium:warnings: {}, appium:webStorageEnabled: false, platformName: ANDROID}
Session ID: 3198dd1d-9877-44c3-9cd3-29954d4dbbea">
      <![CDATA[org.openqa.selenium.NoSuchElementException: An element could not be located on the page using the given search parameters.
For documentation on this error, please visit: https://selenium.dev/exceptions/#no_such_element
Build info: version: '4.9.1', revision: 'eb2032df7f'
System info: os.name: 'Windows 10', os.arch: 'amd64', os.version: '10.0', java.version: '17.0.5'
Driver info: io.appium.java_client.android.AndroidDriver
Command: [3198dd1d-9877-44c3-9cd3-29954d4dbbea, findElement {using=xpath, value=//android.widget.TextView[@text='Friend2']}]
Capabilities {appium:app: C:\Users\Ensx-pc\eclipse-wo..., appium:appPackage: com.dev.messengerx, appium:autoGrantPermissions: true, appium:automationName: UIAutomator2, appium:databaseEnabled: false, appium:desired: {app: C:\Users\Ensx-pc\eclipse-wo..., autoGrantPermissions: true, automationName: UIAutomator2, platformName: ANDROID, systemPort: 8300, udid: emulator-5554}, appium:deviceApiLevel: 32, appium:deviceManufacturer: Google, appium:deviceModel: sdk_gphone64_x86_64, appium:deviceName: emulator-5554, appium:deviceScreenDensity: 320, appium:deviceScreenSize: 720x1280, appium:deviceUDID: emulator-5554, appium:javascriptEnabled: true, appium:locationContextEnabled: false, appium:networkConnectionEnabled: true, appium:pixelRatio: 2, appium:platformVersion: 12, appium:statBarHeight: 48, appium:systemPort: 8300, appium:takesScreenshot: true, appium:udid: emulator-5554, appium:viewportRect: {height: 1200, left: 0, top: 48, width: 720}, appium:warnings: {}, appium:webStorageEnabled: false, platformName: ANDROID}
Session ID: 3198dd1d-9877-44c3-9cd3-29954d4dbbea
at org.openqa.selenium.remote.codec.w3c.W3CHttpResponseCodec.createException(W3CHttpResponseCodec.java:200)
at org.openqa.selenium.remote.codec.w3c.W3CHttpResponseCodec.decode(W3CHttpResponseCodec.java:133)
at org.openqa.selenium.remote.codec.w3c.W3CHttpResponseCodec.decode(W3CHttpResponseCodec.java:53)
at org.openqa.selenium.remote.HttpCommandExecutor.execute(HttpCommandExecutor.java:193)
at io.appium.java_client.remote.AppiumCommandExecutor.execute(AppiumCommandExecutor.java:262)
at org.openqa.selenium.remote.RemoteWebDriver.execute(RemoteWebDriver.java:543)
at org.openqa.selenium.remote.ElementLocation$ElementFinder$2.findElement(ElementLocation.java:162)
at org.openqa.selenium.remote.ElementLocation.findElement(ElementLocation.java:60)
at org.openqa.selenium.remote.RemoteWebDriver.findElement(RemoteWebDriver.java:352)
at org.openqa.selenium.remote.RemoteWebDriver.findElement(RemoteWebDriver.java:344)
at locators.SingleChatLocators.contact(SingleChatLocators.java:164)
at testcases.ChatTest.shareContact(ChatTest.java:117)
at java.base/java.util.ArrayList.forEach(ArrayList.java:1511)
... Removed 32 stack frames]]>
    </failure>
  </testcase> <!-- shareContact -->
  <testcase classname="testcases.ChatTest" name="captureVideo" time="30.706"/>
  <testcase classname="testcases.ChatTest" name="disappearingMsg" time="33.539"/>
  <testcase classname="testcases.ChatTest" name="disappearingImage" time="101.827"/>
  <testcase classname="testcases.ChatTest" name="sendPendingMsg" time="0.0">
    <skipped/>
  </testcase> <!-- sendPendingMsg -->
  <testcase classname="testcases.ChatErrorValidationsTest" name="selectMoreThan4Images" time="17.719"/>
  <testcase classname="testcases.ChatErrorValidationsTest" name="browseInvalidVideo" time="42.394">
    <failure type="org.openqa.selenium.TimeoutException" message="Expected condition failed: waiting for presence of element located by: By.xpath: //android.widget.Toast[@text=&amp;apos;The file should be less than 50 MB&amp;apos;] (tried for 10 second(s) with 500 milliseconds interval)">
      <![CDATA[org.openqa.selenium.TimeoutException: Expected condition failed: waiting for presence of element located by: By.xpath: //android.widget.Toast[@text='The file should be less than 50 MB'] (tried for 10 second(s) with 500 milliseconds interval)
at org.openqa.selenium.support.ui.WebDriverWait.timeoutException(WebDriverWait.java:87)
at org.openqa.selenium.support.ui.FluentWait.until(FluentWait.java:231)
at basePage.BasePage.waitforElementPresent(BasePage.java:34)
at locators.SingleChatLocators.browseInvalidVid(SingleChatLocators.java:158)
at testcases.ChatErrorValidationsTest.browseInvalidVideo(ChatErrorValidationsTest.java:18)
at java.base/java.util.ArrayList.forEach(ArrayList.java:1511)
Caused by: org.openqa.selenium.NoSuchElementException: An element could not be located on the page using the given search parameters.
For documentation on this error, please visit: https://selenium.dev/exceptions/#no_such_element
Build info: version: '4.9.1', revision: 'eb2032df7f'
System info: os.name: 'Windows 10', os.arch: 'amd64', os.version: '10.0', java.version: '17.0.5'
Driver info: io.appium.java_client.android.AndroidDriver
Command: [3d664bfa-7c49-43f9-a953-157a70c9fe2b, findElement {using=xpath, value=//android.widget.Toast[@text='The file should be less than 50 MB']}]
Capabilities {appium:app: C:\Users\Ensx-pc\eclipse-wo..., appium:appPackage: com.dev.messengerx, appium:autoGrantPermissions: true, appium:automationName: UIAutomator2, appium:databaseEnabled: false, appium:desired: {app: C:\Users\Ensx-pc\eclipse-wo..., autoGrantPermissions: true, automationName: UIAutomator2, platformName: ANDROID, udid: emulator-5554}, appium:deviceApiLevel: 32, appium:deviceManufacturer: Google, appium:deviceModel: sdk_gphone64_x86_64, appium:deviceName: emulator-5554, appium:deviceScreenDensity: 320, appium:deviceScreenSize: 720x1280, appium:deviceUDID: emulator-5554, appium:javascriptEnabled: true, appium:locationContextEnabled: false, appium:networkConnectionEnabled: true, appium:pixelRatio: 2, appium:platformVersion: 12, appium:statBarHeight: 48, appium:takesScreenshot: true, appium:udid: emulator-5554, appium:viewportRect: {height: 1200, left: 0, top: 48, width: 720}, appium:warnings: {}, appium:webStorageEnabled: false, platformName: ANDROID}
Session ID: 3d664bfa-7c49-43f9-a953-157a70c9fe2b
at org.openqa.selenium.remote.codec.w3c.W3CHttpResponseCodec.createException(W3CHttpResponseCodec.java:200)
at org.openqa.selenium.remote.codec.w3c.W3CHttpResponseCodec.decode(W3CHttpResponseCodec.java:133)
at org.openqa.selenium.remote.codec.w3c.W3CHttpResponseCodec.decode(W3CHttpResponseCodec.java:53)
at org.openqa.selenium.remote.HttpCommandExecutor.execute(HttpCommandExecutor.java:193)
at io.appium.java_client.remote.AppiumCommandExecutor.execute(AppiumCommandExecutor.java:262)
at org.openqa.selenium.remote.RemoteWebDriver.execute(RemoteWebDriver.java:543)
at org.openqa.selenium.remote.ElementLocation$ElementFinder$2.findElement(ElementLocation.java:162)
at org.openqa.selenium.remote.ElementLocation.findElement(ElementLocation.java:60)
at org.openqa.selenium.remote.RemoteWebDriver.findElement(RemoteWebDriver.java:352)
at org.openqa.selenium.remote.RemoteWebDriver.findElement(RemoteWebDriver.java:344)
at org.openqa.selenium.support.ui.ExpectedConditions$6.apply(ExpectedConditions.java:174)
at org.openqa.selenium.support.ui.ExpectedConditions$6.apply(ExpectedConditions.java:171)
at org.openqa.selenium.support.ui.FluentWait.until(FluentWait.java:208)
... 31 more
... Removed 32 stack frames]]>
    </failure>
  </testcase> <!-- browseInvalidVideo -->
</testsuite> <!-- Test -->
