<?xml version="1.0" encoding="UTF-8"?>
<testng-results ignored="0" total="40" passed="0" failed="0" skipped="40">
  <reporter-output>
  </reporter-output>
  <suite started-at="2023-06-09T21:13:55 PKT" name="Surefire suite" finished-at="2023-06-09T21:14:54 PKT" duration-ms="58627">
    <groups>
    </groups>
    <test started-at="2023-06-09T21:13:55 PKT" name="Surefire test" finished-at="2023-06-09T21:14:54 PKT" duration-ms="58627">
      <class name="testcases.AddContactTest">
        <test-method is-config="true" signature="configureAppium()[pri:0, instance:testcases.AddContactTest@61df66b6]" started-at="2023-06-09T21:14:54 PKT" name="configureAppium" finished-at="2023-06-09T21:14:54 PKT" duration-ms="0" status="SKIP">
          <reporter-output>
          </reporter-output>
        </test-method> <!-- configureAppium -->
        <test-method signature="addContact(java.util.HashMap)[pri:0, instance:testcases.AddContactTest@61df66b6]" started-at="2023-06-09T21:14:54 PKT" name="addContact" data-provider="getDatafromFile" finished-at="2023-06-09T21:14:54 PKT" duration-ms="0" status="SKIP">
          <params>
            <param index="0">
              <value>
                <![CDATA[{xID=831 056 341, Name=Friend1}]]>
              </value>
            </param>
          </params>
          <exception class="org.openqa.selenium.SessionNotCreatedException">
            <message>
              <![CDATA[Could not start a new session. Response code 500. Message: An unknown server-side error occurred while processing the command. Original error: Device 06081330BT105920 was not in the list of connected devices 
Host info: host: 'DESKTOP-P3MLEV3', ip: '192.168.100.68'
Build info: version: '4.10.0', revision: 'c14d967899'
System info: os.name: 'Windows 10', os.arch: 'amd64', os.version: '10.0', java.version: '19.0.1'
Driver info: io.appium.java_client.android.AndroidDriver
Command: [null, newSession {capabilities=[{appium:systemPort=9000, appium:udid=06081330BT105920, appium:autoGrantPermissions=true, appium:newCommandTimeout=90, platformName=ANDROID, appium:automationName=UIAutomator2, appium:app=C:\Users\Ensx-pc\eclipse-workspace\xPalApp\src\test\java\resources\app-debug.apk}], desiredCapabilities=Capabilities {appium:app: C:\Users\Ensx-pc\eclipse-wo..., appium:autoGrantPermissions: true, appium:automationName: UIAutomator2, appium:newCommandTimeout: 90, appium:systemPort: 9000, appium:udid: 06081330BT105920, platformName: ANDROID}}]
Capabilities {appium:app: C:\Users\Ensx-pc\eclipse-wo..., appium:autoGrantPermissions: true, appium:automationName: UIAutomator2, appium:newCommandTimeout: 90, appium:systemPort: 9000, appium:udid: 06081330BT105920, platformName: ANDROID}]]>
            </message>
            <full-stacktrace>
              <![CDATA[org.openqa.selenium.SessionNotCreatedException: Could not start a new session. Response code 500. Message: An unknown server-side error occurred while processing the command. Original error: Device 06081330BT105920 was not in the list of connected devices 
Host info: host: 'DESKTOP-P3MLEV3', ip: '192.168.100.68'
Build info: version: '4.10.0', revision: 'c14d967899'
System info: os.name: 'Windows 10', os.arch: 'amd64', os.version: '10.0', java.version: '19.0.1'
Driver info: io.appium.java_client.android.AndroidDriver
Command: [null, newSession {capabilities=[{appium:systemPort=9000, appium:udid=06081330BT105920, appium:autoGrantPermissions=true, appium:newCommandTimeout=90, platformName=ANDROID, appium:automationName=UIAutomator2, appium:app=C:\Users\Ensx-pc\eclipse-workspace\xPalApp\src\test\java\resources\app-debug.apk}], desiredCapabilities=Capabilities {appium:app: C:\Users\Ensx-pc\eclipse-wo..., appium:autoGrantPermissions: true, appium:automationName: UIAutomator2, appium:newCommandTimeout: 90, appium:systemPort: 9000, appium:udid: 06081330BT105920, platformName: ANDROID}}]
Capabilities {appium:app: C:\Users\Ensx-pc\eclipse-wo..., appium:autoGrantPermissions: true, appium:automationName: UIAutomator2, appium:newCommandTimeout: 90, appium:systemPort: 9000, appium:udid: 06081330BT105920, platformName: ANDROID}
at org.openqa.selenium.remote.ProtocolHandshake.createSession(ProtocolHandshake.java:140)
at java.base/jdk.internal.reflect.DirectMethodHandleAccessor.invoke(DirectMethodHandleAccessor.java:104)
at java.base/java.lang.reflect.Method.invoke(Method.java:578)
at io.appium.java_client.remote.AppiumProtocolHandshake.createSession(AppiumProtocolHandshake.java:133)
at io.appium.java_client.remote.AppiumProtocolHandshake.createSession(AppiumProtocolHandshake.java:102)
at io.appium.java_client.remote.AppiumCommandExecutor.createSession(AppiumCommandExecutor.java:194)
at io.appium.java_client.remote.AppiumCommandExecutor.execute(AppiumCommandExecutor.java:262)
at org.openqa.selenium.remote.RemoteWebDriver.execute(RemoteWebDriver.java:531)
at io.appium.java_client.AppiumDriver.startSession(AppiumDriver.java:229)
at org.openqa.selenium.remote.RemoteWebDriver.<init>(RemoteWebDriver.java:154)
at io.appium.java_client.AppiumDriver.<init>(AppiumDriver.java:80)
at io.appium.java_client.AppiumDriver.<init>(AppiumDriver.java:92)
at io.appium.java_client.android.AndroidDriver.<init>(AndroidDriver.java:117)
at testcases.VideoCallTest.Setup(VideoCallTest.java:59)
at java.base/jdk.internal.reflect.DirectMethodHandleAccessor.invoke(DirectMethodHandleAccessor.java:104)
at java.base/java.lang.reflect.Method.invoke(Method.java:578)
at org.testng.internal.invokers.MethodInvocationHelper.invokeMethod(MethodInvocationHelper.java:139)
at org.testng.internal.invokers.MethodInvocationHelper.invokeMethodConsideringTimeout(MethodInvocationHelper.java:69)
at org.testng.internal.invokers.ConfigInvoker.invokeConfigurationMethod(ConfigInvoker.java:361)
at org.testng.internal.invokers.ConfigInvoker.invokeConfigurations(ConfigInvoker.java:296)
at org.testng.TestRunner.invokeTestConfigurations(TestRunner.java:644)
at org.testng.TestRunner.beforeRun(TestRunner.java:633)
at org.testng.TestRunner.run(TestRunner.java:595)
at org.testng.SuiteRunner.runTest(SuiteRunner.java:437)
at org.testng.SuiteRunner.runSequentially(SuiteRunner.java:431)
at org.testng.SuiteRunner.privateRun(SuiteRunner.java:391)
at org.testng.SuiteRunner.run(SuiteRunner.java:330)
at org.testng.SuiteRunnerWorker.runSuite(SuiteRunnerWorker.java:52)
at org.testng.SuiteRunnerWorker.run(SuiteRunnerWorker.java:95)
at org.testng.TestNG.runSuitesSequentially(TestNG.java:1256)
at org.testng.TestNG.runSuitesLocally(TestNG.java:1176)
at org.testng.TestNG.runSuites(TestNG.java:1099)
at org.testng.TestNG.run(TestNG.java:1067)
at org.apache.maven.surefire.testng.TestNGExecutor.run(TestNGExecutor.java:155)
at org.apache.maven.surefire.testng.TestNGDirectoryTestSuite.executeMulti(TestNGDirectoryTestSuite.java:169)
at org.apache.maven.surefire.testng.TestNGDirectoryTestSuite.execute(TestNGDirectoryTestSuite.java:88)
at org.apache.maven.surefire.testng.TestNGProvider.invoke(TestNGProvider.java:137)
at org.apache.maven.surefire.booter.ForkedBooter.runSuitesInProcess(ForkedBooter.java:385)
at org.apache.maven.surefire.booter.ForkedBooter.execute(ForkedBooter.java:162)
at org.apache.maven.surefire.booter.ForkedBooter.run(ForkedBooter.java:507)
at org.apache.maven.surefire.booter.ForkedBooter.main(ForkedBooter.java:495)
]]>
            </full-stacktrace>
          </exception> <!-- org.openqa.selenium.SessionNotCreatedException -->
          <reporter-output>
          </reporter-output>
        </test-method> <!-- addContact -->
        <test-method is-config="true" signature="tearDown()[pri:0, instance:testcases.AddContactTest@61df66b6]" started-at="2023-06-09T21:14:54 PKT" name="tearDown" finished-at="2023-06-09T21:14:54 PKT" duration-ms="0" status="SKIP">
          <reporter-output>
          </reporter-output>
        </test-method> <!-- tearDown -->
        <test-method is-config="true" signature="configureAppium()[pri:0, instance:testcases.AddContactTest@61df66b6]" started-at="2023-06-09T21:14:54 PKT" name="configureAppium" finished-at="2023-06-09T21:14:54 PKT" duration-ms="0" status="SKIP">
          <reporter-output>
          </reporter-output>
        </test-method> <!-- configureAppium -->
        <test-method signature="addContact(java.util.HashMap)[pri:0, instance:testcases.AddContactTest@61df66b6]" started-at="2023-06-09T21:14:54 PKT" name="addContact" data-provider="getDatafromFile" finished-at="2023-06-09T21:14:54 PKT" duration-ms="0" status="SKIP">
          <params>
            <param index="0">
              <value>
                <![CDATA[{xID=782 178 023, Name=Friend2}]]>
              </value>
            </param>
          </params>
          <exception class="org.openqa.selenium.SessionNotCreatedException">
            <message>
              <![CDATA[Could not start a new session. Response code 500. Message: An unknown server-side error occurred while processing the command. Original error: Device 06081330BT105920 was not in the list of connected devices 
Host info: host: 'DESKTOP-P3MLEV3', ip: '192.168.100.68'
Build info: version: '4.10.0', revision: 'c14d967899'
System info: os.name: 'Windows 10', os.arch: 'amd64', os.version: '10.0', java.version: '19.0.1'
Driver info: io.appium.java_client.android.AndroidDriver
Command: [null, newSession {capabilities=[{appium:systemPort=9000, appium:udid=06081330BT105920, appium:autoGrantPermissions=true, appium:newCommandTimeout=90, platformName=ANDROID, appium:automationName=UIAutomator2, appium:app=C:\Users\Ensx-pc\eclipse-workspace\xPalApp\src\test\java\resources\app-debug.apk}], desiredCapabilities=Capabilities {appium:app: C:\Users\Ensx-pc\eclipse-wo..., appium:autoGrantPermissions: true, appium:automationName: UIAutomator2, appium:newCommandTimeout: 90, appium:systemPort: 9000, appium:udid: 06081330BT105920, platformName: ANDROID}}]
Capabilities {appium:app: C:\Users\Ensx-pc\eclipse-wo..., appium:autoGrantPermissions: true, appium:automationName: UIAutomator2, appium:newCommandTimeout: 90, appium:systemPort: 9000, appium:udid: 06081330BT105920, platformName: ANDROID}]]>
            </message>
            <full-stacktrace>
              <![CDATA[org.openqa.selenium.SessionNotCreatedException: Could not start a new session. Response code 500. Message: An unknown server-side error occurred while processing the command. Original error: Device 06081330BT105920 was not in the list of connected devices 
Host info: host: 'DESKTOP-P3MLEV3', ip: '192.168.100.68'
Build info: version: '4.10.0', revision: 'c14d967899'
System info: os.name: 'Windows 10', os.arch: 'amd64', os.version: '10.0', java.version: '19.0.1'
Driver info: io.appium.java_client.android.AndroidDriver
Command: [null, newSession {capabilities=[{appium:systemPort=9000, appium:udid=06081330BT105920, appium:autoGrantPermissions=true, appium:newCommandTimeout=90, platformName=ANDROID, appium:automationName=UIAutomator2, appium:app=C:\Users\Ensx-pc\eclipse-workspace\xPalApp\src\test\java\resources\app-debug.apk}], desiredCapabilities=Capabilities {appium:app: C:\Users\Ensx-pc\eclipse-wo..., appium:autoGrantPermissions: true, appium:automationName: UIAutomator2, appium:newCommandTimeout: 90, appium:systemPort: 9000, appium:udid: 06081330BT105920, platformName: ANDROID}}]
Capabilities {appium:app: C:\Users\Ensx-pc\eclipse-wo..., appium:autoGrantPermissions: true, appium:automationName: UIAutomator2, appium:newCommandTimeout: 90, appium:systemPort: 9000, appium:udid: 06081330BT105920, platformName: ANDROID}
at org.openqa.selenium.remote.ProtocolHandshake.createSession(ProtocolHandshake.java:140)
at java.base/jdk.internal.reflect.DirectMethodHandleAccessor.invoke(DirectMethodHandleAccessor.java:104)
at java.base/java.lang.reflect.Method.invoke(Method.java:578)
at io.appium.java_client.remote.AppiumProtocolHandshake.createSession(AppiumProtocolHandshake.java:133)
at io.appium.java_client.remote.AppiumProtocolHandshake.createSession(AppiumProtocolHandshake.java:102)
at io.appium.java_client.remote.AppiumCommandExecutor.createSession(AppiumCommandExecutor.java:194)
at io.appium.java_client.remote.AppiumCommandExecutor.execute(AppiumCommandExecutor.java:262)
at org.openqa.selenium.remote.RemoteWebDriver.execute(RemoteWebDriver.java:531)
at io.appium.java_client.AppiumDriver.startSession(AppiumDriver.java:229)
at org.openqa.selenium.remote.RemoteWebDriver.<init>(RemoteWebDriver.java:154)
at io.appium.java_client.AppiumDriver.<init>(AppiumDriver.java:80)
at io.appium.java_client.AppiumDriver.<init>(AppiumDriver.java:92)
at io.appium.java_client.android.AndroidDriver.<init>(AndroidDriver.java:117)
at testcases.VideoCallTest.Setup(VideoCallTest.java:59)
at java.base/jdk.internal.reflect.DirectMethodHandleAccessor.invoke(DirectMethodHandleAccessor.java:104)
at java.base/java.lang.reflect.Method.invoke(Method.java:578)
at org.testng.internal.invokers.MethodInvocationHelper.invokeMethod(MethodInvocationHelper.java:139)
at org.testng.internal.invokers.MethodInvocationHelper.invokeMethodConsideringTimeout(MethodInvocationHelper.java:69)
at org.testng.internal.invokers.ConfigInvoker.invokeConfigurationMethod(ConfigInvoker.java:361)
at org.testng.internal.invokers.ConfigInvoker.invokeConfigurations(ConfigInvoker.java:296)
at org.testng.TestRunner.invokeTestConfigurations(TestRunner.java:644)
at org.testng.TestRunner.beforeRun(TestRunner.java:633)
at org.testng.TestRunner.run(TestRunner.java:595)
at org.testng.SuiteRunner.runTest(SuiteRunner.java:437)
at org.testng.SuiteRunner.runSequentially(SuiteRunner.java:431)
at org.testng.SuiteRunner.privateRun(SuiteRunner.java:391)
at org.testng.SuiteRunner.run(SuiteRunner.java:330)
at org.testng.SuiteRunnerWorker.runSuite(SuiteRunnerWorker.java:52)
at org.testng.SuiteRunnerWorker.run(SuiteRunnerWorker.java:95)
at org.testng.TestNG.runSuitesSequentially(TestNG.java:1256)
at org.testng.TestNG.runSuitesLocally(TestNG.java:1176)
at org.testng.TestNG.runSuites(TestNG.java:1099)
at org.testng.TestNG.run(TestNG.java:1067)
at org.apache.maven.surefire.testng.TestNGExecutor.run(TestNGExecutor.java:155)
at org.apache.maven.surefire.testng.TestNGDirectoryTestSuite.executeMulti(TestNGDirectoryTestSuite.java:169)
at org.apache.maven.surefire.testng.TestNGDirectoryTestSuite.execute(TestNGDirectoryTestSuite.java:88)
at org.apache.maven.surefire.testng.TestNGProvider.invoke(TestNGProvider.java:137)
at org.apache.maven.surefire.booter.ForkedBooter.runSuitesInProcess(ForkedBooter.java:385)
at org.apache.maven.surefire.booter.ForkedBooter.execute(ForkedBooter.java:162)
at org.apache.maven.surefire.booter.ForkedBooter.run(ForkedBooter.java:507)
at org.apache.maven.surefire.booter.ForkedBooter.main(ForkedBooter.java:495)
]]>
            </full-stacktrace>
          </exception> <!-- org.openqa.selenium.SessionNotCreatedException -->
          <reporter-output>
          </reporter-output>
        </test-method> <!-- addContact -->
        <test-method is-config="true" signature="tearDown()[pri:0, instance:testcases.AddContactTest@61df66b6]" started-at="2023-06-09T21:14:54 PKT" name="tearDown" finished-at="2023-06-09T21:14:54 PKT" duration-ms="0" status="SKIP">
          <reporter-output>
          </reporter-output>
        </test-method> <!-- tearDown -->
      </class> <!-- testcases.AddContactTest -->
      <class name="testcases.InviteLinkTest">
        <test-method is-config="true" signature="configureAppium()[pri:0, instance:testcases.InviteLinkTest@333291e3]" started-at="2023-06-09T21:14:54 PKT" name="configureAppium" finished-at="2023-06-09T21:14:54 PKT" duration-ms="0" status="SKIP">
          <reporter-output>
          </reporter-output>
        </test-method> <!-- configureAppium -->
        <test-method signature="generateLink()[pri:3, instance:testcases.InviteLinkTest@333291e3]" started-at="2023-06-09T21:14:54 PKT" name="generateLink" finished-at="2023-06-09T21:14:54 PKT" duration-ms="0" status="SKIP">
          <exception class="org.openqa.selenium.SessionNotCreatedException">
            <message>
              <![CDATA[Could not start a new session. Response code 500. Message: An unknown server-side error occurred while processing the command. Original error: Device 06081330BT105920 was not in the list of connected devices 
Host info: host: 'DESKTOP-P3MLEV3', ip: '192.168.100.68'
Build info: version: '4.10.0', revision: 'c14d967899'
System info: os.name: 'Windows 10', os.arch: 'amd64', os.version: '10.0', java.version: '19.0.1'
Driver info: io.appium.java_client.android.AndroidDriver
Command: [null, newSession {capabilities=[{appium:systemPort=9000, appium:udid=06081330BT105920, appium:autoGrantPermissions=true, appium:newCommandTimeout=90, platformName=ANDROID, appium:automationName=UIAutomator2, appium:app=C:\Users\Ensx-pc\eclipse-workspace\xPalApp\src\test\java\resources\app-debug.apk}], desiredCapabilities=Capabilities {appium:app: C:\Users\Ensx-pc\eclipse-wo..., appium:autoGrantPermissions: true, appium:automationName: UIAutomator2, appium:newCommandTimeout: 90, appium:systemPort: 9000, appium:udid: 06081330BT105920, platformName: ANDROID}}]
Capabilities {appium:app: C:\Users\Ensx-pc\eclipse-wo..., appium:autoGrantPermissions: true, appium:automationName: UIAutomator2, appium:newCommandTimeout: 90, appium:systemPort: 9000, appium:udid: 06081330BT105920, platformName: ANDROID}]]>
            </message>
            <full-stacktrace>
              <![CDATA[org.openqa.selenium.SessionNotCreatedException: Could not start a new session. Response code 500. Message: An unknown server-side error occurred while processing the command. Original error: Device 06081330BT105920 was not in the list of connected devices 
Host info: host: 'DESKTOP-P3MLEV3', ip: '192.168.100.68'
Build info: version: '4.10.0', revision: 'c14d967899'
System info: os.name: 'Windows 10', os.arch: 'amd64', os.version: '10.0', java.version: '19.0.1'
Driver info: io.appium.java_client.android.AndroidDriver
Command: [null, newSession {capabilities=[{appium:systemPort=9000, appium:udid=06081330BT105920, appium:autoGrantPermissions=true, appium:newCommandTimeout=90, platformName=ANDROID, appium:automationName=UIAutomator2, appium:app=C:\Users\Ensx-pc\eclipse-workspace\xPalApp\src\test\java\resources\app-debug.apk}], desiredCapabilities=Capabilities {appium:app: C:\Users\Ensx-pc\eclipse-wo..., appium:autoGrantPermissions: true, appium:automationName: UIAutomator2, appium:newCommandTimeout: 90, appium:systemPort: 9000, appium:udid: 06081330BT105920, platformName: ANDROID}}]
Capabilities {appium:app: C:\Users\Ensx-pc\eclipse-wo..., appium:autoGrantPermissions: true, appium:automationName: UIAutomator2, appium:newCommandTimeout: 90, appium:systemPort: 9000, appium:udid: 06081330BT105920, platformName: ANDROID}
at org.openqa.selenium.remote.ProtocolHandshake.createSession(ProtocolHandshake.java:140)
at java.base/jdk.internal.reflect.DirectMethodHandleAccessor.invoke(DirectMethodHandleAccessor.java:104)
at java.base/java.lang.reflect.Method.invoke(Method.java:578)
at io.appium.java_client.remote.AppiumProtocolHandshake.createSession(AppiumProtocolHandshake.java:133)
at io.appium.java_client.remote.AppiumProtocolHandshake.createSession(AppiumProtocolHandshake.java:102)
at io.appium.java_client.remote.AppiumCommandExecutor.createSession(AppiumCommandExecutor.java:194)
at io.appium.java_client.remote.AppiumCommandExecutor.execute(AppiumCommandExecutor.java:262)
at org.openqa.selenium.remote.RemoteWebDriver.execute(RemoteWebDriver.java:531)
at io.appium.java_client.AppiumDriver.startSession(AppiumDriver.java:229)
at org.openqa.selenium.remote.RemoteWebDriver.<init>(RemoteWebDriver.java:154)
at io.appium.java_client.AppiumDriver.<init>(AppiumDriver.java:80)
at io.appium.java_client.AppiumDriver.<init>(AppiumDriver.java:92)
at io.appium.java_client.android.AndroidDriver.<init>(AndroidDriver.java:117)
at testcases.VideoCallTest.Setup(VideoCallTest.java:59)
at java.base/jdk.internal.reflect.DirectMethodHandleAccessor.invoke(DirectMethodHandleAccessor.java:104)
at java.base/java.lang.reflect.Method.invoke(Method.java:578)
at org.testng.internal.invokers.MethodInvocationHelper.invokeMethod(MethodInvocationHelper.java:139)
at org.testng.internal.invokers.MethodInvocationHelper.invokeMethodConsideringTimeout(MethodInvocationHelper.java:69)
at org.testng.internal.invokers.ConfigInvoker.invokeConfigurationMethod(ConfigInvoker.java:361)
at org.testng.internal.invokers.ConfigInvoker.invokeConfigurations(ConfigInvoker.java:296)
at org.testng.TestRunner.invokeTestConfigurations(TestRunner.java:644)
at org.testng.TestRunner.beforeRun(TestRunner.java:633)
at org.testng.TestRunner.run(TestRunner.java:595)
at org.testng.SuiteRunner.runTest(SuiteRunner.java:437)
at org.testng.SuiteRunner.runSequentially(SuiteRunner.java:431)
at org.testng.SuiteRunner.privateRun(SuiteRunner.java:391)
at org.testng.SuiteRunner.run(SuiteRunner.java:330)
at org.testng.SuiteRunnerWorker.runSuite(SuiteRunnerWorker.java:52)
at org.testng.SuiteRunnerWorker.run(SuiteRunnerWorker.java:95)
at org.testng.TestNG.runSuitesSequentially(TestNG.java:1256)
at org.testng.TestNG.runSuitesLocally(TestNG.java:1176)
at org.testng.TestNG.runSuites(TestNG.java:1099)
at org.testng.TestNG.run(TestNG.java:1067)
at org.apache.maven.surefire.testng.TestNGExecutor.run(TestNGExecutor.java:155)
at org.apache.maven.surefire.testng.TestNGDirectoryTestSuite.executeMulti(TestNGDirectoryTestSuite.java:169)
at org.apache.maven.surefire.testng.TestNGDirectoryTestSuite.execute(TestNGDirectoryTestSuite.java:88)
at org.apache.maven.surefire.testng.TestNGProvider.invoke(TestNGProvider.java:137)
at org.apache.maven.surefire.booter.ForkedBooter.runSuitesInProcess(ForkedBooter.java:385)
at org.apache.maven.surefire.booter.ForkedBooter.execute(ForkedBooter.java:162)
at org.apache.maven.surefire.booter.ForkedBooter.run(ForkedBooter.java:507)
at org.apache.maven.surefire.booter.ForkedBooter.main(ForkedBooter.java:495)
]]>
            </full-stacktrace>
          </exception> <!-- org.openqa.selenium.SessionNotCreatedException -->
          <reporter-output>
          </reporter-output>
        </test-method> <!-- generateLink -->
        <test-method is-config="true" signature="tearDown()[pri:0, instance:testcases.InviteLinkTest@333291e3]" started-at="2023-06-09T21:14:54 PKT" name="tearDown" finished-at="2023-06-09T21:14:54 PKT" duration-ms="0" status="SKIP">
          <reporter-output>
          </reporter-output>
        </test-method> <!-- tearDown -->
      </class> <!-- testcases.InviteLinkTest -->
      <class name="testcases.VideoCallTest">
        <test-method is-config="true" signature="Setup()[pri:0, instance:testcases.VideoCallTest@123ef382]" started-at="2023-06-09T21:13:55 PKT" name="Setup" finished-at="2023-06-09T21:14:54 PKT" duration-ms="58136" status="FAIL">
          <exception class="org.openqa.selenium.SessionNotCreatedException">
            <message>
              <![CDATA[Could not start a new session. Response code 500. Message: An unknown server-side error occurred while processing the command. Original error: Device 06081330BT105920 was not in the list of connected devices 
Host info: host: 'DESKTOP-P3MLEV3', ip: '192.168.100.68'
Build info: version: '4.10.0', revision: 'c14d967899'
System info: os.name: 'Windows 10', os.arch: 'amd64', os.version: '10.0', java.version: '19.0.1'
Driver info: io.appium.java_client.android.AndroidDriver
Command: [null, newSession {capabilities=[{appium:systemPort=9000, appium:udid=06081330BT105920, appium:autoGrantPermissions=true, appium:newCommandTimeout=90, platformName=ANDROID, appium:automationName=UIAutomator2, appium:app=C:\Users\Ensx-pc\eclipse-workspace\xPalApp\src\test\java\resources\app-debug.apk}], desiredCapabilities=Capabilities {appium:app: C:\Users\Ensx-pc\eclipse-wo..., appium:autoGrantPermissions: true, appium:automationName: UIAutomator2, appium:newCommandTimeout: 90, appium:systemPort: 9000, appium:udid: 06081330BT105920, platformName: ANDROID}}]
Capabilities {appium:app: C:\Users\Ensx-pc\eclipse-wo..., appium:autoGrantPermissions: true, appium:automationName: UIAutomator2, appium:newCommandTimeout: 90, appium:systemPort: 9000, appium:udid: 06081330BT105920, platformName: ANDROID}]]>
            </message>
            <full-stacktrace>
              <![CDATA[org.openqa.selenium.SessionNotCreatedException: Could not start a new session. Response code 500. Message: An unknown server-side error occurred while processing the command. Original error: Device 06081330BT105920 was not in the list of connected devices 
Host info: host: 'DESKTOP-P3MLEV3', ip: '192.168.100.68'
Build info: version: '4.10.0', revision: 'c14d967899'
System info: os.name: 'Windows 10', os.arch: 'amd64', os.version: '10.0', java.version: '19.0.1'
Driver info: io.appium.java_client.android.AndroidDriver
Command: [null, newSession {capabilities=[{appium:systemPort=9000, appium:udid=06081330BT105920, appium:autoGrantPermissions=true, appium:newCommandTimeout=90, platformName=ANDROID, appium:automationName=UIAutomator2, appium:app=C:\Users\Ensx-pc\eclipse-workspace\xPalApp\src\test\java\resources\app-debug.apk}], desiredCapabilities=Capabilities {appium:app: C:\Users\Ensx-pc\eclipse-wo..., appium:autoGrantPermissions: true, appium:automationName: UIAutomator2, appium:newCommandTimeout: 90, appium:systemPort: 9000, appium:udid: 06081330BT105920, platformName: ANDROID}}]
Capabilities {appium:app: C:\Users\Ensx-pc\eclipse-wo..., appium:autoGrantPermissions: true, appium:automationName: UIAutomator2, appium:newCommandTimeout: 90, appium:systemPort: 9000, appium:udid: 06081330BT105920, platformName: ANDROID}
at org.openqa.selenium.remote.ProtocolHandshake.createSession(ProtocolHandshake.java:140)
at java.base/jdk.internal.reflect.DirectMethodHandleAccessor.invoke(DirectMethodHandleAccessor.java:104)
at java.base/java.lang.reflect.Method.invoke(Method.java:578)
at io.appium.java_client.remote.AppiumProtocolHandshake.createSession(AppiumProtocolHandshake.java:133)
at io.appium.java_client.remote.AppiumProtocolHandshake.createSession(AppiumProtocolHandshake.java:102)
at io.appium.java_client.remote.AppiumCommandExecutor.createSession(AppiumCommandExecutor.java:194)
at io.appium.java_client.remote.AppiumCommandExecutor.execute(AppiumCommandExecutor.java:262)
at org.openqa.selenium.remote.RemoteWebDriver.execute(RemoteWebDriver.java:531)
at io.appium.java_client.AppiumDriver.startSession(AppiumDriver.java:229)
at org.openqa.selenium.remote.RemoteWebDriver.<init>(RemoteWebDriver.java:154)
at io.appium.java_client.AppiumDriver.<init>(AppiumDriver.java:80)
at io.appium.java_client.AppiumDriver.<init>(AppiumDriver.java:92)
at io.appium.java_client.android.AndroidDriver.<init>(AndroidDriver.java:117)
at testcases.VideoCallTest.Setup(VideoCallTest.java:59)
at java.base/jdk.internal.reflect.DirectMethodHandleAccessor.invoke(DirectMethodHandleAccessor.java:104)
at java.base/java.lang.reflect.Method.invoke(Method.java:578)
at org.testng.internal.invokers.MethodInvocationHelper.invokeMethod(MethodInvocationHelper.java:139)
at org.testng.internal.invokers.MethodInvocationHelper.invokeMethodConsideringTimeout(MethodInvocationHelper.java:69)
at org.testng.internal.invokers.ConfigInvoker.invokeConfigurationMethod(ConfigInvoker.java:361)
at org.testng.internal.invokers.ConfigInvoker.invokeConfigurations(ConfigInvoker.java:296)
at org.testng.TestRunner.invokeTestConfigurations(TestRunner.java:644)
at org.testng.TestRunner.beforeRun(TestRunner.java:633)
at org.testng.TestRunner.run(TestRunner.java:595)
at org.testng.SuiteRunner.runTest(SuiteRunner.java:437)
at org.testng.SuiteRunner.runSequentially(SuiteRunner.java:431)
at org.testng.SuiteRunner.privateRun(SuiteRunner.java:391)
at org.testng.SuiteRunner.run(SuiteRunner.java:330)
at org.testng.SuiteRunnerWorker.runSuite(SuiteRunnerWorker.java:52)
at org.testng.SuiteRunnerWorker.run(SuiteRunnerWorker.java:95)
at org.testng.TestNG.runSuitesSequentially(TestNG.java:1256)
at org.testng.TestNG.runSuitesLocally(TestNG.java:1176)
at org.testng.TestNG.runSuites(TestNG.java:1099)
at org.testng.TestNG.run(TestNG.java:1067)
at org.apache.maven.surefire.testng.TestNGExecutor.run(TestNGExecutor.java:155)
at org.apache.maven.surefire.testng.TestNGDirectoryTestSuite.executeMulti(TestNGDirectoryTestSuite.java:169)
at org.apache.maven.surefire.testng.TestNGDirectoryTestSuite.execute(TestNGDirectoryTestSuite.java:88)
at org.apache.maven.surefire.testng.TestNGProvider.invoke(TestNGProvider.java:137)
at org.apache.maven.surefire.booter.ForkedBooter.runSuitesInProcess(ForkedBooter.java:385)
at org.apache.maven.surefire.booter.ForkedBooter.execute(ForkedBooter.java:162)
at org.apache.maven.surefire.booter.ForkedBooter.run(ForkedBooter.java:507)
at org.apache.maven.surefire.booter.ForkedBooter.main(ForkedBooter.java:495)
]]>
            </full-stacktrace>
          </exception> <!-- org.openqa.selenium.SessionNotCreatedException -->
          <reporter-output>
          </reporter-output>
        </test-method> <!-- Setup -->
        <test-method signature="videoCall()[pri:0, instance:testcases.VideoCallTest@123ef382]" started-at="2023-06-09T21:14:54 PKT" name="videoCall" finished-at="2023-06-09T21:14:54 PKT" duration-ms="0" status="SKIP">
          <exception class="org.openqa.selenium.SessionNotCreatedException">
            <message>
              <![CDATA[Could not start a new session. Response code 500. Message: An unknown server-side error occurred while processing the command. Original error: Device 06081330BT105920 was not in the list of connected devices 
Host info: host: 'DESKTOP-P3MLEV3', ip: '192.168.100.68'
Build info: version: '4.10.0', revision: 'c14d967899'
System info: os.name: 'Windows 10', os.arch: 'amd64', os.version: '10.0', java.version: '19.0.1'
Driver info: io.appium.java_client.android.AndroidDriver
Command: [null, newSession {capabilities=[{appium:systemPort=9000, appium:udid=06081330BT105920, appium:autoGrantPermissions=true, appium:newCommandTimeout=90, platformName=ANDROID, appium:automationName=UIAutomator2, appium:app=C:\Users\Ensx-pc\eclipse-workspace\xPalApp\src\test\java\resources\app-debug.apk}], desiredCapabilities=Capabilities {appium:app: C:\Users\Ensx-pc\eclipse-wo..., appium:autoGrantPermissions: true, appium:automationName: UIAutomator2, appium:newCommandTimeout: 90, appium:systemPort: 9000, appium:udid: 06081330BT105920, platformName: ANDROID}}]
Capabilities {appium:app: C:\Users\Ensx-pc\eclipse-wo..., appium:autoGrantPermissions: true, appium:automationName: UIAutomator2, appium:newCommandTimeout: 90, appium:systemPort: 9000, appium:udid: 06081330BT105920, platformName: ANDROID}]]>
            </message>
            <full-stacktrace>
              <![CDATA[org.openqa.selenium.SessionNotCreatedException: Could not start a new session. Response code 500. Message: An unknown server-side error occurred while processing the command. Original error: Device 06081330BT105920 was not in the list of connected devices 
Host info: host: 'DESKTOP-P3MLEV3', ip: '192.168.100.68'
Build info: version: '4.10.0', revision: 'c14d967899'
System info: os.name: 'Windows 10', os.arch: 'amd64', os.version: '10.0', java.version: '19.0.1'
Driver info: io.appium.java_client.android.AndroidDriver
Command: [null, newSession {capabilities=[{appium:systemPort=9000, appium:udid=06081330BT105920, appium:autoGrantPermissions=true, appium:newCommandTimeout=90, platformName=ANDROID, appium:automationName=UIAutomator2, appium:app=C:\Users\Ensx-pc\eclipse-workspace\xPalApp\src\test\java\resources\app-debug.apk}], desiredCapabilities=Capabilities {appium:app: C:\Users\Ensx-pc\eclipse-wo..., appium:autoGrantPermissions: true, appium:automationName: UIAutomator2, appium:newCommandTimeout: 90, appium:systemPort: 9000, appium:udid: 06081330BT105920, platformName: ANDROID}}]
Capabilities {appium:app: C:\Users\Ensx-pc\eclipse-wo..., appium:autoGrantPermissions: true, appium:automationName: UIAutomator2, appium:newCommandTimeout: 90, appium:systemPort: 9000, appium:udid: 06081330BT105920, platformName: ANDROID}
at org.openqa.selenium.remote.ProtocolHandshake.createSession(ProtocolHandshake.java:140)
at java.base/jdk.internal.reflect.DirectMethodHandleAccessor.invoke(DirectMethodHandleAccessor.java:104)
at java.base/java.lang.reflect.Method.invoke(Method.java:578)
at io.appium.java_client.remote.AppiumProtocolHandshake.createSession(AppiumProtocolHandshake.java:133)
at io.appium.java_client.remote.AppiumProtocolHandshake.createSession(AppiumProtocolHandshake.java:102)
at io.appium.java_client.remote.AppiumCommandExecutor.createSession(AppiumCommandExecutor.java:194)
at io.appium.java_client.remote.AppiumCommandExecutor.execute(AppiumCommandExecutor.java:262)
at org.openqa.selenium.remote.RemoteWebDriver.execute(RemoteWebDriver.java:531)
at io.appium.java_client.AppiumDriver.startSession(AppiumDriver.java:229)
at org.openqa.selenium.remote.RemoteWebDriver.<init>(RemoteWebDriver.java:154)
at io.appium.java_client.AppiumDriver.<init>(AppiumDriver.java:80)
at io.appium.java_client.AppiumDriver.<init>(AppiumDriver.java:92)
at io.appium.java_client.android.AndroidDriver.<init>(AndroidDriver.java:117)
at testcases.VideoCallTest.Setup(VideoCallTest.java:59)
at java.base/jdk.internal.reflect.DirectMethodHandleAccessor.invoke(DirectMethodHandleAccessor.java:104)
at java.base/java.lang.reflect.Method.invoke(Method.java:578)
at org.testng.internal.invokers.MethodInvocationHelper.invokeMethod(MethodInvocationHelper.java:139)
at org.testng.internal.invokers.MethodInvocationHelper.invokeMethodConsideringTimeout(MethodInvocationHelper.java:69)
at org.testng.internal.invokers.ConfigInvoker.invokeConfigurationMethod(ConfigInvoker.java:361)
at org.testng.internal.invokers.ConfigInvoker.invokeConfigurations(ConfigInvoker.java:296)
at org.testng.TestRunner.invokeTestConfigurations(TestRunner.java:644)
at org.testng.TestRunner.beforeRun(TestRunner.java:633)
at org.testng.TestRunner.run(TestRunner.java:595)
at org.testng.SuiteRunner.runTest(SuiteRunner.java:437)
at org.testng.SuiteRunner.runSequentially(SuiteRunner.java:431)
at org.testng.SuiteRunner.privateRun(SuiteRunner.java:391)
at org.testng.SuiteRunner.run(SuiteRunner.java:330)
at org.testng.SuiteRunnerWorker.runSuite(SuiteRunnerWorker.java:52)
at org.testng.SuiteRunnerWorker.run(SuiteRunnerWorker.java:95)
at org.testng.TestNG.runSuitesSequentially(TestNG.java:1256)
at org.testng.TestNG.runSuitesLocally(TestNG.java:1176)
at org.testng.TestNG.runSuites(TestNG.java:1099)
at org.testng.TestNG.run(TestNG.java:1067)
at org.apache.maven.surefire.testng.TestNGExecutor.run(TestNGExecutor.java:155)
at org.apache.maven.surefire.testng.TestNGDirectoryTestSuite.executeMulti(TestNGDirectoryTestSuite.java:169)
at org.apache.maven.surefire.testng.TestNGDirectoryTestSuite.execute(TestNGDirectoryTestSuite.java:88)
at org.apache.maven.surefire.testng.TestNGProvider.invoke(TestNGProvider.java:137)
at org.apache.maven.surefire.booter.ForkedBooter.runSuitesInProcess(ForkedBooter.java:385)
at org.apache.maven.surefire.booter.ForkedBooter.execute(ForkedBooter.java:162)
at org.apache.maven.surefire.booter.ForkedBooter.run(ForkedBooter.java:507)
at org.apache.maven.surefire.booter.ForkedBooter.main(ForkedBooter.java:495)
]]>
            </full-stacktrace>
          </exception> <!-- org.openqa.selenium.SessionNotCreatedException -->
          <reporter-output>
          </reporter-output>
        </test-method> <!-- videoCall -->
        <test-method signature="videoCallDuration()[pri:0, instance:testcases.VideoCallTest@123ef382]" started-at="2023-06-09T21:14:54 PKT" name="videoCallDuration" finished-at="2023-06-09T21:14:54 PKT" depends-on-methods="testcases.VideoCallTest.videoCall" duration-ms="0" status="SKIP">
          <exception class="java.lang.Throwable">
            <message>
              <![CDATA[Method testcases.VideoCallTest.videoCallDuration() on instance testcases.VideoCallTest@123ef382 depends on not successfully finished methods 
[testcases.VideoCallTest.videoCall() on instance testcases.VideoCallTest@123ef382]]]>
            </message>
            <full-stacktrace>
              <![CDATA[java.lang.Throwable: Method testcases.VideoCallTest.videoCallDuration() on instance testcases.VideoCallTest@123ef382 depends on not successfully finished methods 
[testcases.VideoCallTest.videoCall() on instance testcases.VideoCallTest@123ef382]
at org.testng.internal.invokers.TestInvoker.invokeTestMethods(TestInvoker.java:150)
at org.testng.internal.invokers.TestMethodWorker.invokeTestMethods(TestMethodWorker.java:148)
at org.testng.internal.invokers.TestMethodWorker.run(TestMethodWorker.java:128)
at java.base/java.util.ArrayList.forEach(ArrayList.java:1511)
at org.testng.TestRunner.privateRun(TestRunner.java:829)
at org.testng.TestRunner.run(TestRunner.java:602)
at org.testng.SuiteRunner.runTest(SuiteRunner.java:437)
at org.testng.SuiteRunner.runSequentially(SuiteRunner.java:431)
at org.testng.SuiteRunner.privateRun(SuiteRunner.java:391)
at org.testng.SuiteRunner.run(SuiteRunner.java:330)
at org.testng.SuiteRunnerWorker.runSuite(SuiteRunnerWorker.java:52)
at org.testng.SuiteRunnerWorker.run(SuiteRunnerWorker.java:95)
at org.testng.TestNG.runSuitesSequentially(TestNG.java:1256)
at org.testng.TestNG.runSuitesLocally(TestNG.java:1176)
at org.testng.TestNG.runSuites(TestNG.java:1099)
at org.testng.TestNG.run(TestNG.java:1067)
at org.apache.maven.surefire.testng.TestNGExecutor.run(TestNGExecutor.java:155)
at org.apache.maven.surefire.testng.TestNGDirectoryTestSuite.executeMulti(TestNGDirectoryTestSuite.java:169)
at org.apache.maven.surefire.testng.TestNGDirectoryTestSuite.execute(TestNGDirectoryTestSuite.java:88)
at org.apache.maven.surefire.testng.TestNGProvider.invoke(TestNGProvider.java:137)
at org.apache.maven.surefire.booter.ForkedBooter.runSuitesInProcess(ForkedBooter.java:385)
at org.apache.maven.surefire.booter.ForkedBooter.execute(ForkedBooter.java:162)
at org.apache.maven.surefire.booter.ForkedBooter.run(ForkedBooter.java:507)
at org.apache.maven.surefire.booter.ForkedBooter.main(ForkedBooter.java:495)
]]>
            </full-stacktrace>
          </exception> <!-- java.lang.Throwable -->
          <reporter-output>
          </reporter-output>
        </test-method> <!-- videoCallDuration -->
        <test-method is-config="true" signature="quitDrivers()[pri:0, instance:testcases.VideoCallTest@123ef382]" started-at="2023-06-09T21:14:54 PKT" name="quitDrivers" finished-at="2023-06-09T21:14:54 PKT" duration-ms="0" status="SKIP">
          <reporter-output>
          </reporter-output>
        </test-method> <!-- quitDrivers -->
      </class> <!-- testcases.VideoCallTest -->
      <class name="testcases.SignOutTest">
        <test-method is-config="true" signature="configureAppium()[pri:0, instance:testcases.SignOutTest@f5ac9e4]" started-at="2023-06-09T21:14:54 PKT" name="configureAppium" finished-at="2023-06-09T21:14:54 PKT" duration-ms="0" status="SKIP">
          <reporter-output>
          </reporter-output>
        </test-method> <!-- configureAppium -->
        <test-method signature="signOut()[pri:0, instance:testcases.SignOutTest@f5ac9e4]" started-at="2023-06-09T21:14:54 PKT" name="signOut" finished-at="2023-06-09T21:14:54 PKT" duration-ms="0" status="SKIP">
          <exception class="org.openqa.selenium.SessionNotCreatedException">
            <message>
              <![CDATA[Could not start a new session. Response code 500. Message: An unknown server-side error occurred while processing the command. Original error: Device 06081330BT105920 was not in the list of connected devices 
Host info: host: 'DESKTOP-P3MLEV3', ip: '192.168.100.68'
Build info: version: '4.10.0', revision: 'c14d967899'
System info: os.name: 'Windows 10', os.arch: 'amd64', os.version: '10.0', java.version: '19.0.1'
Driver info: io.appium.java_client.android.AndroidDriver
Command: [null, newSession {capabilities=[{appium:systemPort=9000, appium:udid=06081330BT105920, appium:autoGrantPermissions=true, appium:newCommandTimeout=90, platformName=ANDROID, appium:automationName=UIAutomator2, appium:app=C:\Users\Ensx-pc\eclipse-workspace\xPalApp\src\test\java\resources\app-debug.apk}], desiredCapabilities=Capabilities {appium:app: C:\Users\Ensx-pc\eclipse-wo..., appium:autoGrantPermissions: true, appium:automationName: UIAutomator2, appium:newCommandTimeout: 90, appium:systemPort: 9000, appium:udid: 06081330BT105920, platformName: ANDROID}}]
Capabilities {appium:app: C:\Users\Ensx-pc\eclipse-wo..., appium:autoGrantPermissions: true, appium:automationName: UIAutomator2, appium:newCommandTimeout: 90, appium:systemPort: 9000, appium:udid: 06081330BT105920, platformName: ANDROID}]]>
            </message>
            <full-stacktrace>
              <![CDATA[org.openqa.selenium.SessionNotCreatedException: Could not start a new session. Response code 500. Message: An unknown server-side error occurred while processing the command. Original error: Device 06081330BT105920 was not in the list of connected devices 
Host info: host: 'DESKTOP-P3MLEV3', ip: '192.168.100.68'
Build info: version: '4.10.0', revision: 'c14d967899'
System info: os.name: 'Windows 10', os.arch: 'amd64', os.version: '10.0', java.version: '19.0.1'
Driver info: io.appium.java_client.android.AndroidDriver
Command: [null, newSession {capabilities=[{appium:systemPort=9000, appium:udid=06081330BT105920, appium:autoGrantPermissions=true, appium:newCommandTimeout=90, platformName=ANDROID, appium:automationName=UIAutomator2, appium:app=C:\Users\Ensx-pc\eclipse-workspace\xPalApp\src\test\java\resources\app-debug.apk}], desiredCapabilities=Capabilities {appium:app: C:\Users\Ensx-pc\eclipse-wo..., appium:autoGrantPermissions: true, appium:automationName: UIAutomator2, appium:newCommandTimeout: 90, appium:systemPort: 9000, appium:udid: 06081330BT105920, platformName: ANDROID}}]
Capabilities {appium:app: C:\Users\Ensx-pc\eclipse-wo..., appium:autoGrantPermissions: true, appium:automationName: UIAutomator2, appium:newCommandTimeout: 90, appium:systemPort: 9000, appium:udid: 06081330BT105920, platformName: ANDROID}
at org.openqa.selenium.remote.ProtocolHandshake.createSession(ProtocolHandshake.java:140)
at java.base/jdk.internal.reflect.DirectMethodHandleAccessor.invoke(DirectMethodHandleAccessor.java:104)
at java.base/java.lang.reflect.Method.invoke(Method.java:578)
at io.appium.java_client.remote.AppiumProtocolHandshake.createSession(AppiumProtocolHandshake.java:133)
at io.appium.java_client.remote.AppiumProtocolHandshake.createSession(AppiumProtocolHandshake.java:102)
at io.appium.java_client.remote.AppiumCommandExecutor.createSession(AppiumCommandExecutor.java:194)
at io.appium.java_client.remote.AppiumCommandExecutor.execute(AppiumCommandExecutor.java:262)
at org.openqa.selenium.remote.RemoteWebDriver.execute(RemoteWebDriver.java:531)
at io.appium.java_client.AppiumDriver.startSession(AppiumDriver.java:229)
at org.openqa.selenium.remote.RemoteWebDriver.<init>(RemoteWebDriver.java:154)
at io.appium.java_client.AppiumDriver.<init>(AppiumDriver.java:80)
at io.appium.java_client.AppiumDriver.<init>(AppiumDriver.java:92)
at io.appium.java_client.android.AndroidDriver.<init>(AndroidDriver.java:117)
at testcases.VideoCallTest.Setup(VideoCallTest.java:59)
at java.base/jdk.internal.reflect.DirectMethodHandleAccessor.invoke(DirectMethodHandleAccessor.java:104)
at java.base/java.lang.reflect.Method.invoke(Method.java:578)
at org.testng.internal.invokers.MethodInvocationHelper.invokeMethod(MethodInvocationHelper.java:139)
at org.testng.internal.invokers.MethodInvocationHelper.invokeMethodConsideringTimeout(MethodInvocationHelper.java:69)
at org.testng.internal.invokers.ConfigInvoker.invokeConfigurationMethod(ConfigInvoker.java:361)
at org.testng.internal.invokers.ConfigInvoker.invokeConfigurations(ConfigInvoker.java:296)
at org.testng.TestRunner.invokeTestConfigurations(TestRunner.java:644)
at org.testng.TestRunner.beforeRun(TestRunner.java:633)
at org.testng.TestRunner.run(TestRunner.java:595)
at org.testng.SuiteRunner.runTest(SuiteRunner.java:437)
at org.testng.SuiteRunner.runSequentially(SuiteRunner.java:431)
at org.testng.SuiteRunner.privateRun(SuiteRunner.java:391)
at org.testng.SuiteRunner.run(SuiteRunner.java:330)
at org.testng.SuiteRunnerWorker.runSuite(SuiteRunnerWorker.java:52)
at org.testng.SuiteRunnerWorker.run(SuiteRunnerWorker.java:95)
at org.testng.TestNG.runSuitesSequentially(TestNG.java:1256)
at org.testng.TestNG.runSuitesLocally(TestNG.java:1176)
at org.testng.TestNG.runSuites(TestNG.java:1099)
at org.testng.TestNG.run(TestNG.java:1067)
at org.apache.maven.surefire.testng.TestNGExecutor.run(TestNGExecutor.java:155)
at org.apache.maven.surefire.testng.TestNGDirectoryTestSuite.executeMulti(TestNGDirectoryTestSuite.java:169)
at org.apache.maven.surefire.testng.TestNGDirectoryTestSuite.execute(TestNGDirectoryTestSuite.java:88)
at org.apache.maven.surefire.testng.TestNGProvider.invoke(TestNGProvider.java:137)
at org.apache.maven.surefire.booter.ForkedBooter.runSuitesInProcess(ForkedBooter.java:385)
at org.apache.maven.surefire.booter.ForkedBooter.execute(ForkedBooter.java:162)
at org.apache.maven.surefire.booter.ForkedBooter.run(ForkedBooter.java:507)
at org.apache.maven.surefire.booter.ForkedBooter.main(ForkedBooter.java:495)
]]>
            </full-stacktrace>
          </exception> <!-- org.openqa.selenium.SessionNotCreatedException -->
          <reporter-output>
          </reporter-output>
        </test-method> <!-- signOut -->
        <test-method is-config="true" signature="tearDown()[pri:0, instance:testcases.SignOutTest@f5ac9e4]" started-at="2023-06-09T21:14:54 PKT" name="tearDown" finished-at="2023-06-09T21:14:54 PKT" duration-ms="0" status="SKIP">
          <reporter-output>
          </reporter-output>
        </test-method> <!-- tearDown -->
        <test-method signature="switchAccount()[pri:0, instance:testcases.SignOutTest@f5ac9e4]" started-at="2023-06-09T21:14:54 PKT" name="switchAccount" finished-at="2023-06-09T21:14:54 PKT" duration-ms="0" status="SKIP">
          <exception class="org.openqa.selenium.SessionNotCreatedException">
            <message>
              <![CDATA[Could not start a new session. Response code 500. Message: An unknown server-side error occurred while processing the command. Original error: Device 06081330BT105920 was not in the list of connected devices 
Host info: host: 'DESKTOP-P3MLEV3', ip: '192.168.100.68'
Build info: version: '4.10.0', revision: 'c14d967899'
System info: os.name: 'Windows 10', os.arch: 'amd64', os.version: '10.0', java.version: '19.0.1'
Driver info: io.appium.java_client.android.AndroidDriver
Command: [null, newSession {capabilities=[{appium:systemPort=9000, appium:udid=06081330BT105920, appium:autoGrantPermissions=true, appium:newCommandTimeout=90, platformName=ANDROID, appium:automationName=UIAutomator2, appium:app=C:\Users\Ensx-pc\eclipse-workspace\xPalApp\src\test\java\resources\app-debug.apk}], desiredCapabilities=Capabilities {appium:app: C:\Users\Ensx-pc\eclipse-wo..., appium:autoGrantPermissions: true, appium:automationName: UIAutomator2, appium:newCommandTimeout: 90, appium:systemPort: 9000, appium:udid: 06081330BT105920, platformName: ANDROID}}]
Capabilities {appium:app: C:\Users\Ensx-pc\eclipse-wo..., appium:autoGrantPermissions: true, appium:automationName: UIAutomator2, appium:newCommandTimeout: 90, appium:systemPort: 9000, appium:udid: 06081330BT105920, platformName: ANDROID}]]>
            </message>
            <full-stacktrace>
              <![CDATA[org.openqa.selenium.SessionNotCreatedException: Could not start a new session. Response code 500. Message: An unknown server-side error occurred while processing the command. Original error: Device 06081330BT105920 was not in the list of connected devices 
Host info: host: 'DESKTOP-P3MLEV3', ip: '192.168.100.68'
Build info: version: '4.10.0', revision: 'c14d967899'
System info: os.name: 'Windows 10', os.arch: 'amd64', os.version: '10.0', java.version: '19.0.1'
Driver info: io.appium.java_client.android.AndroidDriver
Command: [null, newSession {capabilities=[{appium:systemPort=9000, appium:udid=06081330BT105920, appium:autoGrantPermissions=true, appium:newCommandTimeout=90, platformName=ANDROID, appium:automationName=UIAutomator2, appium:app=C:\Users\Ensx-pc\eclipse-workspace\xPalApp\src\test\java\resources\app-debug.apk}], desiredCapabilities=Capabilities {appium:app: C:\Users\Ensx-pc\eclipse-wo..., appium:autoGrantPermissions: true, appium:automationName: UIAutomator2, appium:newCommandTimeout: 90, appium:systemPort: 9000, appium:udid: 06081330BT105920, platformName: ANDROID}}]
Capabilities {appium:app: C:\Users\Ensx-pc\eclipse-wo..., appium:autoGrantPermissions: true, appium:automationName: UIAutomator2, appium:newCommandTimeout: 90, appium:systemPort: 9000, appium:udid: 06081330BT105920, platformName: ANDROID}
at org.openqa.selenium.remote.ProtocolHandshake.createSession(ProtocolHandshake.java:140)
at java.base/jdk.internal.reflect.DirectMethodHandleAccessor.invoke(DirectMethodHandleAccessor.java:104)
at java.base/java.lang.reflect.Method.invoke(Method.java:578)
at io.appium.java_client.remote.AppiumProtocolHandshake.createSession(AppiumProtocolHandshake.java:133)
at io.appium.java_client.remote.AppiumProtocolHandshake.createSession(AppiumProtocolHandshake.java:102)
at io.appium.java_client.remote.AppiumCommandExecutor.createSession(AppiumCommandExecutor.java:194)
at io.appium.java_client.remote.AppiumCommandExecutor.execute(AppiumCommandExecutor.java:262)
at org.openqa.selenium.remote.RemoteWebDriver.execute(RemoteWebDriver.java:531)
at io.appium.java_client.AppiumDriver.startSession(AppiumDriver.java:229)
at org.openqa.selenium.remote.RemoteWebDriver.<init>(RemoteWebDriver.java:154)
at io.appium.java_client.AppiumDriver.<init>(AppiumDriver.java:80)
at io.appium.java_client.AppiumDriver.<init>(AppiumDriver.java:92)
at io.appium.java_client.android.AndroidDriver.<init>(AndroidDriver.java:117)
at testcases.VideoCallTest.Setup(VideoCallTest.java:59)
at java.base/jdk.internal.reflect.DirectMethodHandleAccessor.invoke(DirectMethodHandleAccessor.java:104)
at java.base/java.lang.reflect.Method.invoke(Method.java:578)
at org.testng.internal.invokers.MethodInvocationHelper.invokeMethod(MethodInvocationHelper.java:139)
at org.testng.internal.invokers.MethodInvocationHelper.invokeMethodConsideringTimeout(MethodInvocationHelper.java:69)
at org.testng.internal.invokers.ConfigInvoker.invokeConfigurationMethod(ConfigInvoker.java:361)
at org.testng.internal.invokers.ConfigInvoker.invokeConfigurations(ConfigInvoker.java:296)
at org.testng.TestRunner.invokeTestConfigurations(TestRunner.java:644)
at org.testng.TestRunner.beforeRun(TestRunner.java:633)
at org.testng.TestRunner.run(TestRunner.java:595)
at org.testng.SuiteRunner.runTest(SuiteRunner.java:437)
at org.testng.SuiteRunner.runSequentially(SuiteRunner.java:431)
at org.testng.SuiteRunner.privateRun(SuiteRunner.java:391)
at org.testng.SuiteRunner.run(SuiteRunner.java:330)
at org.testng.SuiteRunnerWorker.runSuite(SuiteRunnerWorker.java:52)
at org.testng.SuiteRunnerWorker.run(SuiteRunnerWorker.java:95)
at org.testng.TestNG.runSuitesSequentially(TestNG.java:1256)
at org.testng.TestNG.runSuitesLocally(TestNG.java:1176)
at org.testng.TestNG.runSuites(TestNG.java:1099)
at org.testng.TestNG.run(TestNG.java:1067)
at org.apache.maven.surefire.testng.TestNGExecutor.run(TestNGExecutor.java:155)
at org.apache.maven.surefire.testng.TestNGDirectoryTestSuite.executeMulti(TestNGDirectoryTestSuite.java:169)
at org.apache.maven.surefire.testng.TestNGDirectoryTestSuite.execute(TestNGDirectoryTestSuite.java:88)
at org.apache.maven.surefire.testng.TestNGProvider.invoke(TestNGProvider.java:137)
at org.apache.maven.surefire.booter.ForkedBooter.runSuitesInProcess(ForkedBooter.java:385)
at org.apache.maven.surefire.booter.ForkedBooter.execute(ForkedBooter.java:162)
at org.apache.maven.surefire.booter.ForkedBooter.run(ForkedBooter.java:507)
at org.apache.maven.surefire.booter.ForkedBooter.main(ForkedBooter.java:495)
]]>
            </full-stacktrace>
          </exception> <!-- org.openqa.selenium.SessionNotCreatedException -->
          <reporter-output>
          </reporter-output>
        </test-method> <!-- switchAccount -->
        <test-method is-config="true" signature="configureAppium()[pri:0, instance:testcases.SignOutTest@f5ac9e4]" started-at="2023-06-09T21:14:54 PKT" name="configureAppium" finished-at="2023-06-09T21:14:54 PKT" duration-ms="0" status="SKIP">
          <reporter-output>
          </reporter-output>
        </test-method> <!-- configureAppium -->
        <test-method is-config="true" signature="tearDown()[pri:0, instance:testcases.SignOutTest@f5ac9e4]" started-at="2023-06-09T21:14:54 PKT" name="tearDown" finished-at="2023-06-09T21:14:54 PKT" duration-ms="0" status="SKIP">
          <reporter-output>
          </reporter-output>
        </test-method> <!-- tearDown -->
      </class> <!-- testcases.SignOutTest -->
      <class name="testcases.EditProfileTest">
        <test-method is-config="true" signature="configureAppium()[pri:0, instance:testcases.EditProfileTest@188715b5]" started-at="2023-06-09T21:14:54 PKT" name="configureAppium" finished-at="2023-06-09T21:14:54 PKT" duration-ms="0" status="SKIP">
          <reporter-output>
          </reporter-output>
        </test-method> <!-- configureAppium -->
        <test-method signature="editProfile()[pri:0, instance:testcases.EditProfileTest@188715b5]" started-at="2023-06-09T21:14:54 PKT" name="editProfile" finished-at="2023-06-09T21:14:54 PKT" duration-ms="0" status="SKIP">
          <exception class="org.openqa.selenium.SessionNotCreatedException">
            <message>
              <![CDATA[Could not start a new session. Response code 500. Message: An unknown server-side error occurred while processing the command. Original error: Device 06081330BT105920 was not in the list of connected devices 
Host info: host: 'DESKTOP-P3MLEV3', ip: '192.168.100.68'
Build info: version: '4.10.0', revision: 'c14d967899'
System info: os.name: 'Windows 10', os.arch: 'amd64', os.version: '10.0', java.version: '19.0.1'
Driver info: io.appium.java_client.android.AndroidDriver
Command: [null, newSession {capabilities=[{appium:systemPort=9000, appium:udid=06081330BT105920, appium:autoGrantPermissions=true, appium:newCommandTimeout=90, platformName=ANDROID, appium:automationName=UIAutomator2, appium:app=C:\Users\Ensx-pc\eclipse-workspace\xPalApp\src\test\java\resources\app-debug.apk}], desiredCapabilities=Capabilities {appium:app: C:\Users\Ensx-pc\eclipse-wo..., appium:autoGrantPermissions: true, appium:automationName: UIAutomator2, appium:newCommandTimeout: 90, appium:systemPort: 9000, appium:udid: 06081330BT105920, platformName: ANDROID}}]
Capabilities {appium:app: C:\Users\Ensx-pc\eclipse-wo..., appium:autoGrantPermissions: true, appium:automationName: UIAutomator2, appium:newCommandTimeout: 90, appium:systemPort: 9000, appium:udid: 06081330BT105920, platformName: ANDROID}]]>
            </message>
            <full-stacktrace>
              <![CDATA[org.openqa.selenium.SessionNotCreatedException: Could not start a new session. Response code 500. Message: An unknown server-side error occurred while processing the command. Original error: Device 06081330BT105920 was not in the list of connected devices 
Host info: host: 'DESKTOP-P3MLEV3', ip: '192.168.100.68'
Build info: version: '4.10.0', revision: 'c14d967899'
System info: os.name: 'Windows 10', os.arch: 'amd64', os.version: '10.0', java.version: '19.0.1'
Driver info: io.appium.java_client.android.AndroidDriver
Command: [null, newSession {capabilities=[{appium:systemPort=9000, appium:udid=06081330BT105920, appium:autoGrantPermissions=true, appium:newCommandTimeout=90, platformName=ANDROID, appium:automationName=UIAutomator2, appium:app=C:\Users\Ensx-pc\eclipse-workspace\xPalApp\src\test\java\resources\app-debug.apk}], desiredCapabilities=Capabilities {appium:app: C:\Users\Ensx-pc\eclipse-wo..., appium:autoGrantPermissions: true, appium:automationName: UIAutomator2, appium:newCommandTimeout: 90, appium:systemPort: 9000, appium:udid: 06081330BT105920, platformName: ANDROID}}]
Capabilities {appium:app: C:\Users\Ensx-pc\eclipse-wo..., appium:autoGrantPermissions: true, appium:automationName: UIAutomator2, appium:newCommandTimeout: 90, appium:systemPort: 9000, appium:udid: 06081330BT105920, platformName: ANDROID}
at org.openqa.selenium.remote.ProtocolHandshake.createSession(ProtocolHandshake.java:140)
at java.base/jdk.internal.reflect.DirectMethodHandleAccessor.invoke(DirectMethodHandleAccessor.java:104)
at java.base/java.lang.reflect.Method.invoke(Method.java:578)
at io.appium.java_client.remote.AppiumProtocolHandshake.createSession(AppiumProtocolHandshake.java:133)
at io.appium.java_client.remote.AppiumProtocolHandshake.createSession(AppiumProtocolHandshake.java:102)
at io.appium.java_client.remote.AppiumCommandExecutor.createSession(AppiumCommandExecutor.java:194)
at io.appium.java_client.remote.AppiumCommandExecutor.execute(AppiumCommandExecutor.java:262)
at org.openqa.selenium.remote.RemoteWebDriver.execute(RemoteWebDriver.java:531)
at io.appium.java_client.AppiumDriver.startSession(AppiumDriver.java:229)
at org.openqa.selenium.remote.RemoteWebDriver.<init>(RemoteWebDriver.java:154)
at io.appium.java_client.AppiumDriver.<init>(AppiumDriver.java:80)
at io.appium.java_client.AppiumDriver.<init>(AppiumDriver.java:92)
at io.appium.java_client.android.AndroidDriver.<init>(AndroidDriver.java:117)
at testcases.VideoCallTest.Setup(VideoCallTest.java:59)
at java.base/jdk.internal.reflect.DirectMethodHandleAccessor.invoke(DirectMethodHandleAccessor.java:104)
at java.base/java.lang.reflect.Method.invoke(Method.java:578)
at org.testng.internal.invokers.MethodInvocationHelper.invokeMethod(MethodInvocationHelper.java:139)
at org.testng.internal.invokers.MethodInvocationHelper.invokeMethodConsideringTimeout(MethodInvocationHelper.java:69)
at org.testng.internal.invokers.ConfigInvoker.invokeConfigurationMethod(ConfigInvoker.java:361)
at org.testng.internal.invokers.ConfigInvoker.invokeConfigurations(ConfigInvoker.java:296)
at org.testng.TestRunner.invokeTestConfigurations(TestRunner.java:644)
at org.testng.TestRunner.beforeRun(TestRunner.java:633)
at org.testng.TestRunner.run(TestRunner.java:595)
at org.testng.SuiteRunner.runTest(SuiteRunner.java:437)
at org.testng.SuiteRunner.runSequentially(SuiteRunner.java:431)
at org.testng.SuiteRunner.privateRun(SuiteRunner.java:391)
at org.testng.SuiteRunner.run(SuiteRunner.java:330)
at org.testng.SuiteRunnerWorker.runSuite(SuiteRunnerWorker.java:52)
at org.testng.SuiteRunnerWorker.run(SuiteRunnerWorker.java:95)
at org.testng.TestNG.runSuitesSequentially(TestNG.java:1256)
at org.testng.TestNG.runSuitesLocally(TestNG.java:1176)
at org.testng.TestNG.runSuites(TestNG.java:1099)
at org.testng.TestNG.run(TestNG.java:1067)
at org.apache.maven.surefire.testng.TestNGExecutor.run(TestNGExecutor.java:155)
at org.apache.maven.surefire.testng.TestNGDirectoryTestSuite.executeMulti(TestNGDirectoryTestSuite.java:169)
at org.apache.maven.surefire.testng.TestNGDirectoryTestSuite.execute(TestNGDirectoryTestSuite.java:88)
at org.apache.maven.surefire.testng.TestNGProvider.invoke(TestNGProvider.java:137)
at org.apache.maven.surefire.booter.ForkedBooter.runSuitesInProcess(ForkedBooter.java:385)
at org.apache.maven.surefire.booter.ForkedBooter.execute(ForkedBooter.java:162)
at org.apache.maven.surefire.booter.ForkedBooter.run(ForkedBooter.java:507)
at org.apache.maven.surefire.booter.ForkedBooter.main(ForkedBooter.java:495)
]]>
            </full-stacktrace>
          </exception> <!-- org.openqa.selenium.SessionNotCreatedException -->
          <reporter-output>
          </reporter-output>
        </test-method> <!-- editProfile -->
        <test-method is-config="true" signature="quit()[pri:0, instance:testcases.EditProfileTest@188715b5]" started-at="2023-06-09T21:14:54 PKT" name="quit" finished-at="2023-06-09T21:14:54 PKT" duration-ms="0" status="SKIP">
          <reporter-output>
          </reporter-output>
        </test-method> <!-- quit -->
        <test-method is-config="true" signature="tearDown()[pri:0, instance:testcases.EditProfileTest@188715b5]" started-at="2023-06-09T21:14:54 PKT" name="tearDown" finished-at="2023-06-09T21:14:54 PKT" duration-ms="0" status="SKIP">
          <reporter-output>
          </reporter-output>
        </test-method> <!-- tearDown -->
        <test-method is-config="true" signature="configureAppium()[pri:0, instance:testcases.EditProfileTest@188715b5]" started-at="2023-06-09T21:14:54 PKT" name="configureAppium" finished-at="2023-06-09T21:14:54 PKT" duration-ms="0" status="SKIP">
          <reporter-output>
          </reporter-output>
        </test-method> <!-- configureAppium -->
        <test-method signature="invalidProfileName()[pri:0, instance:testcases.EditProfileTest@188715b5]" started-at="2023-06-09T21:14:54 PKT" name="invalidProfileName" finished-at="2023-06-09T21:14:54 PKT" duration-ms="0" status="SKIP">
          <exception class="org.openqa.selenium.SessionNotCreatedException">
            <message>
              <![CDATA[Could not start a new session. Response code 500. Message: An unknown server-side error occurred while processing the command. Original error: Device 06081330BT105920 was not in the list of connected devices 
Host info: host: 'DESKTOP-P3MLEV3', ip: '192.168.100.68'
Build info: version: '4.10.0', revision: 'c14d967899'
System info: os.name: 'Windows 10', os.arch: 'amd64', os.version: '10.0', java.version: '19.0.1'
Driver info: io.appium.java_client.android.AndroidDriver
Command: [null, newSession {capabilities=[{appium:systemPort=9000, appium:udid=06081330BT105920, appium:autoGrantPermissions=true, appium:newCommandTimeout=90, platformName=ANDROID, appium:automationName=UIAutomator2, appium:app=C:\Users\Ensx-pc\eclipse-workspace\xPalApp\src\test\java\resources\app-debug.apk}], desiredCapabilities=Capabilities {appium:app: C:\Users\Ensx-pc\eclipse-wo..., appium:autoGrantPermissions: true, appium:automationName: UIAutomator2, appium:newCommandTimeout: 90, appium:systemPort: 9000, appium:udid: 06081330BT105920, platformName: ANDROID}}]
Capabilities {appium:app: C:\Users\Ensx-pc\eclipse-wo..., appium:autoGrantPermissions: true, appium:automationName: UIAutomator2, appium:newCommandTimeout: 90, appium:systemPort: 9000, appium:udid: 06081330BT105920, platformName: ANDROID}]]>
            </message>
            <full-stacktrace>
              <![CDATA[org.openqa.selenium.SessionNotCreatedException: Could not start a new session. Response code 500. Message: An unknown server-side error occurred while processing the command. Original error: Device 06081330BT105920 was not in the list of connected devices 
Host info: host: 'DESKTOP-P3MLEV3', ip: '192.168.100.68'
Build info: version: '4.10.0', revision: 'c14d967899'
System info: os.name: 'Windows 10', os.arch: 'amd64', os.version: '10.0', java.version: '19.0.1'
Driver info: io.appium.java_client.android.AndroidDriver
Command: [null, newSession {capabilities=[{appium:systemPort=9000, appium:udid=06081330BT105920, appium:autoGrantPermissions=true, appium:newCommandTimeout=90, platformName=ANDROID, appium:automationName=UIAutomator2, appium:app=C:\Users\Ensx-pc\eclipse-workspace\xPalApp\src\test\java\resources\app-debug.apk}], desiredCapabilities=Capabilities {appium:app: C:\Users\Ensx-pc\eclipse-wo..., appium:autoGrantPermissions: true, appium:automationName: UIAutomator2, appium:newCommandTimeout: 90, appium:systemPort: 9000, appium:udid: 06081330BT105920, platformName: ANDROID}}]
Capabilities {appium:app: C:\Users\Ensx-pc\eclipse-wo..., appium:autoGrantPermissions: true, appium:automationName: UIAutomator2, appium:newCommandTimeout: 90, appium:systemPort: 9000, appium:udid: 06081330BT105920, platformName: ANDROID}
at org.openqa.selenium.remote.ProtocolHandshake.createSession(ProtocolHandshake.java:140)
at java.base/jdk.internal.reflect.DirectMethodHandleAccessor.invoke(DirectMethodHandleAccessor.java:104)
at java.base/java.lang.reflect.Method.invoke(Method.java:578)
at io.appium.java_client.remote.AppiumProtocolHandshake.createSession(AppiumProtocolHandshake.java:133)
at io.appium.java_client.remote.AppiumProtocolHandshake.createSession(AppiumProtocolHandshake.java:102)
at io.appium.java_client.remote.AppiumCommandExecutor.createSession(AppiumCommandExecutor.java:194)
at io.appium.java_client.remote.AppiumCommandExecutor.execute(AppiumCommandExecutor.java:262)
at org.openqa.selenium.remote.RemoteWebDriver.execute(RemoteWebDriver.java:531)
at io.appium.java_client.AppiumDriver.startSession(AppiumDriver.java:229)
at org.openqa.selenium.remote.RemoteWebDriver.<init>(RemoteWebDriver.java:154)
at io.appium.java_client.AppiumDriver.<init>(AppiumDriver.java:80)
at io.appium.java_client.AppiumDriver.<init>(AppiumDriver.java:92)
at io.appium.java_client.android.AndroidDriver.<init>(AndroidDriver.java:117)
at testcases.VideoCallTest.Setup(VideoCallTest.java:59)
at java.base/jdk.internal.reflect.DirectMethodHandleAccessor.invoke(DirectMethodHandleAccessor.java:104)
at java.base/java.lang.reflect.Method.invoke(Method.java:578)
at org.testng.internal.invokers.MethodInvocationHelper.invokeMethod(MethodInvocationHelper.java:139)
at org.testng.internal.invokers.MethodInvocationHelper.invokeMethodConsideringTimeout(MethodInvocationHelper.java:69)
at org.testng.internal.invokers.ConfigInvoker.invokeConfigurationMethod(ConfigInvoker.java:361)
at org.testng.internal.invokers.ConfigInvoker.invokeConfigurations(ConfigInvoker.java:296)
at org.testng.TestRunner.invokeTestConfigurations(TestRunner.java:644)
at org.testng.TestRunner.beforeRun(TestRunner.java:633)
at org.testng.TestRunner.run(TestRunner.java:595)
at org.testng.SuiteRunner.runTest(SuiteRunner.java:437)
at org.testng.SuiteRunner.runSequentially(SuiteRunner.java:431)
at org.testng.SuiteRunner.privateRun(SuiteRunner.java:391)
at org.testng.SuiteRunner.run(SuiteRunner.java:330)
at org.testng.SuiteRunnerWorker.runSuite(SuiteRunnerWorker.java:52)
at org.testng.SuiteRunnerWorker.run(SuiteRunnerWorker.java:95)
at org.testng.TestNG.runSuitesSequentially(TestNG.java:1256)
at org.testng.TestNG.runSuitesLocally(TestNG.java:1176)
at org.testng.TestNG.runSuites(TestNG.java:1099)
at org.testng.TestNG.run(TestNG.java:1067)
at org.apache.maven.surefire.testng.TestNGExecutor.run(TestNGExecutor.java:155)
at org.apache.maven.surefire.testng.TestNGDirectoryTestSuite.executeMulti(TestNGDirectoryTestSuite.java:169)
at org.apache.maven.surefire.testng.TestNGDirectoryTestSuite.execute(TestNGDirectoryTestSuite.java:88)
at org.apache.maven.surefire.testng.TestNGProvider.invoke(TestNGProvider.java:137)
at org.apache.maven.surefire.booter.ForkedBooter.runSuitesInProcess(ForkedBooter.java:385)
at org.apache.maven.surefire.booter.ForkedBooter.execute(ForkedBooter.java:162)
at org.apache.maven.surefire.booter.ForkedBooter.run(ForkedBooter.java:507)
at org.apache.maven.surefire.booter.ForkedBooter.main(ForkedBooter.java:495)
]]>
            </full-stacktrace>
          </exception> <!-- org.openqa.selenium.SessionNotCreatedException -->
          <reporter-output>
          </reporter-output>
        </test-method> <!-- invalidProfileName -->
        <test-method is-config="true" signature="quit()[pri:0, instance:testcases.EditProfileTest@188715b5]" started-at="2023-06-09T21:14:54 PKT" name="quit" finished-at="2023-06-09T21:14:54 PKT" duration-ms="0" status="SKIP">
          <reporter-output>
          </reporter-output>
        </test-method> <!-- quit -->
        <test-method is-config="true" signature="tearDown()[pri:0, instance:testcases.EditProfileTest@188715b5]" started-at="2023-06-09T21:14:54 PKT" name="tearDown" finished-at="2023-06-09T21:14:54 PKT" duration-ms="0" status="SKIP">
          <reporter-output>
          </reporter-output>
        </test-method> <!-- tearDown -->
      </class> <!-- testcases.EditProfileTest -->
      <class name="testcases.ChatTest">
        <test-method is-config="true" signature="BeforeChat()[pri:0, instance:testcases.ChatTest@2f7298b]" started-at="2023-06-09T21:14:54 PKT" name="BeforeChat" finished-at="2023-06-09T21:14:54 PKT" duration-ms="0" status="SKIP">
          <reporter-output>
          </reporter-output>
        </test-method> <!-- BeforeChat -->
        <test-method signature="shareContact()[pri:0, instance:testcases.ChatTest@2f7298b]" started-at="2023-06-09T21:14:54 PKT" name="shareContact" finished-at="2023-06-09T21:14:54 PKT" depends-on-methods="testcases.AddContactTest.addContact" duration-ms="0" status="SKIP">
          <exception class="org.openqa.selenium.SessionNotCreatedException">
            <message>
              <![CDATA[Could not start a new session. Response code 500. Message: An unknown server-side error occurred while processing the command. Original error: Device 06081330BT105920 was not in the list of connected devices 
Host info: host: 'DESKTOP-P3MLEV3', ip: '192.168.100.68'
Build info: version: '4.10.0', revision: 'c14d967899'
System info: os.name: 'Windows 10', os.arch: 'amd64', os.version: '10.0', java.version: '19.0.1'
Driver info: io.appium.java_client.android.AndroidDriver
Command: [null, newSession {capabilities=[{appium:systemPort=9000, appium:udid=06081330BT105920, appium:autoGrantPermissions=true, appium:newCommandTimeout=90, platformName=ANDROID, appium:automationName=UIAutomator2, appium:app=C:\Users\Ensx-pc\eclipse-workspace\xPalApp\src\test\java\resources\app-debug.apk}], desiredCapabilities=Capabilities {appium:app: C:\Users\Ensx-pc\eclipse-wo..., appium:autoGrantPermissions: true, appium:automationName: UIAutomator2, appium:newCommandTimeout: 90, appium:systemPort: 9000, appium:udid: 06081330BT105920, platformName: ANDROID}}]
Capabilities {appium:app: C:\Users\Ensx-pc\eclipse-wo..., appium:autoGrantPermissions: true, appium:automationName: UIAutomator2, appium:newCommandTimeout: 90, appium:systemPort: 9000, appium:udid: 06081330BT105920, platformName: ANDROID}]]>
            </message>
            <full-stacktrace>
              <![CDATA[org.openqa.selenium.SessionNotCreatedException: Could not start a new session. Response code 500. Message: An unknown server-side error occurred while processing the command. Original error: Device 06081330BT105920 was not in the list of connected devices 
Host info: host: 'DESKTOP-P3MLEV3', ip: '192.168.100.68'
Build info: version: '4.10.0', revision: 'c14d967899'
System info: os.name: 'Windows 10', os.arch: 'amd64', os.version: '10.0', java.version: '19.0.1'
Driver info: io.appium.java_client.android.AndroidDriver
Command: [null, newSession {capabilities=[{appium:systemPort=9000, appium:udid=06081330BT105920, appium:autoGrantPermissions=true, appium:newCommandTimeout=90, platformName=ANDROID, appium:automationName=UIAutomator2, appium:app=C:\Users\Ensx-pc\eclipse-workspace\xPalApp\src\test\java\resources\app-debug.apk}], desiredCapabilities=Capabilities {appium:app: C:\Users\Ensx-pc\eclipse-wo..., appium:autoGrantPermissions: true, appium:automationName: UIAutomator2, appium:newCommandTimeout: 90, appium:systemPort: 9000, appium:udid: 06081330BT105920, platformName: ANDROID}}]
Capabilities {appium:app: C:\Users\Ensx-pc\eclipse-wo..., appium:autoGrantPermissions: true, appium:automationName: UIAutomator2, appium:newCommandTimeout: 90, appium:systemPort: 9000, appium:udid: 06081330BT105920, platformName: ANDROID}
at org.openqa.selenium.remote.ProtocolHandshake.createSession(ProtocolHandshake.java:140)
at java.base/jdk.internal.reflect.DirectMethodHandleAccessor.invoke(DirectMethodHandleAccessor.java:104)
at java.base/java.lang.reflect.Method.invoke(Method.java:578)
at io.appium.java_client.remote.AppiumProtocolHandshake.createSession(AppiumProtocolHandshake.java:133)
at io.appium.java_client.remote.AppiumProtocolHandshake.createSession(AppiumProtocolHandshake.java:102)
at io.appium.java_client.remote.AppiumCommandExecutor.createSession(AppiumCommandExecutor.java:194)
at io.appium.java_client.remote.AppiumCommandExecutor.execute(AppiumCommandExecutor.java:262)
at org.openqa.selenium.remote.RemoteWebDriver.execute(RemoteWebDriver.java:531)
at io.appium.java_client.AppiumDriver.startSession(AppiumDriver.java:229)
at org.openqa.selenium.remote.RemoteWebDriver.<init>(RemoteWebDriver.java:154)
at io.appium.java_client.AppiumDriver.<init>(AppiumDriver.java:80)
at io.appium.java_client.AppiumDriver.<init>(AppiumDriver.java:92)
at io.appium.java_client.android.AndroidDriver.<init>(AndroidDriver.java:117)
at testcases.VideoCallTest.Setup(VideoCallTest.java:59)
at java.base/jdk.internal.reflect.DirectMethodHandleAccessor.invoke(DirectMethodHandleAccessor.java:104)
at java.base/java.lang.reflect.Method.invoke(Method.java:578)
at org.testng.internal.invokers.MethodInvocationHelper.invokeMethod(MethodInvocationHelper.java:139)
at org.testng.internal.invokers.MethodInvocationHelper.invokeMethodConsideringTimeout(MethodInvocationHelper.java:69)
at org.testng.internal.invokers.ConfigInvoker.invokeConfigurationMethod(ConfigInvoker.java:361)
at org.testng.internal.invokers.ConfigInvoker.invokeConfigurations(ConfigInvoker.java:296)
at org.testng.TestRunner.invokeTestConfigurations(TestRunner.java:644)
at org.testng.TestRunner.beforeRun(TestRunner.java:633)
at org.testng.TestRunner.run(TestRunner.java:595)
at org.testng.SuiteRunner.runTest(SuiteRunner.java:437)
at org.testng.SuiteRunner.runSequentially(SuiteRunner.java:431)
at org.testng.SuiteRunner.privateRun(SuiteRunner.java:391)
at org.testng.SuiteRunner.run(SuiteRunner.java:330)
at org.testng.SuiteRunnerWorker.runSuite(SuiteRunnerWorker.java:52)
at org.testng.SuiteRunnerWorker.run(SuiteRunnerWorker.java:95)
at org.testng.TestNG.runSuitesSequentially(TestNG.java:1256)
at org.testng.TestNG.runSuitesLocally(TestNG.java:1176)
at org.testng.TestNG.runSuites(TestNG.java:1099)
at org.testng.TestNG.run(TestNG.java:1067)
at org.apache.maven.surefire.testng.TestNGExecutor.run(TestNGExecutor.java:155)
at org.apache.maven.surefire.testng.TestNGDirectoryTestSuite.executeMulti(TestNGDirectoryTestSuite.java:169)
at org.apache.maven.surefire.testng.TestNGDirectoryTestSuite.execute(TestNGDirectoryTestSuite.java:88)
at org.apache.maven.surefire.testng.TestNGProvider.invoke(TestNGProvider.java:137)
at org.apache.maven.surefire.booter.ForkedBooter.runSuitesInProcess(ForkedBooter.java:385)
at org.apache.maven.surefire.booter.ForkedBooter.execute(ForkedBooter.java:162)
at org.apache.maven.surefire.booter.ForkedBooter.run(ForkedBooter.java:507)
at org.apache.maven.surefire.booter.ForkedBooter.main(ForkedBooter.java:495)
]]>
            </full-stacktrace>
          </exception> <!-- org.openqa.selenium.SessionNotCreatedException -->
          <reporter-output>
          </reporter-output>
        </test-method> <!-- shareContact -->
        <test-method is-config="true" signature="afterChat()[pri:0, instance:testcases.ChatTest@2f7298b]" started-at="2023-06-09T21:14:54 PKT" name="afterChat" finished-at="2023-06-09T21:14:54 PKT" duration-ms="0" status="SKIP">
          <reporter-output>
          </reporter-output>
        </test-method> <!-- afterChat -->
        <test-method signature="textMsg()[pri:1, instance:testcases.ChatTest@2f7298b]" started-at="2023-06-09T21:14:54 PKT" name="textMsg" finished-at="2023-06-09T21:14:54 PKT" duration-ms="1" status="SKIP">
          <exception class="org.openqa.selenium.SessionNotCreatedException">
            <message>
              <![CDATA[Could not start a new session. Response code 500. Message: An unknown server-side error occurred while processing the command. Original error: Device 06081330BT105920 was not in the list of connected devices 
Host info: host: 'DESKTOP-P3MLEV3', ip: '192.168.100.68'
Build info: version: '4.10.0', revision: 'c14d967899'
System info: os.name: 'Windows 10', os.arch: 'amd64', os.version: '10.0', java.version: '19.0.1'
Driver info: io.appium.java_client.android.AndroidDriver
Command: [null, newSession {capabilities=[{appium:systemPort=9000, appium:udid=06081330BT105920, appium:autoGrantPermissions=true, appium:newCommandTimeout=90, platformName=ANDROID, appium:automationName=UIAutomator2, appium:app=C:\Users\Ensx-pc\eclipse-workspace\xPalApp\src\test\java\resources\app-debug.apk}], desiredCapabilities=Capabilities {appium:app: C:\Users\Ensx-pc\eclipse-wo..., appium:autoGrantPermissions: true, appium:automationName: UIAutomator2, appium:newCommandTimeout: 90, appium:systemPort: 9000, appium:udid: 06081330BT105920, platformName: ANDROID}}]
Capabilities {appium:app: C:\Users\Ensx-pc\eclipse-wo..., appium:autoGrantPermissions: true, appium:automationName: UIAutomator2, appium:newCommandTimeout: 90, appium:systemPort: 9000, appium:udid: 06081330BT105920, platformName: ANDROID}]]>
            </message>
            <full-stacktrace>
              <![CDATA[org.openqa.selenium.SessionNotCreatedException: Could not start a new session. Response code 500. Message: An unknown server-side error occurred while processing the command. Original error: Device 06081330BT105920 was not in the list of connected devices 
Host info: host: 'DESKTOP-P3MLEV3', ip: '192.168.100.68'
Build info: version: '4.10.0', revision: 'c14d967899'
System info: os.name: 'Windows 10', os.arch: 'amd64', os.version: '10.0', java.version: '19.0.1'
Driver info: io.appium.java_client.android.AndroidDriver
Command: [null, newSession {capabilities=[{appium:systemPort=9000, appium:udid=06081330BT105920, appium:autoGrantPermissions=true, appium:newCommandTimeout=90, platformName=ANDROID, appium:automationName=UIAutomator2, appium:app=C:\Users\Ensx-pc\eclipse-workspace\xPalApp\src\test\java\resources\app-debug.apk}], desiredCapabilities=Capabilities {appium:app: C:\Users\Ensx-pc\eclipse-wo..., appium:autoGrantPermissions: true, appium:automationName: UIAutomator2, appium:newCommandTimeout: 90, appium:systemPort: 9000, appium:udid: 06081330BT105920, platformName: ANDROID}}]
Capabilities {appium:app: C:\Users\Ensx-pc\eclipse-wo..., appium:autoGrantPermissions: true, appium:automationName: UIAutomator2, appium:newCommandTimeout: 90, appium:systemPort: 9000, appium:udid: 06081330BT105920, platformName: ANDROID}
at org.openqa.selenium.remote.ProtocolHandshake.createSession(ProtocolHandshake.java:140)
at java.base/jdk.internal.reflect.DirectMethodHandleAccessor.invoke(DirectMethodHandleAccessor.java:104)
at java.base/java.lang.reflect.Method.invoke(Method.java:578)
at io.appium.java_client.remote.AppiumProtocolHandshake.createSession(AppiumProtocolHandshake.java:133)
at io.appium.java_client.remote.AppiumProtocolHandshake.createSession(AppiumProtocolHandshake.java:102)
at io.appium.java_client.remote.AppiumCommandExecutor.createSession(AppiumCommandExecutor.java:194)
at io.appium.java_client.remote.AppiumCommandExecutor.execute(AppiumCommandExecutor.java:262)
at org.openqa.selenium.remote.RemoteWebDriver.execute(RemoteWebDriver.java:531)
at io.appium.java_client.AppiumDriver.startSession(AppiumDriver.java:229)
at org.openqa.selenium.remote.RemoteWebDriver.<init>(RemoteWebDriver.java:154)
at io.appium.java_client.AppiumDriver.<init>(AppiumDriver.java:80)
at io.appium.java_client.AppiumDriver.<init>(AppiumDriver.java:92)
at io.appium.java_client.android.AndroidDriver.<init>(AndroidDriver.java:117)
at testcases.VideoCallTest.Setup(VideoCallTest.java:59)
at java.base/jdk.internal.reflect.DirectMethodHandleAccessor.invoke(DirectMethodHandleAccessor.java:104)
at java.base/java.lang.reflect.Method.invoke(Method.java:578)
at org.testng.internal.invokers.MethodInvocationHelper.invokeMethod(MethodInvocationHelper.java:139)
at org.testng.internal.invokers.MethodInvocationHelper.invokeMethodConsideringTimeout(MethodInvocationHelper.java:69)
at org.testng.internal.invokers.ConfigInvoker.invokeConfigurationMethod(ConfigInvoker.java:361)
at org.testng.internal.invokers.ConfigInvoker.invokeConfigurations(ConfigInvoker.java:296)
at org.testng.TestRunner.invokeTestConfigurations(TestRunner.java:644)
[...]
Capabilities {appium:app: C:\Users\Ensx-pc\eclipse-wo..., appium:autoGrantPermissions: true, appium:automationName: UIAutomator2, appium:newCommandTimeout: 90, appium:systemPort: 9000, appium:udid: 06081330BT105920, platformName: ANDROID}
at org.openqa.selenium.remote.ProtocolHandshake.createSession(ProtocolHandshake.java:140)
at java.base/jdk.internal.reflect.DirectMethodHandleAccessor.invoke(DirectMethodHandleAccessor.java:104)
at java.base/java.lang.reflect.Method.invoke(Method.java:578)
at io.appium.java_client.remote.AppiumProtocolHandshake.createSession(AppiumProtocolHandshake.java:133)
at io.appium.java_client.remote.AppiumProtocolHandshake.createSession(AppiumProtocolHandshake.java:102)
at io.appium.java_client.remote.AppiumCommandExecutor.createSession(AppiumCommandExecutor.java:194)
at io.appium.java_client.remote.AppiumCommandExecutor.execute(AppiumCommandExecutor.java:262)
at org.openqa.selenium.remote.RemoteWebDriver.execute(RemoteWebDriver.java:531)
at io.appium.java_client.AppiumDriver.startSession(AppiumDriver.java:229)
at org.openqa.selenium.remote.RemoteWebDriver.<init>(RemoteWebDriver.java:154)
at io.appium.java_client.AppiumDriver.<init>(AppiumDriver.java:80)
at io.appium.java_client.AppiumDriver.<init>(AppiumDriver.java:92)
at io.appium.java_client.android.AndroidDriver.<init>(AndroidDriver.java:117)
at testcases.VideoCallTest.Setup(VideoCallTest.java:59)
at java.base/jdk.internal.reflect.DirectMethodHandleAccessor.invoke(DirectMethodHandleAccessor.java:104)
at java.base/java.lang.reflect.Method.invoke(Method.java:578)
at org.testng.internal.invokers.MethodInvocationHelper.invokeMethod(MethodInvocationHelper.java:139)
at org.testng.internal.invokers.MethodInvocationHelper.invokeMethodConsideringTimeout(MethodInvocationHelper.java:69)
at org.testng.internal.invokers.ConfigInvoker.invokeConfigurationMethod(ConfigInvoker.java:361)
at org.testng.internal.invokers.ConfigInvoker.invokeConfigurations(ConfigInvoker.java:296)
at org.testng.TestRunner.invokeTestConfigurations(TestRunner.java:644)
at org.testng.TestRunner.beforeRun(TestRunner.java:633)
at org.testng.TestRunner.run(TestRunner.java:595)
at org.testng.SuiteRunner.runTest(SuiteRunner.java:437)
at org.testng.SuiteRunner.runSequentially(SuiteRunner.java:431)
at org.testng.SuiteRunner.privateRun(SuiteRunner.java:391)
at org.testng.SuiteRunner.run(SuiteRunner.java:330)
at org.testng.SuiteRunnerWorker.runSuite(SuiteRunnerWorker.java:52)
at org.testng.SuiteRunnerWorker.run(SuiteRunnerWorker.java:95)
at org.testng.TestNG.runSuitesSequentially(TestNG.java:1256)
at org.testng.TestNG.runSuitesLocally(TestNG.java:1176)
at org.testng.TestNG.runSuites(TestNG.java:1099)
at org.testng.TestNG.run(TestNG.java:1067)
at org.apache.maven.surefire.testng.TestNGExecutor.run(TestNGExecutor.java:155)
at org.apache.maven.surefire.testng.TestNGDirectoryTestSuite.executeMulti(TestNGDirectoryTestSuite.java:169)
at org.apache.maven.surefire.testng.TestNGDirectoryTestSuite.execute(TestNGDirectoryTestSuite.java:88)
at org.apache.maven.surefire.testng.TestNGProvider.invoke(TestNGProvider.java:137)
at org.apache.maven.surefire.booter.ForkedBooter.runSuitesInProcess(ForkedBooter.java:385)
at org.apache.maven.surefire.booter.ForkedBooter.execute(ForkedBooter.java:162)
at org.apache.maven.surefire.booter.ForkedBooter.run(ForkedBooter.java:507)
at org.apache.maven.surefire.booter.ForkedBooter.main(ForkedBooter.java:495)
]]>
            </full-stacktrace>
          </exception> <!-- org.openqa.selenium.SessionNotCreatedException -->
          <reporter-output>
          </reporter-output>
        </test-method> <!-- setupPhrase -->
        <test-method is-config="true" signature="tearDown()[pri:0, instance:testcases.PrivacyTest@6e171cd7]" started-at="2023-06-09T21:14:54 PKT" name="tearDown" finished-at="2023-06-09T21:14:54 PKT" duration-ms="0" status="SKIP">
          <reporter-output>
          </reporter-output>
        </test-method> <!-- tearDown -->
        <test-method is-config="true" signature="configureAppium()[pri:0, instance:testcases.PrivacyTest@6e171cd7]" started-at="2023-06-09T21:14:54 PKT" name="configureAppium" finished-at="2023-06-09T21:14:54 PKT" duration-ms="0" status="SKIP">
          <reporter-output>
          </reporter-output>
        </test-method> <!-- configureAppium -->
        <test-method signature="setupQuestions()[pri:0, instance:testcases.PrivacyTest@6e171cd7]" started-at="2023-06-09T21:14:54 PKT" name="setupQuestions" finished-at="2023-06-09T21:14:54 PKT" duration-ms="0" status="SKIP">
          <exception class="org.openqa.selenium.SessionNotCreatedException">
            <message>
              <![CDATA[Could not start a new session. Response code 500. Message: An unknown server-side error occurred while processing the command. Original error: Device 06081330BT105920 was not in the list of connected devices 
Host info: host: 'DESKTOP-P3MLEV3', ip: '192.168.100.68'
Build info: version: '4.10.0', revision: 'c14d967899'
System info: os.name: 'Windows 10', os.arch: 'amd64', os.version: '10.0', java.version: '19.0.1'
Driver info: io.appium.java_client.android.AndroidDriver
Command: [null, newSession {capabilities=[{appium:systemPort=9000, appium:udid=06081330BT105920, appium:autoGrantPermissions=true, appium:newCommandTimeout=90, platformName=ANDROID, appium:automationName=UIAutomator2, appium:app=C:\Users\Ensx-pc\eclipse-workspace\xPalApp\src\test\java\resources\app-debug.apk}], desiredCapabilities=Capabilities {appium:app: C:\Users\Ensx-pc\eclipse-wo..., appium:autoGrantPermissions: true, appium:automationName: UIAutomator2, appium:newCommandTimeout: 90, appium:systemPort: 9000, appium:udid: 06081330BT105920, platformName: ANDROID}}]
Capabilities {appium:app: C:\Users\Ensx-pc\eclipse-wo..., appium:autoGrantPermissions: true, appium:automationName: UIAutomator2, appium:newCommandTimeout: 90, appium:systemPort: 9000, appium:udid: 06081330BT105920, platformName: ANDROID}]]>
            </message>
            <full-stacktrace>
              <![CDATA[org.openqa.selenium.SessionNotCreatedException: Could not start a new session. Response code 500. Message: An unknown server-side error occurred while processing the command. Original error: Device 06081330BT105920 was not in the list of connected devices 
Host info: host: 'DESKTOP-P3MLEV3', ip: '192.168.100.68'
Build info: version: '4.10.0', revision: 'c14d967899'
System info: os.name: 'Windows 10', os.arch: 'amd64', os.version: '10.0', java.version: '19.0.1'
Driver info: io.appium.java_client.android.AndroidDriver
Command: [null, newSession {capabilities=[{appium:systemPort=9000, appium:udid=06081330BT105920, appium:autoGrantPermissions=true, appium:newCommandTimeout=90, platformName=ANDROID, appium:automationName=UIAutomator2, appium:app=C:\Users\Ensx-pc\eclipse-workspace\xPalApp\src\test\java\resources\app-debug.apk}], desiredCapabilities=Capabilities {appium:app: C:\Users\Ensx-pc\eclipse-wo..., appium:autoGrantPermissions: true, appium:automationName: UIAutomator2, appium:newCommandTimeout: 90, appium:systemPort: 9000, appium:udid: 06081330BT105920, platformName: ANDROID}}]
Capabilities {appium:app: C:\Users\Ensx-pc\eclipse-wo..., appium:autoGrantPermissions: true, appium:automationName: UIAutomator2, appium:newCommandTimeout: 90, appium:systemPort: 9000, appium:udid: 06081330BT105920, platformName: ANDROID}
at org.openqa.selenium.remote.ProtocolHandshake.createSession(ProtocolHandshake.java:140)
at java.base/jdk.internal.reflect.DirectMethodHandleAccessor.invoke(DirectMethodHandleAccessor.java:104)
at java.base/java.lang.reflect.Method.invoke(Method.java:578)
at io.appium.java_client.remote.AppiumProtocolHandshake.createSession(AppiumProtocolHandshake.java:133)
at io.appium.java_client.remote.AppiumProtocolHandshake.createSession(AppiumProtocolHandshake.java:102)
at io.appium.java_client.remote.AppiumCommandExecutor.createSession(AppiumCommandExecutor.java:194)
at io.appium.java_client.remote.AppiumCommandExecutor.execute(AppiumCommandExecutor.java:262)
at org.openqa.selenium.remote.RemoteWebDriver.execute(RemoteWebDriver.java:531)
at io.appium.java_client.AppiumDriver.startSession(AppiumDriver.java:229)
at org.openqa.selenium.remote.RemoteWebDriver.<init>(RemoteWebDriver.java:154)
at io.appium.java_client.AppiumDriver.<init>(AppiumDriver.java:80)
at io.appium.java_client.AppiumDriver.<init>(AppiumDriver.java:92)
at io.appium.java_client.android.AndroidDriver.<init>(AndroidDriver.java:117)
at testcases.VideoCallTest.Setup(VideoCallTest.java:59)
at java.base/jdk.internal.reflect.DirectMethodHandleAccessor.invoke(DirectMethodHandleAccessor.java:104)
at java.base/java.lang.reflect.Method.invoke(Method.java:578)
at org.testng.internal.invokers.MethodInvocationHelper.invokeMethod(MethodInvocationHelper.java:139)
at org.testng.internal.invokers.MethodInvocationHelper.invokeMethodConsideringTimeout(MethodInvocationHelper.java:69)
at org.testng.internal.invokers.ConfigInvoker.invokeConfigurationMethod(ConfigInvoker.java:361)
at org.testng.internal.invokers.ConfigInvoker.invokeConfigurations(ConfigInvoker.java:296)
at org.testng.TestRunner.invokeTestConfigurations(TestRunner.java:644)
at org.testng.TestRunner.beforeRun(TestRunner.java:633)
at org.testng.TestRunner.run(TestRunner.java:595)
at org.testng.SuiteRunner.runTest(SuiteRunner.java:437)
at org.testng.SuiteRunner.runSequentially(SuiteRunner.java:431)
at org.testng.SuiteRunner.privateRun(SuiteRunner.java:391)
at org.testng.SuiteRunner.run(SuiteRunner.java:330)
at org.testng.SuiteRunnerWorker.runSuite(SuiteRunnerWorker.java:52)
at org.testng.SuiteRunnerWorker.run(SuiteRunnerWorker.java:95)
at org.testng.TestNG.runSuitesSequentially(TestNG.java:1256)
at org.testng.TestNG.runSuitesLocally(TestNG.java:1176)
at org.testng.TestNG.runSuites(TestNG.java:1099)
at org.testng.TestNG.run(TestNG.java:1067)
at org.apache.maven.surefire.testng.TestNGExecutor.run(TestNGExecutor.java:155)
at org.apache.maven.surefire.testng.TestNGDirectoryTestSuite.executeMulti(TestNGDirectoryTestSuite.java:169)
at org.apache.maven.surefire.testng.TestNGDirectoryTestSuite.execute(TestNGDirectoryTestSuite.java:88)
at org.apache.maven.surefire.testng.TestNGProvider.invoke(TestNGProvider.java:137)
at org.apache.maven.surefire.booter.ForkedBooter.runSuitesInProcess(ForkedBooter.java:385)
at org.apache.maven.surefire.booter.ForkedBooter.execute(ForkedBooter.java:162)
at org.apache.maven.surefire.booter.ForkedBooter.run(ForkedBooter.java:507)
at org.apache.maven.surefire.booter.ForkedBooter.main(ForkedBooter.java:495)
]]>
            </full-stacktrace>
          </exception> <!-- org.openqa.selenium.SessionNotCreatedException -->
          <reporter-output>
          </reporter-output>
        </test-method> <!-- setupQuestions -->
        <test-method is-config="true" signature="tearDown()[pri:0, instance:testcases.PrivacyTest@6e171cd7]" started-at="2023-06-09T21:14:54 PKT" name="tearDown" finished-at="2023-06-09T21:14:54 PKT" duration-ms="0" status="SKIP">
          <reporter-output>
          </reporter-output>
        </test-method> <!-- tearDown -->
        <test-method signature="verifyBlockedList()[pri:0, instance:testcases.PrivacyTest@6e171cd7]" started-at="2023-06-09T21:14:54 PKT" name="verifyBlockedList" finished-at="2023-06-09T21:14:54 PKT" depends-on-methods="testcases.PrivacyTest.block" duration-ms="0" status="SKIP">
          <exception class="java.lang.Throwable">
            <message>
              <![CDATA[Method testcases.PrivacyTest.verifyBlockedList() on instance testcases.PrivacyTest@6e171cd7 depends on not successfully finished methods 
[testcases.PrivacyTest.block() on instance testcases.PrivacyTest@6e171cd7]]]>
            </message>
            <full-stacktrace>
              <![CDATA[java.lang.Throwable: Method testcases.PrivacyTest.verifyBlockedList() on instance testcases.PrivacyTest@6e171cd7 depends on not successfully finished methods 
[testcases.PrivacyTest.block() on instance testcases.PrivacyTest@6e171cd7]
at org.testng.internal.invokers.TestInvoker.invokeTestMethods(TestInvoker.java:150)
at org.testng.internal.invokers.TestMethodWorker.invokeTestMethods(TestMethodWorker.java:148)
at org.testng.internal.invokers.TestMethodWorker.run(TestMethodWorker.java:128)
at java.base/java.util.ArrayList.forEach(ArrayList.java:1511)
at org.testng.TestRunner.privateRun(TestRunner.java:829)
at org.testng.TestRunner.run(TestRunner.java:602)
at org.testng.SuiteRunner.runTest(SuiteRunner.java:437)
at org.testng.SuiteRunner.runSequentially(SuiteRunner.java:431)
at org.testng.SuiteRunner.privateRun(SuiteRunner.java:391)
at org.testng.SuiteRunner.run(SuiteRunner.java:330)
at org.testng.SuiteRunnerWorker.runSuite(SuiteRunnerWorker.java:52)
at org.testng.SuiteRunnerWorker.run(SuiteRunnerWorker.java:95)
at org.testng.TestNG.runSuitesSequentially(TestNG.java:1256)
at org.testng.TestNG.runSuitesLocally(TestNG.java:1176)
at org.testng.TestNG.runSuites(TestNG.java:1099)
at org.testng.TestNG.run(TestNG.java:1067)
at org.apache.maven.surefire.testng.TestNGExecutor.run(TestNGExecutor.java:155)
at org.apache.maven.surefire.testng.TestNGDirectoryTestSuite.executeMulti(TestNGDirectoryTestSuite.java:169)
at org.apache.maven.surefire.testng.TestNGDirectoryTestSuite.execute(TestNGDirectoryTestSuite.java:88)
at org.apache.maven.surefire.testng.TestNGProvider.invoke(TestNGProvider.java:137)
at org.apache.maven.surefire.booter.ForkedBooter.runSuitesInProcess(ForkedBooter.java:385)
at org.apache.maven.surefire.booter.ForkedBooter.execute(ForkedBooter.java:162)
at org.apache.maven.surefire.booter.ForkedBooter.run(ForkedBooter.java:507)
at org.apache.maven.surefire.booter.ForkedBooter.main(ForkedBooter.java:495)
]]>
            </full-stacktrace>
          </exception> <!-- java.lang.Throwable -->
          <reporter-output>
          </reporter-output>
        </test-method> <!-- verifyBlockedList -->
        <test-method signature="unblock()[pri:0, instance:testcases.PrivacyTest@6e171cd7]" started-at="2023-06-09T21:14:54 PKT" name="unblock" finished-at="2023-06-09T21:14:54 PKT" depends-on-methods="testcases.PrivacyTest.verifyBlockedList" duration-ms="0" status="SKIP">
          <exception class="java.lang.Throwable">
            <message>
              <![CDATA[Method testcases.PrivacyTest.unblock() on instance testcases.PrivacyTest@6e171cd7 depends on not successfully finished methods 
[testcases.PrivacyTest.verifyBlockedList() on instance testcases.PrivacyTest@6e171cd7]]]>
            </message>
            <full-stacktrace>
              <![CDATA[java.lang.Throwable: Method testcases.PrivacyTest.unblock() on instance testcases.PrivacyTest@6e171cd7 depends on not successfully finished methods 
[testcases.PrivacyTest.verifyBlockedList() on instance testcases.PrivacyTest@6e171cd7]
at org.testng.internal.invokers.TestInvoker.invokeTestMethods(TestInvoker.java:150)
at org.testng.internal.invokers.TestMethodWorker.invokeTestMethods(TestMethodWorker.java:148)
at org.testng.internal.invokers.TestMethodWorker.run(TestMethodWorker.java:128)
at java.base/java.util.ArrayList.forEach(ArrayList.java:1511)
at org.testng.TestRunner.privateRun(TestRunner.java:829)
at org.testng.TestRunner.run(TestRunner.java:602)
at org.testng.SuiteRunner.runTest(SuiteRunner.java:437)
at org.testng.SuiteRunner.runSequentially(SuiteRunner.java:431)
at org.testng.SuiteRunner.privateRun(SuiteRunner.java:391)
at org.testng.SuiteRunner.run(SuiteRunner.java:330)
at org.testng.SuiteRunnerWorker.runSuite(SuiteRunnerWorker.java:52)
at org.testng.SuiteRunnerWorker.run(SuiteRunnerWorker.java:95)
at org.testng.TestNG.runSuitesSequentially(TestNG.java:1256)
at org.testng.TestNG.runSuitesLocally(TestNG.java:1176)
at org.testng.TestNG.runSuites(TestNG.java:1099)
at org.testng.TestNG.run(TestNG.java:1067)
at org.apache.maven.surefire.testng.TestNGExecutor.run(TestNGExecutor.java:155)
at org.apache.maven.surefire.testng.TestNGDirectoryTestSuite.executeMulti(TestNGDirectoryTestSuite.java:169)
at org.apache.maven.surefire.testng.TestNGDirectoryTestSuite.execute(TestNGDirectoryTestSuite.java:88)
at org.apache.maven.surefire.testng.TestNGProvider.invoke(TestNGProvider.java:137)
at org.apache.maven.surefire.booter.ForkedBooter.runSuitesInProcess(ForkedBooter.java:385)
at org.apache.maven.surefire.booter.ForkedBooter.execute(ForkedBooter.java:162)
at org.apache.maven.surefire.booter.ForkedBooter.run(ForkedBooter.java:507)
at org.apache.maven.surefire.booter.ForkedBooter.main(ForkedBooter.java:495)
]]>
            </full-stacktrace>
          </exception> <!-- java.lang.Throwable -->
          <reporter-output>
          </reporter-output>
        </test-method> <!-- unblock -->
        <test-method signature="isUnblocked()[pri:0, instance:testcases.PrivacyTest@6e171cd7]" started-at="2023-06-09T21:14:54 PKT" name="isUnblocked" finished-at="2023-06-09T21:14:54 PKT" depends-on-methods="testcases.PrivacyTest.unblock" duration-ms="0" status="SKIP">
          <exception class="java.lang.Throwable">
            <message>
              <![CDATA[Method testcases.PrivacyTest.isUnblocked() on instance testcases.PrivacyTest@6e171cd7 depends on not successfully finished methods 
[testcases.PrivacyTest.unblock() on instance testcases.PrivacyTest@6e171cd7]]]>
            </message>
            <full-stacktrace>
              <![CDATA[java.lang.Throwable: Method testcases.PrivacyTest.isUnblocked() on instance testcases.PrivacyTest@6e171cd7 depends on not successfully finished methods 
[testcases.PrivacyTest.unblock() on instance testcases.PrivacyTest@6e171cd7]
at org.testng.internal.invokers.TestInvoker.invokeTestMethods(TestInvoker.java:150)
at org.testng.internal.invokers.TestMethodWorker.invokeTestMethods(TestMethodWorker.java:148)
at org.testng.internal.invokers.TestMethodWorker.run(TestMethodWorker.java:128)
at java.base/java.util.ArrayList.forEach(ArrayList.java:1511)
at org.testng.TestRunner.privateRun(TestRunner.java:829)
at org.testng.TestRunner.run(TestRunner.java:602)
at org.testng.SuiteRunner.runTest(SuiteRunner.java:437)
at org.testng.SuiteRunner.runSequentially(SuiteRunner.java:431)
at org.testng.SuiteRunner.privateRun(SuiteRunner.java:391)
at org.testng.SuiteRunner.run(SuiteRunner.java:330)
at org.testng.SuiteRunnerWorker.runSuite(SuiteRunnerWorker.java:52)
at org.testng.SuiteRunnerWorker.run(SuiteRunnerWorker.java:95)
at org.testng.TestNG.runSuitesSequentially(TestNG.java:1256)
at org.testng.TestNG.runSuitesLocally(TestNG.java:1176)
at org.testng.TestNG.runSuites(TestNG.java:1099)
at org.testng.TestNG.run(TestNG.java:1067)
at org.apache.maven.surefire.testng.TestNGExecutor.run(TestNGExecutor.java:155)
at org.apache.maven.surefire.testng.TestNGDirectoryTestSuite.executeMulti(TestNGDirectoryTestSuite.java:169)
at org.apache.maven.surefire.testng.TestNGDirectoryTestSuite.execute(TestNGDirectoryTestSuite.java:88)
at org.apache.maven.surefire.testng.TestNGProvider.invoke(TestNGProvider.java:137)
at org.apache.maven.surefire.booter.ForkedBooter.runSuitesInProcess(ForkedBooter.java:385)
at org.apache.maven.surefire.booter.ForkedBooter.execute(ForkedBooter.java:162)
at org.apache.maven.surefire.booter.ForkedBooter.run(ForkedBooter.java:507)
at org.apache.maven.surefire.booter.ForkedBooter.main(ForkedBooter.java:495)
]]>
            </full-stacktrace>
          </exception> <!-- java.lang.Throwable -->
          <reporter-output>
          </reporter-output>
        </test-method> <!-- isUnblocked -->
      </class> <!-- testcases.PrivacyTest -->
    </test> <!-- Surefire test -->
  </suite> <!-- Surefire suite -->
</testng-results>
