<?xml version="1.0" encoding="UTF-8"?>
<testsuite xmlns:xsi="http://www.w3.org/2001/XMLSchema-instance" xsi:noNamespaceSchemaLocation="https://maven.apache.org/surefire/maven-surefire-plugin/xsd/surefire-test-report-3.0.xsd" version="3.0" name="TestSuite" time="59.603" tests="110" errors="0" skipped="109" failures="1">
  <properties>
[...]
</properties>
  <testcase name="Setup" classname="testcases.VideoCallTest" time="58.707">
    <failure message="Could not start a new session. Response code 500. Message: An unknown server-side error occurred while processing the command. Original error: Device 06081330BT105920 was not in the list of connected devices &#10;Host info: host: &apos;DESKTOP-P3MLEV3&apos;, ip: &apos;192.168.100.68&apos;&#10;Build info: version: &apos;4.10.0&apos;, revision: &apos;c14d967899&apos;&#10;System info: os.name: &apos;Windows 10&apos;, os.arch: &apos;amd64&apos;, os.version: &apos;10.0&apos;, java.version: &apos;19.0.1&apos;&#10;Driver info: io.appium.java_client.android.AndroidDriver&#10;Command: [null, newSession {capabilities=[{appium:systemPort=9000, appium:udid=06081330BT105920, appium:autoGrantPermissions=true, appium:newCommandTimeout=90, platformName=ANDROID, appium:automationName=UIAutomator2, appium:app=C:\Users\Ensx-pc\eclipse-workspace\xPalApp\src\test\java\resources\app-debug.apk}], desiredCapabilities=Capabilities {appium:app: C:\Users\Ensx-pc\eclipse-wo..., appium:autoGrantPermissions: true, appium:automationName: UIAutomator2, appium:newCommandTimeout: 90, appium:systemPort: 9000, appium:udid: 06081330BT105920, platformName: ANDROID}}]&#10;Capabilities {appium:app: C:\Users\Ensx-pc\eclipse-wo..., appium:autoGrantPermissions: true, appium:automationName: UIAutomator2, appium:newCommandTimeout: 90, appium:systemPort: 9000, appium:udid: 06081330BT105920, platformName: ANDROID}" type="org.openqa.selenium.SessionNotCreatedException"><![CDATA[org.openqa.selenium.SessionNotCreatedException: 
Could not start a new session. Response code 500. Message: An unknown server-side error occurred while processing the command. Original error: Device 06081330BT105920 was not in the list of connected devices 
Host info: host: 'DESKTOP-P3MLEV3', ip: '192.168.100.68'
Build info: version: '4.10.0', revision: 'c14d967899'
System info: os.name: 'Windows 10', os.arch: 'amd64', os.version: '10.0', java.version: '19.0.1'
Driver info: io.appium.java_client.android.AndroidDriver
Command: [null, newSession {capabilities=[{appium:systemPort=9000, appium:udid=06081330BT105920, appium:autoGrantPermissions=true, appium:newCommandTimeout=90, platformName=ANDROID, appium:automationName=UIAutomator2, appium:app=C:\Users\Ensx-pc\eclipse-workspace\xPalApp\src\test\java\resources\app-debug.apk}], desiredCapabilities=Capabilities {appium:app: C:\Users\Ensx-pc\eclipse-wo..., appium:autoGrantPermissions: true, appium:automationName: UIAutomator2, appium:newCommandTimeout: 90, appium:systemPort: 9000, appium:udid: 06081330BT105920, platformName: ANDROID}}]
Capabilities {appium:app: C:\Users\Ensx-pc\eclipse-wo..., appium:autoGrantPermissions: true, appium:automationName: UIAutomator2, appium:newCommandTimeout: 90, appium:systemPort: 9000, appium:udid: 06081330BT105920, platformName: ANDROID}
	at org.openqa.selenium.remote.ProtocolHandshake.createSession(ProtocolHandshake.java:140)
	at java.base/jdk.internal.reflect.DirectMethodHandleAccessor.invoke(DirectMethodHandleAccessor.java:104)
	at java.base/java.lang.reflect.Method.invoke(Method.java:578)
	at io.appium.java_client.remote.AppiumProtocolHandshake.createSession(AppiumProtocolHandshake.java:133)
	at io.appium.java_client.remote.AppiumProtocolHandshake.createSession(AppiumProtocolHandshake.java:102)
	at io.appium.java_client.remote.AppiumCommandExecutor.createSession(AppiumCommandExecutor.java:194)
	at io.appium.java_client.remote.AppiumCommandExecutor.execute(AppiumCommandExecutor.java:262)
	at org.openqa.selenium.remote.RemoteWebDriver.execute(RemoteWebDriver.java:531)
	at io.appium.java_client.AppiumDriver.startSession(AppiumDriver.java:229)
	at org.openqa.selenium.remote.RemoteWebDriver.<init>(RemoteWebDriver.java:154)
	at io.appium.java_client.AppiumDriver.<init>(AppiumDriver.java:80)
	at io.appium.java_client.AppiumDriver.<init>(AppiumDriver.java:92)
	at io.appium.java_client.android.AndroidDriver.<init>(AndroidDriver.java:117)
	at testcases.VideoCallTest.Setup(VideoCallTest.java:59)
	at java.base/jdk.internal.reflect.DirectMethodHandleAccessor.invoke(DirectMethodHandleAccessor.java:104)
	at java.base/java.lang.reflect.Method.invoke(Method.java:578)
	at org.testng.internal.invokers.MethodInvocationHelper.invokeMethod(MethodInvocationHelper.java:139)
	at org.testng.internal.invokers.MethodInvocationHelper.invokeMethodConsideringTimeout(MethodInvocationHelper.java:69)
	at org.testng.internal.invokers.ConfigInvoker.invokeConfigurationMethod(ConfigInvoker.java:361)
	at org.testng.internal.invokers.ConfigInvoker.invokeConfigurations(ConfigInvoker.java:296)
	at org.testng.TestRunner.invokeTestConfigurations(TestRunner.java:644)
	at org.testng.TestRunner.beforeRun(TestRunner.java:633)
	at org.testng.TestRunner.run(TestRunner.java:595)
	at org.testng.SuiteRunner.runTest(SuiteRunner.java:437)
	at org.testng.SuiteRunner.runSequentially(SuiteRunner.java:431)
	at org.testng.SuiteRunner.privateRun(SuiteRunner.java:391)
	at org.testng.SuiteRunner.run(SuiteRunner.java:330)
	at org.testng.SuiteRunnerWorker.runSuite(SuiteRunnerWorker.java:52)
	at org.testng.SuiteRunnerWorker.run(SuiteRunnerWorker.java:95)
	at org.testng.TestNG.runSuitesSequentially(TestNG.java:1256)
	at org.testng.TestNG.runSuitesLocally(TestNG.java:1176)
	at org.testng.TestNG.runSuites(TestNG.java:1099)
	at org.testng.TestNG.run(TestNG.java:1067)
	at org.apache.maven.surefire.testng.TestNGExecutor.run(TestNGExecutor.java:155)
	at org.apache.maven.surefire.testng.TestNGDirectoryTestSuite.executeMulti(TestNGDirectoryTestSuite.java:169)
	at org.apache.maven.surefire.testng.TestNGDirectoryTestSuite.execute(TestNGDirectoryTestSuite.java:88)
	at org.apache.maven.surefire.testng.TestNGProvider.invoke(TestNGProvider.java:137)
	at org.apache.maven.surefire.booter.ForkedBooter.runSuitesInProcess(ForkedBooter.java:385)
	at org.apache.maven.surefire.booter.ForkedBooter.execute(ForkedBooter.java:162)
	at org.apache.maven.surefire.booter.ForkedBooter.run(ForkedBooter.java:507)
	at org.apache.maven.surefire.booter.ForkedBooter.main(ForkedBooter.java:495)
]]></failure>
    <system-err><![CDATA[SLF4J: No SLF4J providers were found.
SLF4J: Defaulting to no-operation (NOP) logger implementation
SLF4J: See https://www.slf4j.org/codes.html#noProviders for further details.
]]></system-err>
  </testcase>
  <testcase name="videoCall" classname="testcases.VideoCallTest" time="0.0">
    <skipped message="Could not start a new session. Response code 500. Message: An unknown server-side error occurred while processing the command. Original error: Device 06081330BT105920 was not in the list of connected devices &#10;Host info: host: &apos;DESKTOP-P3MLEV3&apos;, ip: &apos;192.168.100.68&apos;&#10;Build info: version: &apos;4.10.0&apos;, revision: &apos;c14d967899&apos;&#10;System info: os.name: &apos;Windows 10&apos;, os.arch: &apos;amd64&apos;, os.version: &apos;10.0&apos;, java.version: &apos;19.0.1&apos;&#10;Driver info: io.appium.java_client.android.AndroidDriver&#10;Command: [null, newSession {capabilities=[{appium:systemPort=9000, appium:udid=06081330BT105920, appium:autoGrantPermissions=true, appium:newCommandTimeout=90, platformName=ANDROID, appium:automationName=UIAutomator2, appium:app=C:\Users\Ensx-pc\eclipse-workspace\xPalApp\src\test\java\resources\app-debug.apk}], desiredCapabilities=Capabilities {appium:app: C:\Users\Ensx-pc\eclipse-wo..., appium:autoGrantPermissions: true, appium:automationName: UIAutomator2, appium:newCommandTimeout: 90, appium:systemPort: 9000, appium:udid: 06081330BT105920, platformName: ANDROID}}]&#10;Capabilities {appium:app: C:\Users\Ensx-pc\eclipse-wo..., appium:autoGrantPermissions: true, appium:automationName: UIAutomator2, appium:newCommandTimeout: 90, appium:systemPort: 9000, appium:udid: 06081330BT105920, platformName: ANDROID}"/>
  </testcase>
  <testcase name="videoCallDuration" classname="testcases.VideoCallTest" time="0.0">
    <skipped message="Method testcases.VideoCallTest.videoCallDuration() on instance testcases.VideoCallTest@123ef382 depends on not successfully finished methods &#10;[testcases.VideoCallTest.videoCall() on instance testcases.VideoCallTest@123ef382]"/>
  </testcase>
  <testcase name="quitDrivers" classname="testcases.VideoCallTest" time="0.0">
    <skipped/>
  </testcase>
  <testcase name="configureAppium" classname="testcases.AddContactTest" time="0.0">
    <skipped/>
  </testcase>
  <testcase name="configureAppium" classname="testcases.AddContactTest" time="0.0">
    <skipped/>
  </testcase>
  <testcase name="addContact[{xID=831 056 341, Name=Friend1}](1)" classname="testcases.AddContactTest" time="0.0">
    <skipped message="Could not start a new session. Response code 500. Message: An unknown server-side error occurred while processing the command. Original error: Device 06081330BT105920 was not in the list of connected devices &#10;Host info: host: &apos;DESKTOP-P3MLEV3&apos;, ip: &apos;192.168.100.68&apos;&#10;Build info: version: &apos;4.10.0&apos;, revision: &apos;c14d967899&apos;&#10;System info: os.name: &apos;Windows 10&apos;, os.arch: &apos;amd64&apos;, os.version: &apos;10.0&apos;, java.version: &apos;19.0.1&apos;&#10;Driver info: io.appium.java_client.android.AndroidDriver&#10;Command: [null, newSession {capabilities=[{appium:systemPort=9000, appium:udid=06081330BT105920, appium:autoGrantPermissions=true, appium:newCommandTimeout=90, platformName=ANDROID, appium:automationName=UIAutomator2, appium:app=C:\Users\Ensx-pc\eclipse-workspace\xPalApp\src\test\java\resources\app-debug.apk}], desiredCapabilities=Capabilities {appium:app: C:\Users\Ensx-pc\eclipse-wo..., appium:autoGrantPermissions: true, appium:automationName: UIAutomator2, appium:newCommandTimeout: 90, appium:systemPort: 9000, appium:udid: 06081330BT105920, platformName: ANDROID}}]&#10;Capabilities {appium:app: C:\Users\Ensx-pc\eclipse-wo..., appium:autoGrantPermissions: true, appium:automationName: UIAutomator2, appium:newCommandTimeout: 90, appium:systemPort: 9000, appium:udid: 06081330BT105920, platformName: ANDROID}"/>
  </testcase>
  <testcase name="tearDown" classname="testcases.AddContactTest" time="0.0">
    <skipped/>
  </testcase>
  <testcase name="tearDown" classname="testcases.AddContactTest" time="0.0">
    <skipped/>
  </testcase>
  <testcase name="addContact[{xID=782 178 023, Name=Friend2}](2)" classname="testcases.AddContactTest" time="0.0">
    <skipped message="Could not start a new session. Response code 500. Message: An unknown server-side error occurred while processing the command. Original error: Device 06081330BT105920 was not in the list of connected devices &#10;Host info: host: &apos;DESKTOP-P3MLEV3&apos;, ip: &apos;192.168.100.68&apos;&#10;Build info: version: &apos;4.10.0&apos;, revision: &apos;c14d967899&apos;&#10;System info: os.name: &apos;Windows 10&apos;, os.arch: &apos;amd64&apos;, os.version: &apos;10.0&apos;, java.version: &apos;19.0.1&apos;&#10;Driver info: io.appium.java_client.android.AndroidDriver&#10;Command: [null, newSession {capabilities=[{appium:systemPort=9000, appium:udid=06081330BT105920, appium:autoGrantPermissions=true, appium:newCommandTimeout=90, platformName=ANDROID, appium:automationName=UIAutomator2, appium:app=C:\Users\Ensx-pc\eclipse-workspace\xPalApp\src\test\java\resources\app-debug.apk}], desiredCapabilities=Capabilities {appium:app: C:\Users\Ensx-pc\eclipse-wo..., appium:autoGrantPermissions: true, appium:automationName: UIAutomator2, appium:newCommandTimeout: 90, appium:systemPort: 9000, appium:udid: 06081330BT105920, platformName: ANDROID}}]&#10;Capabilities {appium:app: C:\Users\Ensx-pc\eclipse-wo..., appium:autoGrantPermissions: true, appium:automationName: UIAutomator2, appium:newCommandTimeout: 90, appium:systemPort: 9000, appium:udid: 06081330BT105920, platformName: ANDROID}"/>
  </testcase>
  <testcase name="BeforeChat" classname="testcases.AudioCallTest" time="0.0">
    <skipped/>
  </testcase>
  <testcase name="AudioCall" classname="testcases.AudioCallTest" time="0.0">
    <skipped message="Could not start a new session. Response code 500. Message: An unknown server-side error occurred while processing the command. Original error: Device 06081330BT105920 was not in the list of connected devices &#10;Host info: host: &apos;DESKTOP-P3MLEV3&apos;, ip: &apos;192.168.100.68&apos;&#10;Build info: version: &apos;4.10.0&apos;, revision: &apos;c14d967899&apos;&#10;System info: os.name: &apos;Windows 10&apos;, os.arch: &apos;amd64&apos;, os.version: &apos;10.0&apos;, java.version: &apos;19.0.1&apos;&#10;Driver info: io.appium.java_client.android.AndroidDriver&#10;Command: [null, newSession {capabilities=[{appium:systemPort=9000, appium:udid=06081330BT105920, appium:autoGrantPermissions=true, appium:newCommandTimeout=90, platformName=ANDROID, appium:automationName=UIAutomator2, appium:app=C:\Users\Ensx-pc\eclipse-workspace\xPalApp\src\test\java\resources\app-debug.apk}], desiredCapabilities=Capabilities {appium:app: C:\Users\Ensx-pc\eclipse-wo..., appium:autoGrantPermissions: true, appium:automationName: UIAutomator2, appium:newCommandTimeout: 90, appium:systemPort: 9000, appium:udid: 06081330BT105920, platformName: ANDROID}}]&#10;Capabilities {appium:app: C:\Users\Ensx-pc\eclipse-wo..., appium:autoGrantPermissions: true, appium:automationName: UIAutomator2, appium:newCommandTimeout: 90, appium:systemPort: 9000, appium:udid: 06081330BT105920, platformName: ANDROID}"/>
  </testcase>
  <testcase name="quit" classname="testcases.AudioCallTest" time="0.0">
    <skipped/>
  </testcase>
  <testcase name="configureAppium" classname="testcases.ChatErrorValidationsTest" time="0.0">
    <skipped/>
  </testcase>
  <testcase name="configureAppium" classname="testcases.ChatErrorValidationsTest" time="0.0">
    <skipped/>
  </testcase>
  <testcase name="selectMoreThan4Images" classname="testcases.ChatErrorValidationsTest" time="0.0">
    <skipped message="Could not start a new session. Response code 500. Message: An unknown server-side error occurred while processing the command. Original error: Device 06081330BT105920 was not in the list of connected devices &#10;Host info: host: &apos;DESKTOP-P3MLEV3&apos;, ip: &apos;192.168.100.68&apos;&#10;Build info: version: &apos;4.10.0&apos;, revision: &apos;c14d967899&apos;&#10;System info: os.name: &apos;Windows 10&apos;, os.arch: &apos;amd64&apos;, os.version: &apos;10.0&apos;, java.version: &apos;19.0.1&apos;&#10;Driver info: io.appium.java_client.android.AndroidDriver&#10;Command: [null, newSession {capabilities=[{appium:systemPort=9000, appium:udid=06081330BT105920, appium:autoGrantPermissions=true, appium:newCommandTimeout=90, platformName=ANDROID, appium:automationName=UIAutomator2, appium:app=C:\Users\Ensx-pc\eclipse-workspace\xPalApp\src\test\java\resources\app-debug.apk}], desiredCapabilities=Capabilities {appium:app: C:\Users\Ensx-pc\eclipse-wo..., appium:autoGrantPermissions: true, appium:automationName: UIAutomator2, appium:newCommandTimeout: 90, appium:systemPort: 9000, appium:udid: 06081330BT105920, platformName: ANDROID}}]&#10;Capabilities {appium:app: C:\Users\Ensx-pc\eclipse-wo..., appium:autoGrantPermissions: true, appium:automationName: UIAutomator2, appium:newCommandTimeout: 90, appium:systemPort: 9000, appium:udid: 06081330BT105920, platformName: ANDROID}"/>
  </testcase>
  <testcase name="tearDown" classname="testcases.ChatErrorValidationsTest" time="0.0">
    <skipped/>
  </testcase>
  <testcase name="tearDown" classname="testcases.ChatErrorValidationsTest" time="0.0">
    <skipped/>
  </testcase>
  <testcase name="browseInvalidVideo" classname="testcases.ChatErrorValidationsTest" time="0.0">
    <skipped message="Could not start a new session. Response code 500. Message: An unknown server-side error occurred while processing the command. Original error: Device 06081330BT105920 was not in the list of connected devices &#10;Host info: host: &apos;DESKTOP-P3MLEV3&apos;, ip: &apos;192.168.100.68&apos;&#10;Build info: version: &apos;4.10.0&apos;, revision: &apos;c14d967899&apos;&#10;System info: os.name: &apos;Windows 10&apos;, os.arch: &apos;amd64&apos;, os.version: &apos;10.0&apos;, java.version: &apos;19.0.1&apos;&#10;Driver info: io.appium.java_client.android.AndroidDriver&#10;Command: [null, newSession {capabilities=[{appium:systemPort=9000, appium:udid=06081330BT105920, appium:autoGrantPermissions=true, appium:newCommandTimeout=90, platformName=ANDROID, appium:automationName=UIAutomator2, appium:app=C:\Users\Ensx-pc\eclipse-workspace\xPalApp\src\test\java\resources\app-debug.apk}], desiredCapabilities=Capabilities {appium:app: C:\Users\Ensx-pc\eclipse-wo..., appium:autoGrantPermissions: true, appium:automationName: UIAutomator2, appium:newCommandTimeout: 90, appium:systemPort: 9000, appium:udid: 06081330BT105920, platformName: ANDROID}}]&#10;Capabilities {appium:app: C:\Users\Ensx-pc\eclipse-wo..., appium:autoGrantPermissions: true, appium:automationName: UIAutomator2, appium:newCommandTimeout: 90, appium:systemPort: 9000, appium:udid: 06081330BT105920, platformName: ANDROID}"/>
  </testcase>
  <testcase name="BeforeChat" classname="testcases.ChatTest" time="0.0">
    <skipped/>
  </testcase>
  <testcase name="BeforeChat" classname="testcases.ChatTest" time="0.0">
    <skipped/>
  </testcase>
  <testcase name="BeforeChat" classname="testcases.ChatTest" time="0.0">
    <skipped/>
  </testcase>
  <testcase name="BeforeChat" classname="testcases.ChatTest" time="0.0">
    <skipped/>
  </testcase>
  <testcase name="BeforeChat" classname="testcases.ChatTest" time="0.0">
    <skipped/>
  </testcase>
  <testcase name="BeforeChat" classname="testcases.ChatTest" time="0.0">
    <skipped/>
  </testcase>
  <testcase name="BeforeChat" classname="testcases.ChatTest" time="0.0">
    <skipped/>
  </testcase>
  <testcase name="BeforeChat" classname="testcases.ChatTest" time="0.0">
    <skipped/>
  </testcase>
  <testcase name="BeforeChat" classname="testcases.ChatTest" time="0.0">
    <skipped/>
  </testcase>
  <testcase name="BeforeChat" classname="testcases.ChatTest" time="0.0">
    <skipped/>
  </testcase>
  <testcase name="shareContact" classname="testcases.ChatTest" time="0.0">
    <skipped message="Could not start a new session. Response code 500. Message: An unknown server-side error occurred while processing the command. Original error: Device 06081330BT105920 was not in the list of connected devices &#10;Host info: host: &apos;DESKTOP-P3MLEV3&apos;, ip: &apos;192.168.100.68&apos;&#10;Build info: version: &apos;4.10.0&apos;, revision: &apos;c14d967899&apos;&#10;System info: os.name: &apos;Windows 10&apos;, os.arch: &apos;amd64&apos;, os.version: &apos;10.0&apos;, java.version: &apos;19.0.1&apos;&#10;Driver info: io.appium.java_client.android.AndroidDriver&#10;Command: [null, newSession {capabilities=[{appium:systemPort=9000, appium:udid=06081330BT105920, appium:autoGrantPermissions=true, appium:newCommandTimeout=90, platformName=ANDROID, appium:automationName=UIAutomator2, appium:app=C:\Users\Ensx-pc\eclipse-workspace\xPalApp\src\test\java\resources\app-debug.apk}], desiredCapabilities=Capabilities {appium:app: C:\Users\Ensx-pc\eclipse-wo..., appium:autoGrantPermissions: true, appium:automationName: UIAutomator2, appium:newCommandTimeout: 90, appium:systemPort: 9000, appium:udid: 06081330BT105920, platformName: ANDROID}}]&#10;Capabilities {appium:app: C:\Users\Ensx-pc\eclipse-wo..., appium:autoGrantPermissions: true, appium:automationName: UIAutomator2, appium:newCommandTimeout: 90, appium:systemPort: 9000, appium:udid: 06081330BT105920, platformName: ANDROID}"/>
  </testcase>
  <testcase name="afterChat" classname="testcases.ChatTest" time="0.0">
    <skipped/>
  </testcase>
  <testcase name="afterChat" classname="testcases.ChatTest" time="0.0">
    <skipped/>
  </testcase>
  <testcase name="afterChat" classname="testcases.ChatTest" time="0.0">
    <skipped/>
  </testcase>
  <testcase name="afterChat" classname="testcases.ChatTest" time="0.0">
    <skipped/>
  </testcase>
  <testcase name="afterChat" classname="testcases.ChatTest" time="0.0">
    <skipped/>
  </testcase>
  <testcase name="afterChat" classname="testcases.ChatTest" time="0.0">
    <skipped/>
  </testcase>
  <testcase name="afterChat" classname="testcases.ChatTest" time="0.0">
    <skipped/>
  </testcase>
  <testcase name="afterChat" classname="testcases.ChatTest" time="0.0">
    <skipped/>
  </testcase>
  <testcase name="afterChat" classname="testcases.ChatTest" time="0.0">
    <skipped/>
  </testcase>
  <testcase name="afterChat" classname="testcases.ChatTest" time="0.0">
    <skipped/>
  </testcase>
  <testcase name="textMsg" classname="testcases.ChatTest" time="0.0">
    <skipped message="Could not start a new session. Response code 500. Message: An unknown server-side error occurred while processing the command. Original error: Device 06081330BT105920 was not in the list of connected devices &#10;Host info: host: &apos;DESKTOP-P3MLEV3&apos;, ip: &apos;192.168.100.68&apos;&#10;Build info: version: &apos;4.10.0&apos;, revision: &apos;c14d967899&apos;&#10;System info: os.name: &apos;Windows 10&apos;, os.arch: &apos;amd64&apos;, os.version: &apos;10.0&apos;, java.version: &apos;19.0.1&apos;&#10;Driver info: io.appium.java_client.android.AndroidDriver&#10;Command: [null, newSession {capabilities=[{appium:systemPort=9000, appium:udid=06081330BT105920, appium:autoGrantPermissions=true, appium:newCommandTimeout=90, platformName=ANDROID, appium:automationName=UIAutomator2, appium:app=C:\Users\Ensx-pc\eclipse-workspace\xPalApp\src\test\java\resources\app-debug.apk}], desiredCapabilities=Capabilities {appium:app: C:\Users\Ensx-pc\eclipse-wo..., appium:autoGrantPermissions: true, appium:automationName: UIAutomator2, appium:newCommandTimeout: 90, appium:systemPort: 9000, appium:udid: 06081330BT105920, platformName: ANDROID}}]&#10;Capabilities {appium:app: C:\Users\Ensx-pc\eclipse-wo..., appium:autoGrantPermissions: true, appium:automationName: UIAutomator2, appium:newCommandTimeout: 90, appium:systemPort: 9000, appium:udid: 06081330BT105920, platformName: ANDROID}"/>
  </testcase>
  <testcase name="captureImage" classname="testcases.ChatTest" time="0.0">
    <skipped message="Could not start a new session. Response code 500. Message: An unknown server-side error occurred while processing the command. Original error: Device 06081330BT105920 was not in the list of connected devices &#10;Host info: host: &apos;DESKTOP-P3MLEV3&apos;, ip: &apos;192.168.100.68&apos;&#10;Build info: version: &apos;4.10.0&apos;, revision: &apos;c14d967899&apos;&#10;System info: os.name: &apos;Windows 10&apos;, os.arch: &apos;amd64&apos;, os.version: &apos;10.0&apos;, java.version: &apos;19.0.1&apos;&#10;Driver info: io.appium.java_client.android.AndroidDriver&#10;Command: [null, newSession {capabilities=[{appium:systemPort=9000, appium:udid=06081330BT105920, appium:autoGrantPermissions=true, appium:newCommandTimeout=90, platformName=ANDROID, appium:automationName=UIAutomator2, appium:app=C:\Users\Ensx-pc\eclipse-workspace\xPalApp\src\test\java\resources\app-debug.apk}], desiredCapabilities=Capabilities {appium:app: C:\Users\Ensx-pc\eclipse-wo..., appium:autoGrantPermissions: true, appium:automationName: UIAutomator2, appium:newCommandTimeout: 90, appium:systemPort: 9000, appium:udid: 06081330BT105920, platformName: ANDROID}}]&#10;Capabilities {appium:app: C:\Users\Ensx-pc\eclipse-wo..., appium:autoGrantPermissions: true, appium:automationName: UIAutomator2, appium:newCommandTimeout: 90, appium:systemPort: 9000, appium:udid: 06081330BT105920, platformName: ANDROID}"/>
  </testcase>
  <testcase name="browseImage" classname="testcases.ChatTest" time="0.0">
    <skipped message="Could not start a new session. Response code 500. Message: An unknown server-side error occurred while processing the command. Original error: Device 06081330BT105920 was not in the list of connected devices &#10;Host info: host: &apos;DESKTOP-P3MLEV3&apos;, ip: &apos;192.168.100.68&apos;&#10;Build info: version: &apos;4.10.0&apos;, revision: &apos;c14d967899&apos;&#10;System info: os.name: &apos;Windows 10&apos;, os.arch: &apos;amd64&apos;, os.version: &apos;10.0&apos;, java.version: &apos;19.0.1&apos;&#10;Driver info: io.appium.java_client.android.AndroidDriver&#10;Command: [null, newSession {capabilities=[{appium:systemPort=9000, appium:udid=06081330BT105920, appium:autoGrantPermissions=true, appium:newCommandTimeout=90, platformName=ANDROID, appium:automationName=UIAutomator2, appium:app=C:\Users\Ensx-pc\eclipse-workspace\xPalApp\src\test\java\resources\app-debug.apk}], desiredCapabilities=Capabilities {appium:app: C:\Users\Ensx-pc\eclipse-wo..., appium:autoGrantPermissions: true, appium:automationName: UIAutomator2, appium:newCommandTimeout: 90, appium:systemPort: 9000, appium:udid: 06081330BT105920, platformName: ANDROID}}]&#10;Capabilities {appium:app: C:\Users\Ensx-pc\eclipse-wo..., appium:autoGrantPermissions: true, appium:automationName: UIAutomator2, appium:newCommandTimeout: 90, appium:systemPort: 9000, appium:udid: 06081330BT105920, platformName: ANDROID}"/>
  </testcase>
  <testcase name="browseMultiImage" classname="testcases.ChatTest" time="0.0">
    <skipped message="Could not start a new session. Response code 500. Message: An unknown server-side error occurred while processing the command. Original error: Device 06081330BT105920 was not in the list of connected devices &#10;Host info: host: &apos;DESKTOP-P3MLEV3&apos;, ip: &apos;192.168.100.68&apos;&#10;Build info: version: &apos;4.10.0&apos;, revision: &apos;c14d967899&apos;&#10;System info: os.name: &apos;Windows 10&apos;, os.arch: &apos;amd64&apos;, os.version: &apos;10.0&apos;, java.version: &apos;19.0.1&apos;&#10;Driver info: io.appium.java_client.android.AndroidDriver&#10;Command: [null, newSession {capabilities=[{appium:systemPort=9000, appium:udid=06081330BT105920, appium:autoGrantPermissions=true, appium:newCommandTimeout=90, platformName=ANDROID, appium:automationName=UIAutomator2, appium:app=C:\Users\Ensx-pc\eclipse-workspace\xPalApp\src\test\java\resources\app-debug.apk}], desiredCapabilities=Capabilities {appium:app: C:\Users\Ensx-pc\eclipse-wo..., appium:autoGrantPermissions: true, appium:automationName: UIAutomator2, appium:newCommandTimeout: 90, appium:systemPort: 9000, appium:udid: 06081330BT105920, platformName: ANDROID}}]&#10;Capabilities {appium:app: C:\Users\Ensx-pc\eclipse-wo..., appium:autoGrantPermissions: true, appium:automationName: UIAutomator2, appium:newCommandTimeout: 90, appium:systemPort: 9000, appium:udid: 06081330BT105920, platformName: ANDROID}"/>
  </testcase>
  <testcase name="browseValidVideo" classname="testcases.ChatTest" time="0.0">
    <skipped message="Could not start a new session. Response code 500. Message: An unknown server-side error occurred while processing the command. Original error: Device 06081330BT105920 was not in the list of connected devices &#10;Host info: host: &apos;DESKTOP-P3MLEV3&apos;, ip: &apos;192.168.100.68&apos;&#10;Build info: version: &apos;4.10.0&apos;, revision: &apos;c14d967899&apos;&#10;System info: os.name: &apos;Windows 10&apos;, os.arch: &apos;amd64&apos;, os.version: &apos;10.0&apos;, java.version: &apos;19.0.1&apos;&#10;Driver info: io.appium.java_client.android.AndroidDriver&#10;Command: [null, newSession {capabilities=[{appium:systemPort=9000, appium:udid=06081330BT105920, appium:autoGrantPermissions=true, appium:newCommandTimeout=90, platformName=ANDROID, appium:automationName=UIAutomator2, appium:app=C:\Users\Ensx-pc\eclipse-workspace\xPalApp\src\test\java\resources\app-debug.apk}], desiredCapabilities=Capabilities {appium:app: C:\Users\Ensx-pc\eclipse-wo..., appium:autoGrantPermissions: true, appium:automationName: UIAutomator2, appium:newCommandTimeout: 90, appium:systemPort: 9000, appium:udid: 06081330BT105920, platformName: ANDROID}}]&#10;Capabilities {appium:app: C:\Users\Ensx-pc\eclipse-wo..., appium:autoGrantPermissions: true, appium:automationName: UIAutomator2, appium:newCommandTimeout: 90, appium:systemPort: 9000, appium:udid: 06081330BT105920, platformName: ANDROID}"/>
  </testcase>
  <testcase name="captureVideo" classname="testcases.ChatTest" time="0.0">
    <skipped message="Could not start a new session. Response code 500. Message: An unknown server-side error occurred while processing the command. Original error: Device 06081330BT105920 was not in the list of connected devices &#10;Host info: host: &apos;DESKTOP-P3MLEV3&apos;, ip: &apos;192.168.100.68&apos;&#10;Build info: version: &apos;4.10.0&apos;, revision: &apos;c14d967899&apos;&#10;System info: os.name: &apos;Windows 10&apos;, os.arch: &apos;amd64&apos;, os.version: &apos;10.0&apos;, java.version: &apos;19.0.1&apos;&#10;Driver info: io.appium.java_client.android.AndroidDriver&#10;Command: [null, newSession {capabilities=[{appium:systemPort=9000, appium:udid=06081330BT105920, appium:autoGrantPermissions=true, appium:newCommandTimeout=90, platformName=ANDROID, appium:automationName=UIAutomator2, appium:app=C:\Users\Ensx-pc\eclipse-workspace\xPalApp\src\test\java\resources\app-debug.apk}], desiredCapabilities=Capabilities {appium:app: C:\Users\Ensx-pc\eclipse-wo..., appium:autoGrantPermissions: true, appium:automationName: UIAutomator2, appium:newCommandTimeout: 90, appium:systemPort: 9000, appium:udid: 06081330BT105920, platformName: ANDROID}}]&#10;Capabilities {appium:app: C:\Users\Ensx-pc\eclipse-wo..., appium:autoGrantPermissions: true, appium:automationName: UIAutomator2, appium:newCommandTimeout: 90, appium:systemPort: 9000, appium:udid: 06081330BT105920, platformName: ANDROID}"/>
  </testcase>
  <testcase name="disappearingMsg" classname="testcases.ChatTest" time="0.0">
    <skipped message="Could not start a new session. Response code 500. Message: An unknown server-side error occurred while processing the command. Original error: Device 06081330BT105920 was not in the list of connected devices &#10;Host info: host: &apos;DESKTOP-P3MLEV3&apos;, ip: &apos;192.168.100.68&apos;&#10;Build info: version: &apos;4.10.0&apos;, revision: &apos;c14d967899&apos;&#10;System info: os.name: &apos;Windows 10&apos;, os.arch: &apos;amd64&apos;, os.version: &apos;10.0&apos;, java.version: &apos;19.0.1&apos;&#10;Driver info: io.appium.java_client.android.AndroidDriver&#10;Command: [null, newSession {capabilities=[{appium:systemPort=9000, appium:udid=06081330BT105920, appium:autoGrantPermissions=true, appium:newCommandTimeout=90, platformName=ANDROID, appium:automationName=UIAutomator2, appium:app=C:\Users\Ensx-pc\eclipse-workspace\xPalApp\src\test\java\resources\app-debug.apk}], desiredCapabilities=Capabilities {appium:app: C:\Users\Ensx-pc\eclipse-wo..., appium:autoGrantPermissions: true, appium:automationName: UIAutomator2, appium:newCommandTimeout: 90, appium:systemPort: 9000, appium:udid: 06081330BT105920, platformName: ANDROID}}]&#10;Capabilities {appium:app: C:\Users\Ensx-pc\eclipse-wo..., appium:autoGrantPermissions: true, appium:automationName: UIAutomator2, appium:newCommandTimeout: 90, appium:systemPort: 9000, appium:udid: 06081330BT105920, platformName: ANDROID}"/>
  </testcase>
  <testcase name="disappearingImage" classname="testcases.ChatTest" time="0.0">
    <skipped message="Could not start a new session. Response code 500. Message: An unknown server-side error occurred while processing the command. Original error: Device 06081330BT105920 was not in the list of connected devices &#10;Host info: host: &apos;DESKTOP-P3MLEV3&apos;, ip: &apos;192.168.100.68&apos;&#10;Build info: version: &apos;4.10.0&apos;, revision: &apos;c14d967899&apos;&#10;System info: os.name: &apos;Windows 10&apos;, os.arch: &apos;amd64&apos;, os.version: &apos;10.0&apos;, java.version: &apos;19.0.1&apos;&#10;Driver info: io.appium.java_client.android.AndroidDriver&#10;Command: [null, newSession {capabilities=[{appium:systemPort=9000, appium:udid=06081330BT105920, appium:autoGrantPermissions=true, appium:newCommandTimeout=90, platformName=ANDROID, appium:automationName=UIAutomator2, appium:app=C:\Users\Ensx-pc\eclipse-workspace\xPalApp\src\test\java\resources\app-debug.apk}], desiredCapabilities=Capabilities {appium:app: C:\Users\Ensx-pc\eclipse-wo..., appium:autoGrantPermissions: true, appium:automationName: UIAutomator2, appium:newCommandTimeout: 90, appium:systemPort: 9000, appium:udid: 06081330BT105920, platformName: ANDROID}}]&#10;Capabilities {appium:app: C:\Users\Ensx-pc\eclipse-wo..., appium:autoGrantPermissions: true, appium:automationName: UIAutomator2, appium:newCommandTimeout: 90, appium:systemPort: 9000, appium:udid: 06081330BT105920, platformName: ANDROID}"/>
  </testcase>
  <testcase name="sendPendingMsg" classname="testcases.ChatTest" time="0.0">
    <skipped message="Could not start a new session. Response code 500. Message: An unknown server-side error occurred while processing the command. Original error: Device 06081330BT105920 was not in the list of connected devices &#10;Host info: host: &apos;DESKTOP-P3MLEV3&apos;, ip: &apos;192.168.100.68&apos;&#10;Build info: version: &apos;4.10.0&apos;, revision: &apos;c14d967899&apos;&#10;System info: os.name: &apos;Windows 10&apos;, os.arch: &apos;amd64&apos;, os.version: &apos;10.0&apos;, java.version: &apos;19.0.1&apos;&#10;Driver info: io.appium.java_client.android.AndroidDriver&#10;Command: [null, newSession {capabilities=[{appium:systemPort=9000, appium:udid=06081330BT105920, appium:autoGrantPermissions=true, appium:newCommandTimeout=90, platformName=ANDROID, appium:automationName=UIAutomator2, appium:app=C:\Users\Ensx-pc\eclipse-workspace\xPalApp\src\test\java\resources\app-debug.apk}], desiredCapabilities=Capabilities {appium:app: C:\Users\Ensx-pc\eclipse-wo..., appium:autoGrantPermissions: true, appium:automationName: UIAutomator2, appium:newCommandTimeout: 90, appium:systemPort: 9000, appium:udid: 06081330BT105920, platformName: ANDROID}}]&#10;Capabilities {appium:app: C:\Users\Ensx-pc\eclipse-wo..., appium:autoGrantPermissions: true, appium:automationName: UIAutomator2, appium:newCommandTimeout: 90, appium:systemPort: 9000, appium:udid: 06081330BT105920, platformName: ANDROID}"/>
  </testcase>
  <testcase name="configureAppium" classname="testcases.EditProfileTest" time="0.0">
    <skipped/>
  </testcase>
  <testcase name="configureAppium" classname="testcases.EditProfileTest" time="0.0">
    <skipped/>
  </testcase>
  <testcase name="editProfile" classname="testcases.EditProfileTest" time="0.0">
    <skipped message="Could not start a new session. Response code 500. Message: An unknown server-side error occurred while processing the command. Original error: Device 06081330BT105920 was not in the list of connected devices &#10;Host info: host: &apos;DESKTOP-P3MLEV3&apos;, ip: &apos;192.168.100.68&apos;&#10;Build info: version: &apos;4.10.0&apos;, revision: &apos;c14d967899&apos;&#10;System info: os.name: &apos;Windows 10&apos;, os.arch: &apos;amd64&apos;, os.version: &apos;10.0&apos;, java.version: &apos;19.0.1&apos;&#10;Driver info: io.appium.java_client.android.AndroidDriver&#10;Command: [null, newSession {capabilities=[{appium:systemPort=9000, appium:udid=06081330BT105920, appium:autoGrantPermissions=true, appium:newCommandTimeout=90, platformName=ANDROID, appium:automationName=UIAutomator2, appium:app=C:\Users\Ensx-pc\eclipse-workspace\xPalApp\src\test\java\resources\app-debug.apk}], desiredCapabilities=Capabilities {appium:app: C:\Users\Ensx-pc\eclipse-wo..., appium:autoGrantPermissions: true, appium:automationName: UIAutomator2, appium:newCommandTimeout: 90, appium:systemPort: 9000, appium:udid: 06081330BT105920, platformName: ANDROID}}]&#10;Capabilities {appium:app: C:\Users\Ensx-pc\eclipse-wo..., appium:autoGrantPermissions: true, appium:automationName: UIAutomator2, appium:newCommandTimeout: 90, appium:systemPort: 9000, appium:udid: 06081330BT105920, platformName: ANDROID}"/>
  </testcase>
  <testcase name="quit" classname="testcases.EditProfileTest" time="0.0">
    <skipped/>
  </testcase>
  <testcase name="quit" classname="testcases.EditProfileTest" time="0.0">
    <skipped/>
  </testcase>
  <testcase name="tearDown" classname="testcases.EditProfileTest" time="0.0">
    <skipped/>
  </testcase>
  <testcase name="tearDown" classname="testcases.EditProfileTest" time="0.0">
    <skipped/>
  </testcase>
  <testcase name="invalidProfileName" classname="testcases.EditProfileTest" time="0.0">
    <skipped message="Could not start a new session. Response code 500. Message: An unknown server-side error occurred while processing the command. Original error: Device 06081330BT105920 was not in the list of connected devices &#10;Host info: host: &apos;DESKTOP-P3MLEV3&apos;, ip: &apos;192.168.100.68&apos;&#10;Build info: version: &apos;4.10.0&apos;, revision: &apos;c14d967899&apos;&#10;System info: os.name: &apos;Windows 10&apos;, os.arch: &apos;amd64&apos;, os.version: &apos;10.0&apos;, java.version: &apos;19.0.1&apos;&#10;Driver info: io.appium.java_client.android.AndroidDriver&#10;Command: [null, newSession {capabilities=[{appium:systemPort=9000, appium:udid=06081330BT105920, appium:autoGrantPermissions=true, appium:newCommandTimeout=90, platformName=ANDROID, appium:automationName=UIAutomator2, appium:app=C:\Users\Ensx-pc\eclipse-workspace\xPalApp\src\test\java\resources\app-debug.apk}], desiredCapabilities=Capabilities {appium:app: C:\Users\Ensx-pc\eclipse-wo..., appium:autoGrantPermissions: true, appium:automationName: UIAutomator2, appium:newCommandTimeout: 90, appium:systemPort: 9000, appium:udid: 06081330BT105920, platformName: ANDROID}}]&#10;Capabilities {appium:app: C:\Users\Ensx-pc\eclipse-wo..., appium:autoGrantPermissions: true, appium:automationName: UIAutomator2, appium:newCommandTimeout: 90, appium:systemPort: 9000, appium:udid: 06081330BT105920, platformName: ANDROID}"/>
  </testcase>
  <testcase name="configureAppium" classname="testcases.InviteLinkTest" time="0.0">
    <skipped/>
  </testcase>
  <testcase name="generateLink" classname="testcases.InviteLinkTest" time="0.0">
    <skipped message="Could not start a new session. Response code 500. Message: An unknown server-side error occurred while processing the command. Original error: Device 06081330BT105920 was not in the list of connected devices &#10;Host info: host: &apos;DESKTOP-P3MLEV3&apos;, ip: &apos;192.168.100.68&apos;&#10;Build info: version: &apos;4.10.0&apos;, revision: &apos;c14d967899&apos;&#10;System info: os.name: &apos;Windows 10&apos;, os.arch: &apos;amd64&apos;, os.version: &apos;10.0&apos;, java.version: &apos;19.0.1&apos;&#10;Driver info: io.appium.java_client.android.AndroidDriver&#10;Command: [null, newSession {capabilities=[{appium:systemPort=9000, appium:udid=06081330BT105920, appium:autoGrantPermissions=true, appium:newCommandTimeout=90, platformName=ANDROID, appium:automationName=UIAutomator2, appium:app=C:\Users\Ensx-pc\eclipse-workspace\xPalApp\src\test\java\resources\app-debug.apk}], desiredCapabilities=Capabilities {appium:app: C:\Users\Ensx-pc\eclipse-wo..., appium:autoGrantPermissions: true, appium:automationName: UIAutomator2, appium:newCommandTimeout: 90, appium:systemPort: 9000, appium:udid: 06081330BT105920, platformName: ANDROID}}]&#10;Capabilities {appium:app: C:\Users\Ensx-pc\eclipse-wo..., appium:autoGrantPermissions: true, appium:automationName: UIAutomator2, appium:newCommandTimeout: 90, appium:systemPort: 9000, appium:udid: 06081330BT105920, platformName: ANDROID}"/>
  </testcase>
  <testcase name="tearDown" classname="testcases.InviteLinkTest" time="0.0">
    <skipped/>
  </testcase>
  <testcase name="login" classname="testcases.LoginTest" time="0.0">
    <skipped message="Could not start a new session. Response code 500. Message: An unknown server-side error occurred while processing the command. Original error: Device 06081330BT105920 was not in the list of connected devices &#10;Host info: host: &apos;DESKTOP-P3MLEV3&apos;, ip: &apos;192.168.100.68&apos;&#10;Build info: version: &apos;4.10.0&apos;, revision: &apos;c14d967899&apos;&#10;System info: os.name: &apos;Windows 10&apos;, os.arch: &apos;amd64&apos;, os.version: &apos;10.0&apos;, java.version: &apos;19.0.1&apos;&#10;Driver info: io.appium.java_client.android.AndroidDriver&#10;Command: [null, newSession {capabilities=[{appium:systemPort=9000, appium:udid=06081330BT105920, appium:autoGrantPermissions=true, appium:newCommandTimeout=90, platformName=ANDROID, appium:automationName=UIAutomator2, appium:app=C:\Users\Ensx-pc\eclipse-workspace\xPalApp\src\test\java\resources\app-debug.apk}], desiredCapabilities=Capabilities {appium:app: C:\Users\Ensx-pc\eclipse-wo..., appium:autoGrantPermissions: true, appium:automationName: UIAutomator2, appium:newCommandTimeout: 90, appium:systemPort: 9000, appium:udid: 06081330BT105920, platformName: ANDROID}}]&#10;Capabilities {appium:app: C:\Users\Ensx-pc\eclipse-wo..., appium:autoGrantPermissions: true, appium:automationName: UIAutomator2, appium:newCommandTimeout: 90, appium:systemPort: 9000, appium:udid: 06081330BT105920, platformName: ANDROID}"/>
  </testcase>
  <testcase name="configureAppium" classname="testcases.PrivacyTest" time="0.0">
    <skipped/>
  </testcase>
  <testcase name="configureAppium" classname="testcases.PrivacyTest" time="0.0">
    <skipped/>
  </testcase>
  <testcase name="configureAppium" classname="testcases.PrivacyTest" time="0.0">
    <skipped/>
  </testcase>
  <testcase name="block" classname="testcases.PrivacyTest" time="0.0">
    <skipped message="Could not start a new session. Response code 500. Message: An unknown server-side error occurred while processing the command. Original error: Device 06081330BT105920 was not in the list of connected devices &#10;Host info: host: &apos;DESKTOP-P3MLEV3&apos;, ip: &apos;192.168.100.68&apos;&#10;Build info: version: &apos;4.10.0&apos;, revision: &apos;c14d967899&apos;&#10;System info: os.name: &apos;Windows 10&apos;, os.arch: &apos;amd64&apos;, os.version: &apos;10.0&apos;, java.version: &apos;19.0.1&apos;&#10;Driver info: io.appium.java_client.android.AndroidDriver&#10;Command: [null, newSession {capabilities=[{appium:systemPort=9000, appium:udid=06081330BT105920, appium:autoGrantPermissions=true, appium:newCommandTimeout=90, platformName=ANDROID, appium:automationName=UIAutomator2, appium:app=C:\Users\Ensx-pc\eclipse-workspace\xPalApp\src\test\java\resources\app-debug.apk}], desiredCapabilities=Capabilities {appium:app: C:\Users\Ensx-pc\eclipse-wo..., appium:autoGrantPermissions: true, appium:automationName: UIAutomator2, appium:newCommandTimeout: 90, appium:systemPort: 9000, appium:udid: 06081330BT105920, platformName: ANDROID}}]&#10;Capabilities {appium:app: C:\Users\Ensx-pc\eclipse-wo..., appium:autoGrantPermissions: true, appium:automationName: UIAutomator2, appium:newCommandTimeout: 90, appium:systemPort: 9000, appium:udid: 06081330BT105920, platformName: ANDROID}"/>
  </testcase>
  <testcase name="tearDown" classname="testcases.PrivacyTest" time="0.0">
    <skipped/>
  </testcase>
  <testcase name="tearDown" classname="testcases.PrivacyTest" time="0.0">
    <skipped/>
  </testcase>
  <testcase name="tearDown" classname="testcases.PrivacyTest" time="0.0">
    <skipped/>
  </testcase>
  <testcase name="setupPhrase" classname="testcases.PrivacyTest" time="0.0">
    <skipped message="Could not start a new session. Response code 500. Message: An unknown server-side error occurred while processing the command. Original error: Device 06081330BT105920 was not in the list of connected devices &#10;Host info: host: &apos;DESKTOP-P3MLEV3&apos;, ip: &apos;192.168.100.68&apos;&#10;Build info: version: &apos;4.10.0&apos;, revision: &apos;c14d967899&apos;&#10;System info: os.name: &apos;Windows 10&apos;, os.arch: &apos;amd64&apos;, os.version: &apos;10.0&apos;, java.version: &apos;19.0.1&apos;&#10;Driver info: io.appium.java_client.android.AndroidDriver&#10;Command: [null, newSession {capabilities=[{appium:systemPort=9000, appium:udid=06081330BT105920, appium:autoGrantPermissions=true, appium:newCommandTimeout=90, platformName=ANDROID, appium:automationName=UIAutomator2, appium:app=C:\Users\Ensx-pc\eclipse-workspace\xPalApp\src\test\java\resources\app-debug.apk}], desiredCapabilities=Capabilities {appium:app: C:\Users\Ensx-pc\eclipse-wo..., appium:autoGrantPermissions: true, appium:automationName: UIAutomator2, appium:newCommandTimeout: 90, appium:systemPort: 9000, appium:udid: 06081330BT105920, platformName: ANDROID}}]&#10;Capabilities {appium:app: C:\Users\Ensx-pc\eclipse-wo..., appium:autoGrantPermissions: true, appium:automationName: UIAutomator2, appium:newCommandTimeout: 90, appium:systemPort: 9000, appium:udid: 06081330BT105920, platformName: ANDROID}"/>
  </testcase>
  <testcase name="setupQuestions" classname="testcases.PrivacyTest" time="0.0">
    <skipped message="Could not start a new session. Response code 500. Message: An unknown server-side error occurred while processing the command. Original error: Device 06081330BT105920 was not in the list of connected devices &#10;Host info: host: &apos;DESKTOP-P3MLEV3&apos;, ip: &apos;192.168.100.68&apos;&#10;Build info: version: &apos;4.10.0&apos;, revision: &apos;c14d967899&apos;&#10;System info: os.name: &apos;Windows 10&apos;, os.arch: &apos;amd64&apos;, os.version: &apos;10.0&apos;, java.version: &apos;19.0.1&apos;&#10;Driver info: io.appium.java_client.android.AndroidDriver&#10;Command: [null, newSession {capabilities=[{appium:systemPort=9000, appium:udid=06081330BT105920, appium:autoGrantPermissions=true, appium:newCommandTimeout=90, platformName=ANDROID, appium:automationName=UIAutomator2, appium:app=C:\Users\Ensx-pc\eclipse-workspace\xPalApp\src\test\java\resources\app-debug.apk}], desiredCapabilities=Capabilities {appium:app: C:\Users\Ensx-pc\eclipse-wo..., appium:autoGrantPermissions: true, appium:automationName: UIAutomator2, appium:newCommandTimeout: 90, appium:systemPort: 9000, appium:udid: 06081330BT105920, platformName: ANDROID}}]&#10;Capabilities {appium:app: C:\Users\Ensx-pc\eclipse-wo..., appium:autoGrantPermissions: true, appium:automationName: UIAutomator2, appium:newCommandTimeout: 90, appium:systemPort: 9000, appium:udid: 06081330BT105920, platformName: ANDROID}"/>
  </testcase>
  <testcase name="verifyBlockedList" classname="testcases.PrivacyTest" time="0.0">
    <skipped message="Method testcases.PrivacyTest.verifyBlockedList() on instance testcases.PrivacyTest@6e171cd7 depends on not successfully finished methods &#10;[testcases.PrivacyTest.block() on instance testcases.PrivacyTest@6e171cd7]"/>
  </testcase>
  <testcase name="unblock" classname="testcases.PrivacyTest" time="0.0">
    <skipped message="Method testcases.PrivacyTest.unblock() on instance testcases.PrivacyTest@6e171cd7 depends on not successfully finished methods &#10;[testcases.PrivacyTest.verifyBlockedList() on instance testcases.PrivacyTest@6e171cd7]"/>
  </testcase>
  <testcase name="isUnblocked" classname="testcases.PrivacyTest" time="0.0">
    <skipped message="Method testcases.PrivacyTest.isUnblocked() on instance testcases.PrivacyTest@6e171cd7 depends on not successfully finished methods &#10;[testcases.PrivacyTest.unblock() on instance testcases.PrivacyTest@6e171cd7]"/>
  </testcase>
  <testcase name="setup" classname="testcases.RegisterTest" time="0.0">
    <skipped/>
  </testcase>
  <testcase name="setup" classname="testcases.RegisterTest" time="0.0">
    <skipped/>
  </testcase>
  <testcase name="Register" classname="testcases.RegisterTest" time="0.0">
    <skipped message="Could not start a new session. Response code 500. Message: An unknown server-side error occurred while processing the command. Original error: Device 06081330BT105920 was not in the list of connected devices &#10;Host info: host: &apos;DESKTOP-P3MLEV3&apos;, ip: &apos;192.168.100.68&apos;&#10;Build info: version: &apos;4.10.0&apos;, revision: &apos;c14d967899&apos;&#10;System info: os.name: &apos;Windows 10&apos;, os.arch: &apos;amd64&apos;, os.version: &apos;10.0&apos;, java.version: &apos;19.0.1&apos;&#10;Driver info: io.appium.java_client.android.AndroidDriver&#10;Command: [null, newSession {capabilities=[{appium:systemPort=9000, appium:udid=06081330BT105920, appium:autoGrantPermissions=true, appium:newCommandTimeout=90, platformName=ANDROID, appium:automationName=UIAutomator2, appium:app=C:\Users\Ensx-pc\eclipse-workspace\xPalApp\src\test\java\resources\app-debug.apk}], desiredCapabilities=Capabilities {appium:app: C:\Users\Ensx-pc\eclipse-wo..., appium:autoGrantPermissions: true, appium:automationName: UIAutomator2, appium:newCommandTimeout: 90, appium:systemPort: 9000, appium:udid: 06081330BT105920, platformName: ANDROID}}]&#10;Capabilities {appium:app: C:\Users\Ensx-pc\eclipse-wo..., appium:autoGrantPermissions: true, appium:automationName: UIAutomator2, appium:newCommandTimeout: 90, appium:systemPort: 9000, appium:udid: 06081330BT105920, platformName: ANDROID}"/>
  </testcase>
  <testcase name="tearDown" classname="testcases.RegisterTest" time="0.0">
    <skipped/>
  </testcase>
  <testcase name="tearDown" classname="testcases.RegisterTest" time="0.0">
    <skipped/>
  </testcase>
  <testcase name="invalidRegister" classname="testcases.RegisterTest" time="0.0">
    <skipped message="Could not start a new session. Response code 500. Message: An unknown server-side error occurred while processing the command. Original error: Device 06081330BT105920 was not in the list of connected devices &#10;Host info: host: &apos;DESKTOP-P3MLEV3&apos;, ip: &apos;192.168.100.68&apos;&#10;Build info: version: &apos;4.10.0&apos;, revision: &apos;c14d967899&apos;&#10;System info: os.name: &apos;Windows 10&apos;, os.arch: &apos;amd64&apos;, os.version: &apos;10.0&apos;, java.version: &apos;19.0.1&apos;&#10;Driver info: io.appium.java_client.android.AndroidDriver&#10;Command: [null, newSession {capabilities=[{appium:systemPort=9000, appium:udid=06081330BT105920, appium:autoGrantPermissions=true, appium:newCommandTimeout=90, platformName=ANDROID, appium:automationName=UIAutomator2, appium:app=C:\Users\Ensx-pc\eclipse-workspace\xPalApp\src\test\java\resources\app-debug.apk}], desiredCapabilities=Capabilities {appium:app: C:\Users\Ensx-pc\eclipse-wo..., appium:autoGrantPermissions: true, appium:automationName: UIAutomator2, appium:newCommandTimeout: 90, appium:systemPort: 9000, appium:udid: 06081330BT105920, platformName: ANDROID}}]&#10;Capabilities {appium:app: C:\Users\Ensx-pc\eclipse-wo..., appium:autoGrantPermissions: true, appium:automationName: UIAutomator2, appium:newCommandTimeout: 90, appium:systemPort: 9000, appium:udid: 06081330BT105920, platformName: ANDROID}"/>
  </testcase>
  <testcase name="configure" classname="testcases.ResetPasswordTest" time="0.0">
    <skipped/>
  </testcase>
  <testcase name="configure" classname="testcases.ResetPasswordTest" time="0.0">
    <skipped/>
  </testcase>
  <testcase name="configure" classname="testcases.ResetPasswordTest" time="0.0">
    <skipped/>
  </testcase>
  <testcase name="resetByEmail" classname="testcases.ResetPasswordTest" time="0.0">
    <skipped message="Could not start a new session. Response code 500. Message: An unknown server-side error occurred while processing the command. Original error: Device 06081330BT105920 was not in the list of connected devices &#10;Host info: host: &apos;DESKTOP-P3MLEV3&apos;, ip: &apos;192.168.100.68&apos;&#10;Build info: version: &apos;4.10.0&apos;, revision: &apos;c14d967899&apos;&#10;System info: os.name: &apos;Windows 10&apos;, os.arch: &apos;amd64&apos;, os.version: &apos;10.0&apos;, java.version: &apos;19.0.1&apos;&#10;Driver info: io.appium.java_client.android.AndroidDriver&#10;Command: [null, newSession {capabilities=[{appium:systemPort=9000, appium:udid=06081330BT105920, appium:autoGrantPermissions=true, appium:newCommandTimeout=90, platformName=ANDROID, appium:automationName=UIAutomator2, appium:app=C:\Users\Ensx-pc\eclipse-workspace\xPalApp\src\test\java\resources\app-debug.apk}], desiredCapabilities=Capabilities {appium:app: C:\Users\Ensx-pc\eclipse-wo..., appium:autoGrantPermissions: true, appium:automationName: UIAutomator2, appium:newCommandTimeout: 90, appium:systemPort: 9000, appium:udid: 06081330BT105920, platformName: ANDROID}}]&#10;Capabilities {appium:app: C:\Users\Ensx-pc\eclipse-wo..., appium:autoGrantPermissions: true, appium:automationName: UIAutomator2, appium:newCommandTimeout: 90, appium:systemPort: 9000, appium:udid: 06081330BT105920, platformName: ANDROID}"/>
  </testcase>
  <testcase name="quit" classname="testcases.ResetPasswordTest" time="0.0">
    <skipped/>
  </testcase>
  <testcase name="quit" classname="testcases.ResetPasswordTest" time="0.0">
    <skipped/>
  </testcase>
  <testcase name="quit" classname="testcases.ResetPasswordTest" time="0.0">
    <skipped/>
  </testcase>
  <testcase name="resetByPhrase" classname="testcases.ResetPasswordTest" time="0.0">
    <skipped message="Could not start a new session. Response code 500. Message: An unknown server-side error occurred while processing the command. Original error: Device 06081330BT105920 was not in the list of connected devices &#10;Host info: host: &apos;DESKTOP-P3MLEV3&apos;, ip: &apos;192.168.100.68&apos;&#10;Build info: version: &apos;4.10.0&apos;, revision: &apos;c14d967899&apos;&#10;System info: os.name: &apos;Windows 10&apos;, os.arch: &apos;amd64&apos;, os.version: &apos;10.0&apos;, java.version: &apos;19.0.1&apos;&#10;Driver info: io.appium.java_client.android.AndroidDriver&#10;Command: [null, newSession {capabilities=[{appium:systemPort=9000, appium:udid=06081330BT105920, appium:autoGrantPermissions=true, appium:newCommandTimeout=90, platformName=ANDROID, appium:automationName=UIAutomator2, appium:app=C:\Users\Ensx-pc\eclipse-workspace\xPalApp\src\test\java\resources\app-debug.apk}], desiredCapabilities=Capabilities {appium:app: C:\Users\Ensx-pc\eclipse-wo..., appium:autoGrantPermissions: true, appium:automationName: UIAutomator2, appium:newCommandTimeout: 90, appium:systemPort: 9000, appium:udid: 06081330BT105920, platformName: ANDROID}}]&#10;Capabilities {appium:app: C:\Users\Ensx-pc\eclipse-wo..., appium:autoGrantPermissions: true, appium:automationName: UIAutomator2, appium:newCommandTimeout: 90, appium:systemPort: 9000, appium:udid: 06081330BT105920, platformName: ANDROID}"/>
  </testcase>
  <testcase name="resetByQs" classname="testcases.ResetPasswordTest" time="0.0">
    <skipped message="Could not start a new session. Response code 500. Message: An unknown server-side error occurred while processing the command. Original error: Device 06081330BT105920 was not in the list of connected devices &#10;Host info: host: &apos;DESKTOP-P3MLEV3&apos;, ip: &apos;192.168.100.68&apos;&#10;Build info: version: &apos;4.10.0&apos;, revision: &apos;c14d967899&apos;&#10;System info: os.name: &apos;Windows 10&apos;, os.arch: &apos;amd64&apos;, os.version: &apos;10.0&apos;, java.version: &apos;19.0.1&apos;&#10;Driver info: io.appium.java_client.android.AndroidDriver&#10;Command: [null, newSession {capabilities=[{appium:systemPort=9000, appium:udid=06081330BT105920, appium:autoGrantPermissions=true, appium:newCommandTimeout=90, platformName=ANDROID, appium:automationName=UIAutomator2, appium:app=C:\Users\Ensx-pc\eclipse-workspace\xPalApp\src\test\java\resources\app-debug.apk}], desiredCapabilities=Capabilities {appium:app: C:\Users\Ensx-pc\eclipse-wo..., appium:autoGrantPermissions: true, appium:automationName: UIAutomator2, appium:newCommandTimeout: 90, appium:systemPort: 9000, appium:udid: 06081330BT105920, platformName: ANDROID}}]&#10;Capabilities {appium:app: C:\Users\Ensx-pc\eclipse-wo..., appium:autoGrantPermissions: true, appium:automationName: UIAutomator2, appium:newCommandTimeout: 90, appium:systemPort: 9000, appium:udid: 06081330BT105920, platformName: ANDROID}"/>
  </testcase>
  <testcase name="configureAppium" classname="testcases.SettingsTest" time="0.0">
    <skipped/>
  </testcase>
  <testcase name="configureAppium" classname="testcases.SettingsTest" time="0.0">
    <skipped/>
  </testcase>
  <testcase name="configureAppium" classname="testcases.SettingsTest" time="0.0">
    <skipped/>
  </testcase>
  <testcase name="configureAppium" classname="testcases.SettingsTest" time="0.0">
    <skipped/>
  </testcase>
  <testcase name="configureAppium" classname="testcases.SettingsTest" time="0.0">
    <skipped/>
  </testcase>
  <testcase name="changePin" classname="testcases.SettingsTest" time="0.0">
    <skipped message="Could not start a new session. Response code 500. Message: An unknown server-side error occurred while processing the command. Original error: Device 06081330BT105920 was not in the list of connected devices &#10;Host info: host: &apos;DESKTOP-P3MLEV3&apos;, ip: &apos;192.168.100.68&apos;&#10;Build info: version: &apos;4.10.0&apos;, revision: &apos;c14d967899&apos;&#10;System info: os.name: &apos;Windows 10&apos;, os.arch: &apos;amd64&apos;, os.version: &apos;10.0&apos;, java.version: &apos;19.0.1&apos;&#10;Driver info: io.appium.java_client.android.AndroidDriver&#10;Command: [null, newSession {capabilities=[{appium:systemPort=9000, appium:udid=06081330BT105920, appium:autoGrantPermissions=true, appium:newCommandTimeout=90, platformName=ANDROID, appium:automationName=UIAutomator2, appium:app=C:\Users\Ensx-pc\eclipse-workspace\xPalApp\src\test\java\resources\app-debug.apk}], desiredCapabilities=Capabilities {appium:app: C:\Users\Ensx-pc\eclipse-wo..., appium:autoGrantPermissions: true, appium:automationName: UIAutomator2, appium:newCommandTimeout: 90, appium:systemPort: 9000, appium:udid: 06081330BT105920, platformName: ANDROID}}]&#10;Capabilities {appium:app: C:\Users\Ensx-pc\eclipse-wo..., appium:autoGrantPermissions: true, appium:automationName: UIAutomator2, appium:newCommandTimeout: 90, appium:systemPort: 9000, appium:udid: 06081330BT105920, platformName: ANDROID}"/>
  </testcase>
  <testcase name="tearDown" classname="testcases.SettingsTest" time="0.0">
    <skipped/>
  </testcase>
  <testcase name="tearDown" classname="testcases.SettingsTest" time="0.0">
    <skipped/>
  </testcase>
  <testcase name="tearDown" classname="testcases.SettingsTest" time="0.0">
    <skipped/>
  </testcase>
  <testcase name="tearDown" classname="testcases.SettingsTest" time="0.0">
    <skipped/>
  </testcase>
  <testcase name="tearDown" classname="testcases.SettingsTest" time="0.0">
    <skipped/>
  </testcase>
  <testcase name="changePassword" classname="testcases.SettingsTest" time="0.0">
    <skipped message="Could not start a new session. Response code 500. Message: An unknown server-side error occurred while processing the command. Original error: Device 06081330BT105920 was not in the list of connected devices &#10;Host info: host: &apos;DESKTOP-P3MLEV3&apos;, ip: &apos;192.168.100.68&apos;&#10;Build info: version: &apos;4.10.0&apos;, revision: &apos;c14d967899&apos;&#10;System info: os.name: &apos;Windows 10&apos;, os.arch: &apos;amd64&apos;, os.version: &apos;10.0&apos;, java.version: &apos;19.0.1&apos;&#10;Driver info: io.appium.java_client.android.AndroidDriver&#10;Command: [null, newSession {capabilities=[{appium:systemPort=9000, appium:udid=06081330BT105920, appium:autoGrantPermissions=true, appium:newCommandTimeout=90, platformName=ANDROID, appium:automationName=UIAutomator2, appium:app=C:\Users\Ensx-pc\eclipse-workspace\xPalApp\src\test\java\resources\app-debug.apk}], desiredCapabilities=Capabilities {appium:app: C:\Users\Ensx-pc\eclipse-wo..., appium:autoGrantPermissions: true, appium:automationName: UIAutomator2, appium:newCommandTimeout: 90, appium:systemPort: 9000, appium:udid: 06081330BT105920, platformName: ANDROID}}]&#10;Capabilities {appium:app: C:\Users\Ensx-pc\eclipse-wo..., appium:autoGrantPermissions: true, appium:automationName: UIAutomator2, appium:newCommandTimeout: 90, appium:systemPort: 9000, appium:udid: 06081330BT105920, platformName: ANDROID}"/>
  </testcase>
  <testcase name="enabletwoStepVerification" classname="testcases.SettingsTest" time="0.0">
    <skipped message="Could not start a new session. Response code 500. Message: An unknown server-side error occurred while processing the command. Original error: Device 06081330BT105920 was not in the list of connected devices &#10;Host info: host: &apos;DESKTOP-P3MLEV3&apos;, ip: &apos;192.168.100.68&apos;&#10;Build info: version: &apos;4.10.0&apos;, revision: &apos;c14d967899&apos;&#10;System info: os.name: &apos;Windows 10&apos;, os.arch: &apos;amd64&apos;, os.version: &apos;10.0&apos;, java.version: &apos;19.0.1&apos;&#10;Driver info: io.appium.java_client.android.AndroidDriver&#10;Command: [null, newSession {capabilities=[{appium:systemPort=9000, appium:udid=06081330BT105920, appium:autoGrantPermissions=true, appium:newCommandTimeout=90, platformName=ANDROID, appium:automationName=UIAutomator2, appium:app=C:\Users\Ensx-pc\eclipse-workspace\xPalApp\src\test\java\resources\app-debug.apk}], desiredCapabilities=Capabilities {appium:app: C:\Users\Ensx-pc\eclipse-wo..., appium:autoGrantPermissions: true, appium:automationName: UIAutomator2, appium:newCommandTimeout: 90, appium:systemPort: 9000, appium:udid: 06081330BT105920, platformName: ANDROID}}]&#10;Capabilities {appium:app: C:\Users\Ensx-pc\eclipse-wo..., appium:autoGrantPermissions: true, appium:automationName: UIAutomator2, appium:newCommandTimeout: 90, appium:systemPort: 9000, appium:udid: 06081330BT105920, platformName: ANDROID}"/>
  </testcase>
  <testcase name="disabletwoStepVerification" classname="testcases.SettingsTest" time="0.0">
    <skipped message="Could not start a new session. Response code 500. Message: An unknown server-side error occurred while processing the command. Original error: Device 06081330BT105920 was not in the list of connected devices &#10;Host info: host: &apos;DESKTOP-P3MLEV3&apos;, ip: &apos;192.168.100.68&apos;&#10;Build info: version: &apos;4.10.0&apos;, revision: &apos;c14d967899&apos;&#10;System info: os.name: &apos;Windows 10&apos;, os.arch: &apos;amd64&apos;, os.version: &apos;10.0&apos;, java.version: &apos;19.0.1&apos;&#10;Driver info: io.appium.java_client.android.AndroidDriver&#10;Command: [null, newSession {capabilities=[{appium:systemPort=9000, appium:udid=06081330BT105920, appium:autoGrantPermissions=true, appium:newCommandTimeout=90, platformName=ANDROID, appium:automationName=UIAutomator2, appium:app=C:\Users\Ensx-pc\eclipse-workspace\xPalApp\src\test\java\resources\app-debug.apk}], desiredCapabilities=Capabilities {appium:app: C:\Users\Ensx-pc\eclipse-wo..., appium:autoGrantPermissions: true, appium:automationName: UIAutomator2, appium:newCommandTimeout: 90, appium:systemPort: 9000, appium:udid: 06081330BT105920, platformName: ANDROID}}]&#10;Capabilities {appium:app: C:\Users\Ensx-pc\eclipse-wo..., appium:autoGrantPermissions: true, appium:automationName: UIAutomator2, appium:newCommandTimeout: 90, appium:systemPort: 9000, appium:udid: 06081330BT105920, platformName: ANDROID}"/>
  </testcase>
  <testcase name="enableReverse" classname="testcases.SettingsTest" time="0.0">
    <skipped message="Could not start a new session. Response code 500. Message: An unknown server-side error occurred while processing the command. Original error: Device 06081330BT105920 was not in the list of connected devices &#10;Host info: host: &apos;DESKTOP-P3MLEV3&apos;, ip: &apos;192.168.100.68&apos;&#10;Build info: version: &apos;4.10.0&apos;, revision: &apos;c14d967899&apos;&#10;System info: os.name: &apos;Windows 10&apos;, os.arch: &apos;amd64&apos;, os.version: &apos;10.0&apos;, java.version: &apos;19.0.1&apos;&#10;Driver info: io.appium.java_client.android.AndroidDriver&#10;Command: [null, newSession {capabilities=[{appium:systemPort=9000, appium:udid=06081330BT105920, appium:autoGrantPermissions=true, appium:newCommandTimeout=90, platformName=ANDROID, appium:automationName=UIAutomator2, appium:app=C:\Users\Ensx-pc\eclipse-workspace\xPalApp\src\test\java\resources\app-debug.apk}], desiredCapabilities=Capabilities {appium:app: C:\Users\Ensx-pc\eclipse-wo..., appium:autoGrantPermissions: true, appium:automationName: UIAutomator2, appium:newCommandTimeout: 90, appium:systemPort: 9000, appium:udid: 06081330BT105920, platformName: ANDROID}}]&#10;Capabilities {appium:app: C:\Users\Ensx-pc\eclipse-wo..., appium:autoGrantPermissions: true, appium:automationName: UIAutomator2, appium:newCommandTimeout: 90, appium:systemPort: 9000, appium:udid: 06081330BT105920, platformName: ANDROID}"/>
  </testcase>
  <testcase name="reversePin" classname="testcases.SettingsTest" time="0.0">
    <skipped message="Method testcases.SettingsTest.reversePin() on instance testcases.SettingsTest@59fd97a8 depends on not successfully finished methods &#10;[testcases.SettingsTest.enableReverse() on instance testcases.SettingsTest@59fd97a8]"/>
  </testcase>
  <testcase name="configureAppium" classname="testcases.SignOutTest" time="0.0">
    <skipped/>
  </testcase>
  <testcase name="configureAppium" classname="testcases.SignOutTest" time="0.0">
    <skipped/>
  </testcase>
  <testcase name="signOut" classname="testcases.SignOutTest" time="0.0">
    <skipped message="Could not start a new session. Response code 500. Message: An unknown server-side error occurred while processing the command. Original error: Device 06081330BT105920 was not in the list of connected devices &#10;Host info: host: &apos;DESKTOP-P3MLEV3&apos;, ip: &apos;192.168.100.68&apos;&#10;Build info: version: &apos;4.10.0&apos;, revision: &apos;c14d967899&apos;&#10;System info: os.name: &apos;Windows 10&apos;, os.arch: &apos;amd64&apos;, os.version: &apos;10.0&apos;, java.version: &apos;19.0.1&apos;&#10;Driver info: io.appium.java_client.android.AndroidDriver&#10;Command: [null, newSession {capabilities=[{appium:systemPort=9000, appium:udid=06081330BT105920, appium:autoGrantPermissions=true, appium:newCommandTimeout=90, platformName=ANDROID, appium:automationName=UIAutomator2, appium:app=C:\Users\Ensx-pc\eclipse-workspace\xPalApp\src\test\java\resources\app-debug.apk}], desiredCapabilities=Capabilities {appium:app: C:\Users\Ensx-pc\eclipse-wo..., appium:autoGrantPermissions: true, appium:automationName: UIAutomator2, appium:newCommandTimeout: 90, appium:systemPort: 9000, appium:udid: 06081330BT105920, platformName: ANDROID}}]&#10;Capabilities {appium:app: C:\Users\Ensx-pc\eclipse-wo..., appium:autoGrantPermissions: true, appium:automationName: UIAutomator2, appium:newCommandTimeout: 90, appium:systemPort: 9000, appium:udid: 06081330BT105920, platformName: ANDROID}"/>
  </testcase>
  <testcase name="tearDown" classname="testcases.SignOutTest" time="0.0">
    <skipped/>
  </testcase>
  <testcase name="tearDown" classname="testcases.SignOutTest" time="0.0">
    <skipped/>
  </testcase>
  <testcase name="switchAccount" classname="testcases.SignOutTest" time="0.0">
    <skipped message="Could not start a new session. Response code 500. Message: An unknown server-side error occurred while processing the command. Original error: Device 06081330BT105920 was not in the list of connected devices &#10;Host info: host: &apos;DESKTOP-P3MLEV3&apos;, ip: &apos;192.168.100.68&apos;&#10;Build info: version: &apos;4.10.0&apos;, revision: &apos;c14d967899&apos;&#10;System info: os.name: &apos;Windows 10&apos;, os.arch: &apos;amd64&apos;, os.version: &apos;10.0&apos;, java.version: &apos;19.0.1&apos;&#10;Driver info: io.appium.java_client.android.AndroidDriver&#10;Command: [null, newSession {capabilities=[{appium:systemPort=9000, appium:udid=06081330BT105920, appium:autoGrantPermissions=true, appium:newCommandTimeout=90, platformName=ANDROID, appium:automationName=UIAutomator2, appium:app=C:\Users\Ensx-pc\eclipse-workspace\xPalApp\src\test\java\resources\app-debug.apk}], desiredCapabilities=Capabilities {appium:app: C:\Users\Ensx-pc\eclipse-wo..., appium:autoGrantPermissions: true, appium:automationName: UIAutomator2, appium:newCommandTimeout: 90, appium:systemPort: 9000, appium:udid: 06081330BT105920, platformName: ANDROID}}]&#10;Capabilities {appium:app: C:\Users\Ensx-pc\eclipse-wo..., appium:autoGrantPermissions: true, appium:automationName: UIAutomator2, appium:newCommandTimeout: 90, appium:systemPort: 9000, appium:udid: 06081330BT105920, platformName: ANDROID}"/>
  </testcase>
</testsuite>