<?xml version="1.0" encoding="UTF-8"?>
<testng-results ignored="0" total="38" passed="0" failed="0" skipped="38">
  <reporter-output>
  </reporter-output>
  <suite started-at="2023-06-09T22:30:59 PKT" name="Smoke" finished-at="2023-06-09T22:32:19 PKT" duration-ms="79404">
    <groups>
    </groups>
    <test started-at="2023-06-09T22:30:59 PKT" name="Test" finished-at="2023-06-09T22:32:19 PKT" duration-ms="79404">
      <class name="testcases.ChatTest">
        <test-method is-config="true" signature="BeforeChat()[pri:0, instance:testcases.ChatTest@18df8434]" started-at="2023-06-09T22:32:18 PKT" name="BeforeChat" finished-at="2023-06-09T22:32:18 PKT" duration-ms="0" status="SKIP">
          <reporter-output>
          </reporter-output>
        </test-method> <!-- BeforeChat -->
        <test-method signature="textMsg()[pri:1, instance:testcases.ChatTest@18df8434]" started-at="2023-06-09T22:32:18 PKT" name="textMsg" finished-at="2023-06-09T22:32:18 PKT" duration-ms="0" status="SKIP">
          <exception class="org.openqa.selenium.WebDriverException">
            <message>
              <![CDATA[An unknown server-side error occurred while processing the command. Original error: The process has received SIGINT signal
Build info: version: '4.10.0', revision: 'c14d967899'
System info: os.name: 'Windows 10', os.arch: 'amd64', os.version: '10.0', java.version: '19.0.1'
Driver info: io.appium.java_client.android.AndroidDriver
Command: [0f335d5b-bb9a-4491-8ec3-b78140b5aa8b, findElement {using=xpath, value=//android.widget.TextView[@text='Login']}]
Capabilities {appium:app: C:\Users\Ensx-pc\eclipse-wo..., appium:appPackage: com.dev.messengerx, appium:autoGrantPermissions: true, appium:automationName: UIAutomator2, appium:databaseEnabled: false, appium:desired: {app: C:\Users\Ensx-pc\eclipse-wo..., autoGrantPermissions: true, automationName: UIAutomator2, newCommandTimeout: 90, platformName: ANDROID, systemPort: 9000, udid: 06081330BT105920}, appium:deviceApiLevel: 29, appium:deviceManufacturer: INFINIX MOBILITY LIMITED, appium:deviceModel: Infinix X657B, appium:deviceName: 06081330BT105920, appium:deviceScreenDensity: 320, appium:deviceScreenSize: 720x1600, appium:deviceUDID: 06081330BT105920, appium:javascriptEnabled: true, appium:locationContextEnabled: false, appium:networkConnectionEnabled: true, appium:newCommandTimeout: 90, appium:pixelRatio: 2, appium:platformVersion: 10, appium:statBarHeight: 64, appium:systemPort: 9000, appium:takesScreenshot: true, appium:udid: 06081330BT105920, appium:viewportRect: {height: 1376, left: 0, top: 64, width: 720}, appium:warnings: {}, appium:webStorageEnabled: false, platformName: ANDROID}
Session ID: 0f335d5b-bb9a-4491-8ec3-b78140b5aa8b]]>
            </message>
            <full-stacktrace>
              <![CDATA[org.openqa.selenium.WebDriverException: An unknown server-side error occurred while processing the command. Original error: The process has received SIGINT signal
Build info: version: '4.10.0', revision: 'c14d967899'
System info: os.name: 'Windows 10', os.arch: 'amd64', os.version: '10.0', java.version: '19.0.1'
Driver info: io.appium.java_client.android.AndroidDriver
Command: [0f335d5b-bb9a-4491-8ec3-b78140b5aa8b, findElement {using=xpath, value=//android.widget.TextView[@text='Login']}]
Capabilities {appium:app: C:\Users\Ensx-pc\eclipse-wo..., appium:appPackage: com.dev.messengerx, appium:autoGrantPermissions: true, appium:automationName: UIAutomator2, appium:databaseEnabled: false, appium:desired: {app: C:\Users\Ensx-pc\eclipse-wo..., autoGrantPermissions: true, automationName: UIAutomator2, newCommandTimeout: 90, platformName: ANDROID, systemPort: 9000, udid: 06081330BT105920}, appium:deviceApiLevel: 29, appium:deviceManufacturer: INFINIX MOBILITY LIMITED, appium:deviceModel: Infinix X657B, appium:deviceName: 06081330BT105920, appium:deviceScreenDensity: 320, appium:deviceScreenSize: 720x1600, appium:deviceUDID: 06081330BT105920, appium:javascriptEnabled: true, appium:locationContextEnabled: false, appium:networkConnectionEnabled: true, appium:newCommandTimeout: 90, appium:pixelRatio: 2, appium:platformVersion: 10, appium:statBarHeight: 64, appium:systemPort: 9000, appium:takesScreenshot: true, appium:udid: 06081330BT105920, appium:viewportRect: {height: 1376, left: 0, top: 64, width: 720}, appium:warnings: {}, appium:webStorageEnabled: false, platformName: ANDROID}
Session ID: 0f335d5b-bb9a-4491-8ec3-b78140b5aa8b
at java.base/jdk.internal.reflect.DirectConstructorHandleAccessor.newInstance(DirectConstructorHandleAccessor.java:67)
at java.base/java.lang.reflect.Constructor.newInstanceWithCaller(Constructor.java:500)
at java.base/java.lang.reflect.Constructor.newInstance(Constructor.java:484)
at org.openqa.selenium.remote.codec.w3c.W3CHttpResponseCodec.createException(W3CHttpResponseCodec.java:199)
at org.openqa.selenium.remote.codec.w3c.W3CHttpResponseCodec.decode(W3CHttpResponseCodec.java:132)
at org.openqa.selenium.remote.codec.w3c.W3CHttpResponseCodec.decode(W3CHttpResponseCodec.java:51)
at org.openqa.selenium.remote.HttpCommandExecutor.execute(HttpCommandExecutor.java:191)
at io.appium.java_client.remote.AppiumCommandExecutor.execute(AppiumCommandExecutor.java:262)
at org.openqa.selenium.remote.RemoteWebDriver.execute(RemoteWebDriver.java:531)
at org.openqa.selenium.remote.ElementLocation$ElementFinder$2.findElement(ElementLocation.java:165)
at org.openqa.selenium.remote.ElementLocation.findElement(ElementLocation.java:59)
at org.openqa.selenium.remote.RemoteWebDriver.findElement(RemoteWebDriver.java:350)
at org.openqa.selenium.remote.RemoteWebDriver.findElement(RemoteWebDriver.java:344)
at basePage.BasePage.gotoLogin(BasePage.java:45)
at testcases.VideoCallTest.Setup(VideoCallTest.java:66)
at java.base/jdk.internal.reflect.DirectMethodHandleAccessor.invoke(DirectMethodHandleAccessor.java:104)
at java.base/java.lang.reflect.Method.invoke(Method.java:578)
at org.testng.internal.invokers.MethodInvocationHelper.invokeMethod(MethodInvocationHelper.java:139)
at org.testng.internal.invokers.MethodInvocationHelper.invokeMethodConsideringTimeout(MethodInvocationHelper.java:69)
at org.testng.internal.invokers.ConfigInvoker.invokeConfigurationMethod(ConfigInvoker.java:361)
at org.testng.internal.invokers.ConfigInvoker.invokeConfigurations(ConfigInvoker.java:296)
at org.testng.TestRunner.invokeTestConfigurations(TestRunner.java:644)
at org.testng.TestRunner.beforeRun(TestRunner.java:633)
at org.testng.TestRunner.run(TestRunner.java:595)
at org.testng.SuiteRunner.runTest(SuiteRunner.java:437)
at org.testng.SuiteRunner.runSequentially(SuiteRunner.java:431)
at org.testng.SuiteRunner.privateRun(SuiteRunner.java:391)
at org.testng.SuiteRunner.run(SuiteRunner.java:330)
at org.testng.SuiteRunnerWorker.runSuite(SuiteRunnerWorker.java:52)
at org.testng.SuiteRunnerWorker.run(SuiteRunnerWorker.java:95)
at org.testng.TestNG.runSuitesSequentially(TestNG.java:1256)
at org.testng.TestNG.runSuitesLocally(TestNG.java:1176)
at org.testng.TestNG.runSuites(TestNG.java:1099)
at org.testng.TestNG.run(TestNG.java:1067)
at org.testng.remote.AbstractRemoteTestNG.run(AbstractRemoteTestNG.java:115)
at org.testng.remote.RemoteTestNG.initAndRun(RemoteTestNG.java:251)
at org.testng.remote.RemoteTestNG.main(RemoteTestNG.java:77)
]]>
            </full-stacktrace>
          </exception> <!-- org.openqa.selenium.WebDriverException -->
          <reporter-output>
          </reporter-output>
        </test-method> <!-- textMsg -->
        <test-method is-config="true" signature="afterChat()[pri:0, instance:testcases.ChatTest@18df8434]" started-at="2023-06-09T22:32:18 PKT" name="afterChat" finished-at="2023-06-09T22:32:18 PKT" duration-ms="0" status="SKIP">
          <reporter-output>
          </reporter-output>
        </test-method> <!-- afterChat -->
        <test-method is-config="true" signature="BeforeChat()[pri:0, instance:testcases.ChatTest@18df8434]" started-at="2023-06-09T22:32:18 PKT" name="BeforeChat" finished-at="2023-06-09T22:32:18 PKT" duration-ms="0" status="SKIP">
          <reporter-output>
          </reporter-output>
        </test-method> <!-- BeforeChat -->
        <test-method signature="captureImage()[pri:2, instance:testcases.ChatTest@18df8434]" started-at="2023-06-09T22:32:18 PKT" name="captureImage" finished-at="2023-06-09T22:32:18 PKT" duration-ms="0" status="SKIP">
          <exception class="org.openqa.selenium.WebDriverException">
            <message>
              <![CDATA[An unknown server-side error occurred while processing the command. Original error: The process has received SIGINT signal
Build info: version: '4.10.0', revision: 'c14d967899'
System info: os.name: 'Windows 10', os.arch: 'amd64', os.version: '10.0', java.version: '19.0.1'
Driver info: io.appium.java_client.android.AndroidDriver
Command: [0f335d5b-bb9a-4491-8ec3-b78140b5aa8b, findElement {using=xpath, value=//android.widget.TextView[@text='Login']}]
Capabilities {appium:app: C:\Users\Ensx-pc\eclipse-wo..., appium:appPackage: com.dev.messengerx, appium:autoGrantPermissions: true, appium:automationName: UIAutomator2, appium:databaseEnabled: false, appium:desired: {app: C:\Users\Ensx-pc\eclipse-wo..., autoGrantPermissions: true, automationName: UIAutomator2, newCommandTimeout: 90, platformName: ANDROID, systemPort: 9000, udid: 06081330BT105920}, appium:deviceApiLevel: 29, appium:deviceManufacturer: INFINIX MOBILITY LIMITED, appium:deviceModel: Infinix X657B, appium:deviceName: 06081330BT105920, appium:deviceScreenDensity: 320, appium:deviceScreenSize: 720x1600, appium:deviceUDID: 06081330BT105920, appium:javascriptEnabled: true, appium:locationContextEnabled: false, appium:networkConnectionEnabled: true, appium:newCommandTimeout: 90, appium:pixelRatio: 2, appium:platformVersion: 10, appium:statBarHeight: 64, appium:systemPort: 9000, appium:takesScreenshot: true, appium:udid: 06081330BT105920, appium:viewportRect: {height: 1376, left: 0, top: 64, width: 720}, appium:warnings: {}, appium:webStorageEnabled: false, platformName: ANDROID}
Session ID: 0f335d5b-bb9a-4491-8ec3-b78140b5aa8b]]>
            </message>
            <full-stacktrace>
              <![CDATA[org.openqa.selenium.WebDriverException: An unknown server-side error occurred while processing the command. Original error: The process has received SIGINT signal
Build info: version: '4.10.0', revision: 'c14d967899'
System info: os.name: 'Windows 10', os.arch: 'amd64', os.version: '10.0', java.version: '19.0.1'
Driver info: io.appium.java_client.android.AndroidDriver
Command: [0f335d5b-bb9a-4491-8ec3-b78140b5aa8b, findElement {using=xpath, value=//android.widget.TextView[@text='Login']}]
Capabilities {appium:app: C:\Users\Ensx-pc\eclipse-wo..., appium:appPackage: com.dev.messengerx, appium:autoGrantPermissions: true, appium:automationName: UIAutomator2, appium:databaseEnabled: false, appium:desired: {app: C:\Users\Ensx-pc\eclipse-wo..., autoGrantPermissions: true, automationName: UIAutomator2, newCommandTimeout: 90, platformName: ANDROID, systemPort: 9000, udid: 06081330BT105920}, appium:deviceApiLevel: 29, appium:deviceManufacturer: INFINIX MOBILITY LIMITED, appium:deviceModel: Infinix X657B, appium:deviceName: 06081330BT105920, appium:deviceScreenDensity: 320, appium:deviceScreenSize: 720x1600, appium:deviceUDID: 06081330BT105920, appium:javascriptEnabled: true, appium:locationContextEnabled: false, appium:networkConnectionEnabled: true, appium:newCommandTimeout: 90, appium:pixelRatio: 2, appium:platformVersion: 10, appium:statBarHeight: 64, appium:systemPort: 9000, appium:takesScreenshot: true, appium:udid: 06081330BT105920, appium:viewportRect: {height: 1376, left: 0, top: 64, width: 720}, appium:warnings: {}, appium:webStorageEnabled: false, platformName: ANDROID}
Session ID: 0f335d5b-bb9a-4491-8ec3-b78140b5aa8b
at java.base/jdk.internal.reflect.DirectConstructorHandleAccessor.newInstance(DirectConstructorHandleAccessor.java:67)
at java.base/java.lang.reflect.Constructor.newInstanceWithCaller(Constructor.java:500)
at java.base/java.lang.reflect.Constructor.newInstance(Constructor.java:484)
at org.openqa.selenium.remote.codec.w3c.W3CHttpResponseCodec.createException(W3CHttpResponseCodec.java:199)
at org.openqa.selenium.remote.codec.w3c.W3CHttpResponseCodec.decode(W3CHttpResponseCodec.java:132)
at org.openqa.selenium.remote.codec.w3c.W3CHttpResponseCodec.decode(W3CHttpResponseCodec.java:51)
at org.openqa.selenium.remote.HttpCommandExecutor.execute(HttpCommandExecutor.java:191)
at io.appium.java_client.remote.AppiumCommandExecutor.execute(AppiumCommandExecutor.java:262)
at org.openqa.selenium.remote.RemoteWebDriver.execute(RemoteWebDriver.java:531)
at org.openqa.selenium.remote.ElementLocation$ElementFinder$2.findElement(ElementLocation.java:165)
at org.openqa.selenium.remote.ElementLocation.findElement(ElementLocation.java:59)
at org.openqa.selenium.remote.RemoteWebDriver.findElement(RemoteWebDriver.java:350)
at org.openqa.selenium.remote.RemoteWebDriver.findElement(RemoteWebDriver.java:344)
at basePage.BasePage.gotoLogin(BasePage.java:45)
at testcases.VideoCallTest.Setup(VideoCallTest.java:66)
at java.base/jdk.internal.reflect.DirectMethodHandleAccessor.invoke(DirectMethodHandleAccessor.java:104)
at java.base/java.lang.reflect.Method.invoke(Method.java:578)
at org.testng.internal.invokers.MethodInvocationHelper.invokeMethod(MethodInvocationHelper.java:139)
at org.testng.internal.invokers.MethodInvocationHelper.invokeMethodConsideringTimeout(MethodInvocationHelper.java:69)
at org.testng.internal.invokers.ConfigInvoker.invokeConfigurationMethod(ConfigInvoker.java:361)
at org.testng.internal.invokers.ConfigInvoker.invokeConfigurations(ConfigInvoker.java:296)
at org.testng.TestRunner.invokeTestConfigurations(TestRunner.java:644)
at org.testng.TestRunner.beforeRun(TestRunner.java:633)
at org.testng.TestRunner.run(TestRunner.java:595)
at org.testng.SuiteRunner.runTest(SuiteRunner.java:437)
at org.testng.SuiteRunner.runSequentially(SuiteRunner.java:431)
at org.testng.SuiteRunner.privateRun(SuiteRunner.java:391)
at org.testng.SuiteRunner.run(SuiteRunner.java:330)
at org.testng.SuiteRunnerWorker.runSuite(SuiteRunnerWorker.java:52)
at org.testng.SuiteRunnerWorker.run(SuiteRunnerWorker.java:95)
at org.testng.TestNG.runSuitesSequentially(TestNG.java:1256)
at org.testng.TestNG.runSuitesLocally(TestNG.java:1176)
at org.testng.TestNG.runSuites(TestNG.java:1099)
at org.testng.TestNG.run(TestNG.java:1067)
at org.testng.remote.AbstractRemoteTestNG.run(AbstractRemoteTestNG.java:115)
at org.testng.remote.RemoteTestNG.initAndRun(RemoteTestNG.java:251)
at org.testng.remote.RemoteTestNG.main(RemoteTestNG.java:77)
]]>
            </full-stacktrace>
          </exception> <!-- org.openqa.selenium.WebDriverException -->
          <reporter-output>
          </reporter-output>
        </test-method> <!-- captureImage -->
        <test-method is-config="true" signature="afterChat()[pri:0, instance:testcases.ChatTest@18df8434]" started-at="2023-06-09T22:32:18 PKT" name="afterChat" finished-at="2023-06-09T22:32:18 PKT" duration-ms="0" status="SKIP">
          <reporter-output>
          </reporter-output>
        </test-method> <!-- afterChat -->
        <test-method is-config="true" signature="BeforeChat()[pri:0, instance:testcases.ChatTest@18df8434]" started-at="2023-06-09T22:32:18 PKT" name="BeforeChat" finished-at="2023-06-09T22:32:18 PKT" duration-ms="0" status="SKIP">
          <reporter-output>
          </reporter-output>
        </test-method> <!-- BeforeChat -->
        <test-method signature="browseImage()[pri:3, instance:testcases.ChatTest@18df8434]" started-at="2023-06-09T22:32:18 PKT" name="browseImage" finished-at="2023-06-09T22:32:18 PKT" duration-ms="0" status="SKIP">
          <exception class="org.openqa.selenium.WebDriverException">
            <message>
              <![CDATA[An unknown server-side error occurred while processing the command. Original error: The process has received SIGINT signal
Build info: version: '4.10.0', revision: 'c14d967899'
System info: os.name: 'Windows 10', os.arch: 'amd64', os.version: '10.0', java.version: '19.0.1'
Driver info: io.appium.java_client.android.AndroidDriver
Command: [0f335d5b-bb9a-4491-8ec3-b78140b5aa8b, findElement {using=xpath, value=//android.widget.TextView[@text='Login']}]
Capabilities {appium:app: C:\Users\Ensx-pc\eclipse-wo..., appium:appPackage: com.dev.messengerx, appium:autoGrantPermissions: true, appium:automationName: UIAutomator2, appium:databaseEnabled: false, appium:desired: {app: C:\Users\Ensx-pc\eclipse-wo..., autoGrantPermissions: true, automationName: UIAutomator2, newCommandTimeout: 90, platformName: ANDROID, systemPort: 9000, udid: 06081330BT105920}, appium:deviceApiLevel: 29, appium:deviceManufacturer: INFINIX MOBILITY LIMITED, appium:deviceModel: Infinix X657B, appium:deviceName: 06081330BT105920, appium:deviceScreenDensity: 320, appium:deviceScreenSize: 720x1600, appium:deviceUDID: 06081330BT105920, appium:javascriptEnabled: true, appium:locationContextEnabled: false, appium:networkConnectionEnabled: true, appium:newCommandTimeout: 90, appium:pixelRatio: 2, appium:platformVersion: 10, appium:statBarHeight: 64, appium:systemPort: 9000, appium:takesScreenshot: true, appium:udid: 06081330BT105920, appium:viewportRect: {height: 1376, left: 0, top: 64, width: 720}, appium:warnings: {}, appium:webStorageEnabled: false, platformName: ANDROID}
Session ID: 0f335d5b-bb9a-4491-8ec3-b78140b5aa8b]]>
            </message>
            <full-stacktrace>
              <![CDATA[org.openqa.selenium.WebDriverException: An unknown server-side error occurred while processing the command. Original error: The process has received SIGINT signal
Build info: version: '4.10.0', revision: 'c14d967899'
System info: os.name: 'Windows 10', os.arch: 'amd64', os.version: '10.0', java.version: '19.0.1'
Driver info: io.appium.java_client.android.AndroidDriver
Command: [0f335d5b-bb9a-4491-8ec3-b78140b5aa8b, findElement {using=xpath, value=//android.widget.TextView[@text='Login']}]
Capabilities {appium:app: C:\Users\Ensx-pc\eclipse-wo..., appium:appPackage: com.dev.messengerx, appium:autoGrantPermissions: true, appium:automationName: UIAutomator2, appium:databaseEnabled: false, appium:desired: {app: C:\Users\Ensx-pc\eclipse-wo..., autoGrantPermissions: true, automationName: UIAutomator2, newCommandTimeout: 90, platformName: ANDROID, systemPort: 9000, udid: 06081330BT105920}, appium:deviceApiLevel: 29, appium:deviceManufacturer: INFINIX MOBILITY LIMITED, appium:deviceModel: Infinix X657B, appium:deviceName: 06081330BT105920, appium:deviceScreenDensity: 320, appium:deviceScreenSize: 720x1600, appium:deviceUDID: 06081330BT105920, appium:javascriptEnabled: true, appium:locationContextEnabled: false, appium:networkConnectionEnabled: true, appium:newCommandTimeout: 90, appium:pixelRatio: 2, appium:platformVersion: 10, appium:statBarHeight: 64, appium:systemPort: 9000, appium:takesScreenshot: true, appium:udid: 06081330BT105920, appium:viewportRect: {height: 1376, left: 0, top: 64, width: 720}, appium:warnings: {}, appium:webStorageEnabled: false, platformName: ANDROID}
Session ID: 0f335d5b-bb9a-4491-8ec3-b78140b5aa8b
at java.base/jdk.internal.reflect.DirectConstructorHandleAccessor.newInstance(DirectConstructorHandleAccessor.java:67)
at java.base/java.lang.reflect.Constructor.newInstanceWithCaller(Constructor.java:500)
at java.base/java.lang.reflect.Constructor.newInstance(Constructor.java:484)
at org.openqa.selenium.remote.codec.w3c.W3CHttpResponseCodec.createException(W3CHttpResponseCodec.java:199)
at org.openqa.selenium.remote.codec.w3c.W3CHttpResponseCodec.decode(W3CHttpResponseCodec.java:132)
at org.openqa.selenium.remote.codec.w3c.W3CHttpResponseCodec.decode(W3CHttpResponseCodec.java:51)
at org.openqa.selenium.remote.HttpCommandExecutor.execute(HttpCommandExecutor.java:191)
at io.appium.java_client.remote.AppiumCommandExecutor.execute(AppiumCommandExecutor.java:262)
at org.openqa.selenium.remote.RemoteWebDriver.execute(RemoteWebDriver.java:531)
at org.openqa.selenium.remote.ElementLocation$ElementFinder$2.findElement(ElementLocation.java:165)
at org.openqa.selenium.remote.ElementLocation.findElement(ElementLocation.java:59)
at org.openqa.selenium.remote.RemoteWebDriver.findElement(RemoteWebDriver.java:350)
at org.openqa.selenium.remote.RemoteWebDriver.findElement(RemoteWebDriver.java:344)
at basePage.BasePage.gotoLogin(BasePage.java:45)
at testcases.VideoCallTest.Setup(VideoCallTest.java:66)
at java.base/jdk.internal.reflect.DirectMethodHandleAccessor.invoke(DirectMethodHandleAccessor.java:104)
at java.base/java.lang.reflect.Method.invoke(Method.java:578)
at org.testng.internal.invokers.MethodInvocationHelper.invokeMethod(MethodInvocationHelper.java:139)
at org.testng.internal.invokers.MethodInvocationHelper.invokeMethodConsideringTimeout(MethodInvocationHelper.java:69)
at org.testng.internal.invokers.ConfigInvoker.invokeConfigurationMethod(ConfigInvoker.java:361)
at org.testng.internal.invokers.ConfigInvoker.invokeConfigurations(ConfigInvoker.java:296)
at org.testng.TestRunner.invokeTestConfigurations(TestRunner.java:644)
at org.testng.TestRunner.beforeRun(TestRunner.java:633)
at org.testng.TestRunner.run(TestRunner.java:595)
at org.testng.SuiteRunner.runTest(SuiteRunner.java:437)
at org.testng.SuiteRunner.runSequentially(SuiteRunner.java:431)
at org.testng.SuiteRunner.privateRun(SuiteRunner.java:391)
at org.testng.SuiteRunner.run(SuiteRunner.java:330)
at org.testng.SuiteRunnerWorker.runSuite(SuiteRunnerWorker.java:52)
at org.testng.SuiteRunnerWorker.run(SuiteRunnerWorker.java:95)
at org.testng.TestNG.runSuitesSequentially(TestNG.java:1256)
at org.testng.TestNG.runSuitesLocally(TestNG.java:1176)
at org.testng.TestNG.runSuites(TestNG.java:1099)
at org.testng.TestNG.run(TestNG.java:1067)
at org.testng.remote.AbstractRemoteTestNG.run(AbstractRemoteTestNG.java:115)
at org.testng.remote.RemoteTestNG.initAndRun(RemoteTestNG.java:251)
at org.testng.remote.RemoteTestNG.main(RemoteTestNG.java:77)
]]>
            </full-stacktrace>
          </exception> <!-- org.openqa.selenium.WebDriverException -->
          <reporter-output>
          </reporter-output>
        </test-method> <!-- browseImage -->
        <test-method is-config="true" signature="afterChat()[pri:0, instance:testcases.ChatTest@18df8434]" started-at="2023-06-09T22:32:18 PKT" name="afterChat" finished-at="2023-06-09T22:32:18 PKT" duration-ms="0" status="SKIP">
          <reporter-output>
          </reporter-output>
        </test-method> <!-- afterChat -->
        <test-method is-config="true" signature="BeforeChat()[pri:0, instance:testcases.ChatTest@18df8434]" started-at="2023-06-09T22:32:18 PKT" name="BeforeChat" finished-at="2023-06-09T22:32:18 PKT" duration-ms="0" status="SKIP">
          <reporter-output>
          </reporter-output>
        </test-method> <!-- BeforeChat -->
        <test-method signature="browseMultiImage()[pri:4, instance:testcases.ChatTest@18df8434]" started-at="2023-06-09T22:32:18 PKT" name="browseMultiImage" finished-at="2023-06-09T22:32:18 PKT" duration-ms="0" status="SKIP">
          <exception class="org.openqa.selenium.WebDriverException">
            <message>
              <![CDATA[An unknown server-side error occurred while processing the command. Original error: The process has received SIGINT signal
Build info: version: '4.10.0', revision: 'c14d967899'
System info: os.name: 'Windows 10', os.arch: 'amd64', os.version: '10.0', java.version: '19.0.1'
Driver info: io.appium.java_client.android.AndroidDriver
Command: [0f335d5b-bb9a-4491-8ec3-b78140b5aa8b, findElement {using=xpath, value=//android.widget.TextView[@text='Login']}]
Capabilities {appium:app: C:\Users\Ensx-pc\eclipse-wo..., appium:appPackage: com.dev.messengerx, appium:autoGrantPermissions: true, appium:automationName: UIAutomator2, appium:databaseEnabled: false, appium:desired: {app: C:\Users\Ensx-pc\eclipse-wo..., autoGrantPermissions: true, automationName: UIAutomator2, newCommandTimeout: 90, platformName: ANDROID, systemPort: 9000, udid: 06081330BT105920}, appium:deviceApiLevel: 29, appium:deviceManufacturer: INFINIX MOBILITY LIMITED, appium:deviceModel: Infinix X657B, appium:deviceName: 06081330BT105920, appium:deviceScreenDensity: 320, appium:deviceScreenSize: 720x1600, appium:deviceUDID: 06081330BT105920, appium:javascriptEnabled: true, appium:locationContextEnabled: false, appium:networkConnectionEnabled: true, appium:newCommandTimeout: 90, appium:pixelRatio: 2, appium:platformVersion: 10, appium:statBarHeight: 64, appium:systemPort: 9000, appium:takesScreenshot: true, appium:udid: 06081330BT105920, appium:viewportRect: {height: 1376, left: 0, top: 64, width: 720}, appium:warnings: {}, appium:webStorageEnabled: false, platformName: ANDROID}
Session ID: 0f335d5b-bb9a-4491-8ec3-b78140b5aa8b]]>
            </message>
            <full-stacktrace>
              <![CDATA[org.openqa.selenium.WebDriverException: An unknown server-side error occurred while processing the command. Original error: The process has received SIGINT signal
Build info: version: '4.10.0', revision: 'c14d967899'
System info: os.name: 'Windows 10', os.arch: 'amd64', os.version: '10.0', java.version: '19.0.1'
Driver info: io.appium.java_client.android.AndroidDriver
Command: [0f335d5b-bb9a-4491-8ec3-b78140b5aa8b, findElement {using=xpath, value=//android.widget.TextView[@text='Login']}]
Capabilities {appium:app: C:\Users\Ensx-pc\eclipse-wo..., appium:appPackage: com.dev.messengerx, appium:autoGrantPermissions: true, appium:automationName: UIAutomator2, appium:databaseEnabled: false, appium:desired: {app: C:\Users\Ensx-pc\eclipse-wo..., autoGrantPermissions: true, automationName: UIAutomator2, newCommandTimeout: 90, platformName: ANDROID, systemPort: 9000, udid: 06081330BT105920}, appium:deviceApiLevel: 29, appium:deviceManufacturer: INFINIX MOBILITY LIMITED, appium:deviceModel: Infinix X657B, appium:deviceName: 06081330BT105920, appium:deviceScreenDensity: 320, appium:deviceScreenSize: 720x1600, appium:deviceUDID: 06081330BT105920, appium:javascriptEnabled: true, appium:locationContextEnabled: false, appium:networkConnectionEnabled: true, appium:newCommandTimeout: 90, appium:pixelRatio: 2, appium:platformVersion: 10, appium:statBarHeight: 64, appium:systemPort: 9000, appium:takesScreenshot: true, appium:udid: 06081330BT105920, appium:viewportRect: {height: 1376, left: 0, top: 64, width: 720}, appium:warnings: {}, appium:webStorageEnabled: false, platformName: ANDROID}
Session ID: 0f335d5b-bb9a-4491-8ec3-b78140b5aa8b
at java.base/jdk.internal.reflect.DirectConstructorHandleAccessor.newInstance(DirectConstructorHandleAccessor.java:67)
at java.base/java.lang.reflect.Constructor.newInstanceWithCaller(Constructor.java:500)
at java.base/java.lang.reflect.Constructor.newInstance(Constructor.java:484)
at org.openqa.selenium.remote.codec.w3c.W3CHttpResponseCodec.createException(W3CHttpResponseCodec.java:199)
at org.openqa.selenium.remote.codec.w3c.W3CHttpResponseCodec.decode(W3CHttpResponseCodec.java:132)
at org.openqa.selenium.remote.codec.w3c.W3CHttpResponseCodec.decode(W3CHttpResponseCodec.java:51)
at org.openqa.selenium.remote.HttpCommandExecutor.execute(HttpCommandExecutor.java:191)
at io.appium.java_client.remote.AppiumCommandExecutor.execute(AppiumCommandExecutor.java:262)
at org.openqa.selenium.remote.RemoteWebDriver.execute(RemoteWebDriver.java:531)
at org.openqa.selenium.remote.ElementLocation$ElementFinder$2.findElement(ElementLocation.java:165)
at org.openqa.selenium.remote.ElementLocation.findElement(ElementLocation.java:59)
at org.openqa.selenium.remote.RemoteWebDriver.findElement(RemoteWebDriver.java:350)
at org.openqa.selenium.remote.RemoteWebDriver.findElement(RemoteWebDriver.java:344)
at basePage.BasePage.gotoLogin(BasePage.java:45)
at testcases.VideoCallTest.Setup(VideoCallTest.java:66)
at java.base/jdk.internal.reflect.DirectMethodHandleAccessor.invoke(DirectMethodHandleAccessor.java:104)
at java.base/java.lang.reflect.Method.invoke(Method.java:578)
at org.testng.internal.invokers.MethodInvocationHelper.invokeMethod(MethodInvocationHelper.java:139)
at org.testng.internal.invokers.MethodInvocationHelper.invokeMethodConsideringTimeout(MethodInvocationHelper.java:69)
at org.testng.internal.invokers.ConfigInvoker.invokeConfigurationMethod(ConfigInvoker.java:361)
at org.testng.internal.invokers.ConfigInvoker.invokeConfigurations(ConfigInvoker.java:296)
at org.testng.TestRunner.invokeTestConfigurations(TestRunner.java:644)
at org.testng.TestRunner.beforeRun(TestRunner.java:633)
at org.testng.TestRunner.run(TestRunner.java:595)
at org.testng.SuiteRunner.runTest(SuiteRunner.java:437)
at org.testng.SuiteRunner.runSequentially(SuiteRunner.java:431)
at org.testng.SuiteRunner.privateRun(SuiteRunner.java:391)
at org.testng.SuiteRunner.run(SuiteRunner.java:330)
at org.testng.SuiteRunnerWorker.runSuite(SuiteRunnerWorker.java:52)
at org.testng.SuiteRunnerWorker.run(SuiteRunnerWorker.java:95)
at org.testng.TestNG.runSuitesSequentially(TestNG.java:1256)
at org.testng.TestNG.runSuitesLocally(TestNG.java:1176)
at org.testng.TestNG.runSuites(TestNG.java:1099)
at org.testng.TestNG.run(TestNG.java:1067)
at org.testng.remote.AbstractRemoteTestNG.run(AbstractRemoteTestNG.java:115)
at org.testng.remote.RemoteTestNG.initAndRun(RemoteTestNG.java:251)
at org.testng.remote.RemoteTestNG.main(RemoteTestNG.java:77)
]]>
            </full-stacktrace>
          </exception> <!-- org.openqa.selenium.WebDriverException -->
          <reporter-output>
          </reporter-output>
        </test-method> <!-- browseMultiImage -->
        <test-method is-config="true" signature="afterChat()[pri:0, instance:testcases.ChatTest@18df8434]" started-at="2023-06-09T22:32:18 PKT" name="afterChat" finished-at="2023-06-09T22:32:18 PKT" duration-ms="0" status="SKIP">
          <reporter-output>
          </reporter-output>
        </test-method> <!-- afterChat -->
        <test-method is-config="true" signature="BeforeChat()[pri:0, instance:testcases.ChatTest@18df8434]" started-at="2023-06-09T22:32:18 PKT" name="BeforeChat" finished-at="2023-06-09T22:32:18 PKT" duration-ms="0" status="SKIP">
          <reporter-output>
          </reporter-output>
        </test-method> <!-- BeforeChat -->
        <test-method signature="browseValidVideo()[pri:5, instance:testcases.ChatTest@18df8434]" started-at="2023-06-09T22:32:18 PKT" name="browseValidVideo" finished-at="2023-06-09T22:32:18 PKT" duration-ms="0" status="SKIP">
          <exception class="org.openqa.selenium.WebDriverException">
            <message>
              <![CDATA[An unknown server-side error occurred while processing the command. Original error: The process has received SIGINT signal
Build info: version: '4.10.0', revision: 'c14d967899'
System info: os.name: 'Windows 10', os.arch: 'amd64', os.version: '10.0', java.version: '19.0.1'
Driver info: io.appium.java_client.android.AndroidDriver
Command: [0f335d5b-bb9a-4491-8ec3-b78140b5aa8b, findElement {using=xpath, value=//android.widget.TextView[@text='Login']}]
Capabilities {appium:app: C:\Users\Ensx-pc\eclipse-wo..., appium:appPackage: com.dev.messengerx, appium:autoGrantPermissions: true, appium:automationName: UIAutomator2, appium:databaseEnabled: false, appium:desired: {app: C:\Users\Ensx-pc\eclipse-wo..., autoGrantPermissions: true, automationName: UIAutomator2, newCommandTimeout: 90, platformName: ANDROID, systemPort: 9000, udid: 06081330BT105920}, appium:deviceApiLevel: 29, appium:deviceManufacturer: INFINIX MOBILITY LIMITED, appium:deviceModel: Infinix X657B, appium:deviceName: 06081330BT105920, appium:deviceScreenDensity: 320, appium:deviceScreenSize: 720x1600, appium:deviceUDID: 06081330BT105920, appium:javascriptEnabled: true, appium:locationContextEnabled: false, appium:networkConnectionEnabled: true, appium:newCommandTimeout: 90, appium:pixelRatio: 2, appium:platformVersion: 10, appium:statBarHeight: 64, appium:systemPort: 9000, appium:takesScreenshot: true, appium:udid: 06081330BT105920, appium:viewportRect: {height: 1376, left: 0, top: 64, width: 720}, appium:warnings: {}, appium:webStorageEnabled: false, platformName: ANDROID}
Session ID: 0f335d5b-bb9a-4491-8ec3-b78140b5aa8b]]>
            </message>
            <full-stacktrace>
              <![CDATA[org.openqa.selenium.WebDriverException: An unknown server-side error occurred while processing the command. Original error: The process has received SIGINT signal
Build info: version: '4.10.0', revision: 'c14d967899'
System info: os.name: 'Windows 10', os.arch: 'amd64', os.version: '10.0', java.version: '19.0.1'
Driver info: io.appium.java_client.android.AndroidDriver
Command: [0f335d5b-bb9a-4491-8ec3-b78140b5aa8b, findElement {using=xpath, value=//android.widget.TextView[@text='Login']}]
Capabilities {appium:app: C:\Users\Ensx-pc\eclipse-wo..., appium:appPackage: com.dev.messengerx, appium:autoGrantPermissions: true, appium:automationName: UIAutomator2, appium:databaseEnabled: false, appium:desired: {app: C:\Users\Ensx-pc\eclipse-wo..., autoGrantPermissions: true, automationName: UIAutomator2, newCommandTimeout: 90, platformName: ANDROID, systemPort: 9000, udid: 06081330BT105920}, appium:deviceApiLevel: 29, appium:deviceManufacturer: INFINIX MOBILITY LIMITED, appium:deviceModel: Infinix X657B, appium:deviceName: 06081330BT105920, appium:deviceScreenDensity: 320, appium:deviceScreenSize: 720x1600, appium:deviceUDID: 06081330BT105920, appium:javascriptEnabled: true, appium:locationContextEnabled: false, appium:networkConnectionEnabled: true, appium:newCommandTimeout: 90, appium:pixelRatio: 2, appium:platformVersion: 10, appium:statBarHeight: 64, appium:systemPort: 9000, appium:takesScreenshot: true, appium:udid: 06081330BT105920, appium:viewportRect: {height: 1376, left: 0, top: 64, width: 720}, appium:warnings: {}, appium:webStorageEnabled: false, platformName: ANDROID}
Session ID: 0f335d5b-bb9a-4491-8ec3-b78140b5aa8b
at java.base/jdk.internal.reflect.DirectConstructorHandleAccessor.newInstance(DirectConstructorHandleAccessor.java:67)
at java.base/java.lang.reflect.Constructor.newInstanceWithCaller(Constructor.java:500)
at java.base/java.lang.reflect.Constructor.newInstance(Constructor.java:484)
at org.openqa.selenium.remote.codec.w3c.W3CHttpResponseCodec.createException(W3CHttpResponseCodec.java:199)
at org.openqa.selenium.remote.codec.w3c.W3CHttpResponseCodec.decode(W3CHttpResponseCodec.java:132)
at org.openqa.selenium.remote.codec.w3c.W3CHttpResponseCodec.decode(W3CHttpResponseCodec.java:51)
at org.openqa.selenium.remote.HttpCommandExecutor.execute(HttpCommandExecutor.java:191)
at io.appium.java_client.remote.AppiumCommandExecutor.execute(AppiumCommandExecutor.java:262)
at org.openqa.selenium.remote.RemoteWebDriver.execute(RemoteWebDriver.java:531)
at org.openqa.selenium.remote.ElementLocation$ElementFinder$2.findElement(ElementLocation.java:165)
at org.openqa.selenium.remote.ElementLocation.findElement(ElementLocation.java:59)
at org.openqa.selenium.remote.RemoteWebDriver.findElement(RemoteWebDriver.java:350)
at org.openqa.selenium.remote.RemoteWebDriver.findElement(RemoteWebDriver.java:344)
at basePage.BasePage.gotoLogin(BasePage.java:45)
at testcases.VideoCallTest.Setup(VideoCallTest.java:66)
at java.base/jdk.internal.reflect.DirectMethodHandleAccessor.invoke(DirectMethodHandleAccessor.java:104)
at java.base/java.lang.reflect.Method.invoke(Method.java:578)
at org.testng.internal.invokers.MethodInvocationHelper.invokeMethod(MethodInvocationHelper.java:139)
at org.testng.internal.invokers.MethodInvocationHelper.invokeMethodConsideringTimeout(MethodInvocationHelper.java:69)
at org.testng.internal.invokers.ConfigInvoker.invokeConfigurationMethod(ConfigInvoker.java:361)
at org.testng.internal.invokers.ConfigInvoker.invokeConfigurations(ConfigInvoker.java:296)
at org.testng.TestRunner.invokeTestConfigurations(TestRunner.java:644)
at org.testng.TestRunner.beforeRun(TestRunner.java:633)
at org.testng.TestRunner.run(TestRunner.java:595)
at org.testng.SuiteRunner.runTest(SuiteRunner.java:437)
at org.testng.SuiteRunner.runSequentially(SuiteRunner.java:431)
at org.testng.SuiteRunner.privateRun(SuiteRunner.java:391)
at org.testng.SuiteRunner.run(SuiteRunner.java:330)
at org.testng.SuiteRunnerWorker.runSuite(SuiteRunnerWorker.java:52)
at org.testng.SuiteRunnerWorker.run(SuiteRunnerWorker.java:95)
at org.testng.TestNG.runSuitesSequentially(TestNG.java:1256)
at org.testng.TestNG.runSuitesLocally(TestNG.java:1176)
at org.testng.TestNG.runSuites(TestNG.java:1099)
at org.testng.TestNG.run(TestNG.java:1067)
at org.testng.remote.AbstractRemoteTestNG.run(AbstractRemoteTestNG.java:115)
at org.testng.remote.RemoteTestNG.initAndRun(RemoteTestNG.java:251)
at org.testng.remote.RemoteTestNG.main(RemoteTestNG.java:77)
]]>
            </full-stacktrace>
          </exception> <!-- org.openqa.selenium.WebDriverException -->
          <reporter-output>
          </reporter-output>
        </test-method> <!-- browseValidVideo -->
        <test-method is-config="true" signature="afterChat()[pri:0, instance:testcases.ChatTest@18df8434]" started-at="2023-06-09T22:32:18 PKT" name="afterChat" finished-at="2023-06-09T22:32:18 PKT" duration-ms="0" status="SKIP">
          <reporter-output>
          </reporter-output>
        </test-method> <!-- afterChat -->
        <test-method is-config="true" signature="BeforeChat()[pri:0, instance:testcases.ChatTest@18df8434]" started-at="2023-06-09T22:32:18 PKT" name="BeforeChat" finished-at="2023-06-09T22:32:18 PKT" duration-ms="0" status="SKIP">
          <reporter-output>
          </reporter-output>
        </test-method> <!-- BeforeChat -->
        <test-method signature="captureVideo()[pri:6, instance:testcases.ChatTest@18df8434]" started-at="2023-06-09T22:32:18 PKT" name="captureVideo" finished-at="2023-06-09T22:32:18 PKT" duration-ms="0" status="SKIP">
          <exception class="org.openqa.selenium.WebDriverException">
            <message>
              <![CDATA[An unknown server-side error occurred while processing the command. Original error: The process has received SIGINT signal
Build info: version: '4.10.0', revision: 'c14d967899'
System info: os.name: 'Windows 10', os.arch: 'amd64', os.version: '10.0', java.version: '19.0.1'
Driver info: io.appium.java_client.android.AndroidDriver
Command: [0f335d5b-bb9a-4491-8ec3-b78140b5aa8b, findElement {using=xpath, value=//android.widget.TextView[@text='Login']}]
Capabilities {appium:app: C:\Users\Ensx-pc\eclipse-wo..., appium:appPackage: com.dev.messengerx, appium:autoGrantPermissions: true, appium:automationName: UIAutomator2, appium:databaseEnabled: false, appium:desired: {app: C:\Users\Ensx-pc\eclipse-wo..., autoGrantPermissions: true, automationName: UIAutomator2, newCommandTimeout: 90, platformName: ANDROID, systemPort: 9000, udid: 06081330BT105920}, appium:deviceApiLevel: 29, appium:deviceManufacturer: INFINIX MOBILITY LIMITED, appium:deviceModel: Infinix X657B, appium:deviceName: 06081330BT105920, appium:deviceScreenDensity: 320, appium:deviceScreenSize: 720x1600, appium:deviceUDID: 06081330BT105920, appium:javascriptEnabled: true, appium:locationContextEnabled: false, appium:networkConnectionEnabled: true, appium:newCommandTimeout: 90, appium:pixelRatio: 2, appium:platformVersion: 10, appium:statBarHeight: 64, appium:systemPort: 9000, appium:takesScreenshot: true, appium:udid: 06081330BT105920, appium:viewportRect: {height: 1376, left: 0, top: 64, width: 720}, appium:warnings: {}, appium:webStorageEnabled: false, platformName: ANDROID}
Session ID: 0f335d5b-bb9a-4491-8ec3-b78140b5aa8b]]>
            </message>
            <full-stacktrace>
              <![CDATA[org.openqa.selenium.WebDriverException: An unknown server-side error occurred while processing the command. Original error: The process has received SIGINT signal
Build info: version: '4.10.0', revision: 'c14d967899'
System info: os.name: 'Windows 10', os.arch: 'amd64', os.version: '10.0', java.version: '19.0.1'
Driver info: io.appium.java_client.android.AndroidDriver
Command: [0f335d5b-bb9a-4491-8ec3-b78140b5aa8b, findElement {using=xpath, value=//android.widget.TextView[@text='Login']}]
Capabilities {appium:app: C:\Users\Ensx-pc\eclipse-wo..., appium:appPackage: com.dev.messengerx, appium:autoGrantPermissions: true, appium:automationName: UIAutomator2, appium:databaseEnabled: false, appium:desired: {app: C:\Users\Ensx-pc\eclipse-wo..., autoGrantPermissions: true, automationName: UIAutomator2, newCommandTimeout: 90, platformName: ANDROID, systemPort: 9000, udid: 06081330BT105920}, appium:deviceApiLevel: 29, appium:deviceManufacturer: INFINIX MOBILITY LIMITED, appium:deviceModel: Infinix X657B, appium:deviceName: 06081330BT105920, appium:deviceScreenDensity: 320, appium:deviceScreenSize: 720x1600, appium:deviceUDID: 06081330BT105920, appium:javascriptEnabled: true, appium:locationContextEnabled: false, appium:networkConnectionEnabled: true, appium:newCommandTimeout: 90, appium:pixelRatio: 2, appium:platformVersion: 10, appium:statBarHeight: 64, appium:systemPort: 9000, appium:takesScreenshot: true, appium:udid: 06081330BT105920, appium:viewportRect: {height: 1376, left: 0, top: 64, width: 720}, appium:warnings: {}, appium:webStorageEnabled: false, platformName: ANDROID}
Session ID: 0f335d5b-bb9a-4491-8ec3-b78140b5aa8b
at java.base/jdk.internal.reflect.DirectConstructorHandleAccessor.newInstance(DirectConstructorHandleAccessor.java:67)
at java.base/java.lang.reflect.Constructor.newInstanceWithCaller(Constructor.java:500)
at java.base/java.lang.reflect.Constructor.newInstance(Constructor.java:484)
at org.openqa.selenium.remote.codec.w3c.W3CHttpResponseCodec.createException(W3CHttpResponseCodec.java:199)
at org.openqa.selenium.remote.codec.w3c.W3CHttpResponseCodec.decode(W3CHttpResponseCodec.java:132)
at org.openqa.selenium.remote.codec.w3c.W3CHttpResponseCodec.decode(W3CHttpResponseCodec.java:51)
at org.openqa.selenium.remote.HttpCommandExecutor.execute(HttpCommandExecutor.java:191)
at io.appium.java_client.remote.AppiumCommandExecutor.execute(AppiumCommandExecutor.java:262)
at org.openqa.selenium.remote.RemoteWebDriver.execute(RemoteWebDriver.java:531)
at org.openqa.selenium.remote.ElementLocation$ElementFinder$2.findElement(ElementLocation.java:165)
at org.openqa.selenium.remote.ElementLocation.findElement(ElementLocation.java:59)
at org.openqa.selenium.remote.RemoteWebDriver.findElement(RemoteWebDriver.java:350)
at org.openqa.selenium.remote.RemoteWebDriver.findElement(RemoteWebDriver.java:344)
at basePage.BasePage.gotoLogin(BasePage.java:45)
at testcases.VideoCallTest.Setup(VideoCallTest.java:66)
at java.base/jdk.internal.reflect.DirectMethodHandleAccessor.invoke(DirectMethodHandleAccessor.java:104)
at java.base/java.lang.reflect.Method.invoke(Method.java:578)
at org.testng.internal.invokers.MethodInvocationHelper.invokeMethod(MethodInvocationHelper.java:139)
at org.testng.internal.invokers.MethodInvocationHelper.invokeMethodConsideringTimeout(MethodInvocationHelper.java:69)
at org.testng.internal.invokers.ConfigInvoker.invokeConfigurationMethod(ConfigInvoker.java:361)
at org.testng.internal.invokers.ConfigInvoker.invokeConfigurations(ConfigInvoker.java:296)
at org.testng.TestRunner.invokeTestConfigurations(TestRunner.java:644)
at org.testng.TestRunner.beforeRun(TestRunner.java:633)
at org.testng.TestRunner.run(TestRunner.java:595)
at org.testng.SuiteRunner.runTest(SuiteRunner.java:437)
at org.testng.SuiteRunner.runSequentially(SuiteRunner.java:431)
at org.testng.SuiteRunner.privateRun(SuiteRunner.java:391)
at org.testng.SuiteRunner.run(SuiteRunner.java:330)
at org.testng.SuiteRunnerWorker.runSuite(SuiteRunnerWorker.java:52)
at org.testng.SuiteRunnerWorker.run(SuiteRunnerWorker.java:95)
at org.testng.TestNG.runSuitesSequentially(TestNG.java:1256)
at org.testng.TestNG.runSuitesLocally(TestNG.java:1176)
at org.testng.TestNG.runSuites(TestNG.java:1099)
at org.testng.TestNG.run(TestNG.java:1067)
at org.testng.remote.AbstractRemoteTestNG.run(AbstractRemoteTestNG.java:115)
at org.testng.remote.RemoteTestNG.initAndRun(RemoteTestNG.java:251)
at org.testng.remote.RemoteTestNG.main(RemoteTestNG.java:77)
]]>
            </full-stacktrace>
          </exception> <!-- org.openqa.selenium.WebDriverException -->
          <reporter-output>
          </reporter-output>
        </test-method> <!-- captureVideo -->
        <test-method is-config="true" signature="afterChat()[pri:0, instance:testcases.ChatTest@18df8434]" started-at="2023-06-09T22:32:18 PKT" name="afterChat" finished-at="2023-06-09T22:32:18 PKT" duration-ms="0" status="SKIP">
          <reporter-output>
          </reporter-output>
        </test-method> <!-- afterChat -->
        <test-method is-config="true" signature="BeforeChat()[pri:0, instance:testcases.ChatTest@18df8434]" started-at="2023-06-09T22:32:18 PKT" name="BeforeChat" finished-at="2023-06-09T22:32:18 PKT" duration-ms="0" status="SKIP">
          <reporter-output>
          </reporter-output>
        </test-method> <!-- BeforeChat -->
        <test-method signature="disappearingMsg()[pri:7, instance:testcases.ChatTest@18df8434]" started-at="2023-06-09T22:32:18 PKT" name="disappearingMsg" finished-at="2023-06-09T22:32:18 PKT" duration-ms="0" status="SKIP">
          <exception class="org.openqa.selenium.WebDriverException">
            <message>
              <![CDATA[An unknown server-side error occurred while processing the command. Original error: The process has received SIGINT signal
Build info: version: '4.10.0', revision: 'c14d967899'
System info: os.name: 'Windows 10', os.arch: 'amd64', os.version: '10.0', java.version: '19.0.1'
Driver info: io.appium.java_client.android.AndroidDriver
Command: [0f335d5b-bb9a-4491-8ec3-b78140b5aa8b, findElement {using=xpath, value=//android.widget.TextView[@text='Login']}]
Capabilities {appium:app: C:\Users\Ensx-pc\eclipse-wo..., appium:appPackage: com.dev.messengerx, appium:autoGrantPermissions: true, appium:automationName: UIAutomator2, appium:databaseEnabled: false, appium:desired: {app: C:\Users\Ensx-pc\eclipse-wo..., autoGrantPermissions: true, automationName: UIAutomator2, newCommandTimeout: 90, platformName: ANDROID, systemPort: 9000, udid: 06081330BT105920}, appium:deviceApiLevel: 29, appium:deviceManufacturer: INFINIX MOBILITY LIMITED, appium:deviceModel: Infinix X657B, appium:deviceName: 06081330BT105920, appium:deviceScreenDensity: 320, appium:deviceScreenSize: 720x1600, appium:deviceUDID: 06081330BT105920, appium:javascriptEnabled: true, appium:locationContextEnabled: false, appium:networkConnectionEnabled: true, appium:newCommandTimeout: 90, appium:pixelRatio: 2, appium:platformVersion: 10, appium:statBarHeight: 64, appium:systemPort: 9000, appium:takesScreenshot: true, appium:udid: 06081330BT105920, appium:viewportRect: {height: 1376, left: 0, top: 64, width: 720}, appium:warnings: {}, appium:webStorageEnabled: false, platformName: ANDROID}
Session ID: 0f335d5b-bb9a-4491-8ec3-b78140b5aa8b]]>
            </message>
            <full-stacktrace>
              <![CDATA[org.openqa.selenium.WebDriverException: An unknown server-side error occurred while processing the command. Original error: The process has received SIGINT signal
Build info: version: '4.10.0', revision: 'c14d967899'
System info: os.name: 'Windows 10', os.arch: 'amd64', os.version: '10.0', java.version: '19.0.1'
Driver info: io.appium.java_client.android.AndroidDriver
Command: [0f335d5b-bb9a-4491-8ec3-b78140b5aa8b, findElement {using=xpath, value=//android.widget.TextView[@text='Login']}]
Capabilities {appium:app: C:\Users\Ensx-pc\eclipse-wo..., appium:appPackage: com.dev.messengerx, appium:autoGrantPermissions: true, appium:automationName: UIAutomator2, appium:databaseEnabled: false, appium:desired: {app: C:\Users\Ensx-pc\eclipse-wo..., autoGrantPermissions: true, automationName: UIAutomator2, newCommandTimeout: 90, platformName: ANDROID, systemPort: 9000, udid: 06081330BT105920}, appium:deviceApiLevel: 29, appium:deviceManufacturer: INFINIX MOBILITY LIMITED, appium:deviceModel: Infinix X657B, appium:deviceName: 06081330BT105920, appium:deviceScreenDensity: 320, appium:deviceScreenSize: 720x1600, appium:deviceUDID: 06081330BT105920, appium:javascriptEnabled: true, appium:locationContextEnabled: false, appium:networkConnectionEnabled: true, appium:newCommandTimeout: 90, appium:pixelRatio: 2, appium:platformVersion: 10, appium:statBarHeight: 64, appium:systemPort: 9000, appium:takesScreenshot: true, appium:udid: 06081330BT105920, appium:viewportRect: {height: 1376, left: 0, top: 64, width: 720}, appium:warnings: {}, appium:webStorageEnabled: false, platformName: ANDROID}
Session ID: 0f335d5b-bb9a-4491-8ec3-b78140b5aa8b
at java.base/jdk.internal.reflect.DirectConstructorHandleAccessor.newInstance(DirectConstructorHandleAccessor.java:67)
at java.base/java.lang.reflect.Constructor.newInstanceWithCaller(Constructor.java:500)
at java.base/java.lang.reflect.Constructor.newInstance(Constructor.java:484)
at org.openqa.selenium.remote.codec.w3c.W3CHttpResponseCodec.createException(W3CHttpResponseCodec.java:199)
at org.openqa.selenium.remote.codec.w3c.W3CHttpResponseCodec.decode(W3CHttpResponseCodec.java:132)
at org.openqa.selenium.remote.codec.w3c.W3CHttpResponseCodec.decode(W3CHttpResponseCodec.java:51)
at org.openqa.selenium.remote.HttpCommandExecutor.execute(HttpCommandExecutor.java:191)
at io.appium.java_client.remote.AppiumCommandExecutor.execute(AppiumCommandExecutor.java:262)
at org.openqa.selenium.remote.RemoteWebDriver.execute(RemoteWebDriver.java:531)
at org.openqa.selenium.remote.ElementLocation$ElementFinder$2.findElement(ElementLocation.java:165)
at org.openqa.selenium.remote.ElementLocation.findElement(ElementLocation.java:59)
at org.openqa.selenium.remote.RemoteWebDriver.findElement(RemoteWebDriver.java:350)
at org.openqa.selenium.remote.RemoteWebDriver.findElement(RemoteWebDriver.java:344)
at basePage.BasePage.gotoLogin(BasePage.java:45)
at testcases.VideoCallTest.Setup(VideoCallTest.java:66)
at java.base/jdk.internal.reflect.DirectMethodHandleAccessor.invoke(DirectMethodHandleAccessor.java:104)
at java.base/java.lang.reflect.Method.invoke(Method.java:578)
at org.testng.internal.invokers.MethodInvocationHelper.invokeMethod(MethodInvocationHelper.java:139)
at org.testng.internal.invokers.MethodInvocationHelper.invokeMethodConsideringTimeout(MethodInvocationHelper.java:69)
at org.testng.internal.invokers.ConfigInvoker.invokeConfigurationMethod(ConfigInvoker.java:361)
at org.testng.internal.invokers.ConfigInvoker.invokeConfigurations(ConfigInvoker.java:296)
at org.testng.TestRunner.invokeTestConfigurations(TestRunner.java:644)
at org.testng.TestRunner.beforeRun(TestRunner.java:633)
at org.testng.TestRunner.run(TestRunner.java:595)
at org.testng.SuiteRunner.runTest(SuiteRunner.java:437)
at org.testng.SuiteRunner.runSequentially(SuiteRunner.java:431)
at org.testng.SuiteRunner.privateRun(SuiteRunner.java:391)
at org.testng.SuiteRunner.run(SuiteRunner.java:330)
at org.testng.SuiteRunnerWorker.runSuite(SuiteRunnerWorker.java:52)
at org.testng.SuiteRunnerWorker.run(SuiteRunnerWorker.java:95)
at org.testng.TestNG.runSuitesSequentially(TestNG.java:1256)
at org.testng.TestNG.runSuitesLocally(TestNG.java:1176)
at org.testng.TestNG.runSuites(TestNG.java:1099)
at org.testng.TestNG.run(TestNG.java:1067)
at org.testng.remote.AbstractRemoteTestNG.run(AbstractRemoteTestNG.java:115)
at org.testng.remote.RemoteTestNG.initAndRun(RemoteTestNG.java:251)
at org.testng.remote.RemoteTestNG.main(RemoteTestNG.java:77)
]]>
            </full-stacktrace>
          </exception> <!-- org.openqa.selenium.WebDriverException -->
          <reporter-output>
          </reporter-output>
        </test-method> <!-- disappearingMsg -->
        <test-method is-config="true" signature="afterChat()[pri:0, instance:testcases.ChatTest@18df8434]" started-at="2023-06-09T22:32:18 PKT" name="afterChat" finished-at="2023-06-09T22:32:18 PKT" duration-ms="0" status="SKIP">
          <reporter-output>
          </reporter-output>
        </test-method> <!-- afterChat -->
        <test-method is-config="true" signature="BeforeChat()[pri:0, instance:testcases.ChatTest@18df8434]" started-at="2023-06-09T22:32:18 PKT" name="BeforeChat" finished-at="2023-06-09T22:32:18 PKT" duration-ms="0" status="SKIP">
          <reporter-output>
          </reporter-output>
        </test-method> <!-- BeforeChat -->
        <test-method signature="disappearingImage()[pri:8, instance:testcases.ChatTest@18df8434]" started-at="2023-06-09T22:32:18 PKT" name="disappearingImage" finished-at="2023-06-09T22:32:18 PKT" duration-ms="0" status="SKIP">
          <exception class="org.openqa.selenium.WebDriverException">
            <message>
              <![CDATA[An unknown server-side error occurred while processing the command. Original error: The process has received SIGINT signal
Build info: version: '4.10.0', revision: 'c14d967899'
System info: os.name: 'Windows 10', os.arch: 'amd64', os.version: '10.0', java.version: '19.0.1'
Driver info: io.appium.java_client.android.AndroidDriver
Command: [0f335d5b-bb9a-4491-8ec3-b78140b5aa8b, findElement {using=xpath, value=//android.widget.TextView[@text='Login']}]
Capabilities {appium:app: C:\Users\Ensx-pc\eclipse-wo..., appium:appPackage: com.dev.messengerx, appium:autoGrantPermissions: true, appium:automationName: UIAutomator2, appium:databaseEnabled: false, appium:desired: {app: C:\Users\Ensx-pc\eclipse-wo..., autoGrantPermissions: true, automationName: UIAutomator2, newCommandTimeout: 90, platformName: ANDROID, systemPort: 9000, udid: 06081330BT105920}, appium:deviceApiLevel: 29, appium:deviceManufacturer: INFINIX MOBILITY LIMITED, appium:deviceModel: Infinix X657B, appium:deviceName: 06081330BT105920, appium:deviceScreenDensity: 320, appium:deviceScreenSize: 720x1600, appium:deviceUDID: 06081330BT105920, appium:javascriptEnabled: true, appium:locationContextEnabled: false, appium:networkConnectionEnabled: true, appium:newCommandTimeout: 90, appium:pixelRatio: 2, appium:platformVersion: 10, appium:statBarHeight: 64, appium:systemPort: 9000, appium:takesScreenshot: true, appium:udid: 06081330BT105920, appium:viewportRect: {height: 1376, left: 0, top: 64, width: 720}, appium:warnings: {}, appium:webStorageEnabled: false, platformName: ANDROID}
Session ID: 0f335d5b-bb9a-4491-8ec3-b78140b5aa8b]]>
            </message>
            <full-stacktrace>
              <![CDATA[org.openqa.selenium.WebDriverException: An unknown server-side error occurred while processing the command. Original error: The process has received SIGINT signal
Build info: version: '4.10.0', revision: 'c14d967899'
System info: os.name: 'Windows 10', os.arch: 'amd64', os.version: '10.0', java.version: '19.0.1'
Driver info: io.appium.java_client.android.AndroidDriver
Command: [0f335d5b-bb9a-4491-8ec3-b78140b5aa8b, findElement {using=xpath, value=//android.widget.TextView[@text='Login']}]
Capabilities {appium:app: C:\Users\Ensx-pc\eclipse-wo..., appium:appPackage: com.dev.messengerx, appium:autoGrantPermissions: true, appium:automationName: UIAutomator2, appium:databaseEnabled: false, appium:desired: {app: C:\Users\Ensx-pc\eclipse-wo..., autoGrantPermissions: true, automationName: UIAutomator2, newCommandTimeout: 90, platformName: ANDROID, systemPort: 9000, udid: 06081330BT105920}, appium:deviceApiLevel: 29, appium:deviceManufacturer: INFINIX MOBILITY LIMITED, appium:deviceModel: Infinix X657B, appium:deviceName: 06081330BT105920, appium:deviceScreenDensity: 320, appium:deviceScreenSize: 720x1600, appium:deviceUDID: 06081330BT105920, appium:javascriptEnabled: true, appium:locationContextEnabled: false, appium:networkConnectionEnabled: true, appium:newCommandTimeout: 90, appium:pixelRatio: 2, appium:platformVersion: 10, appium:statBarHeight: 64, appium:systemPort: 9000, appium:takesScreenshot: true, appium:udid: 06081330BT105920, appium:viewportRect: {height: 1376, left: 0, top: 64, width: 720}, appium:warnings: {}, appium:webStorageEnabled: false, platformName: ANDROID}
Session ID: 0f335d5b-bb9a-4491-8ec3-b78140b5aa8b
at java.base/jdk.internal.reflect.DirectConstructorHandleAccessor.newInstance(DirectConstructorHandleAccessor.java:67)
at java.base/java.lang.reflect.Constructor.newInstanceWithCaller(Constructor.java:500)
at java.base/java.lang.reflect.Constructor.newInstance(Constructor.java:484)
at org.openqa.selenium.remote.codec.w3c.W3CHttpResponseCodec.createException(W3CHttpResponseCodec.java:199)
at org.openqa.selenium.remote.codec.w3c.W3CHttpResponseCodec.decode(W3CHttpResponseCodec.java:132)
at org.openqa.selenium.remote.codec.w3c.W3CHttpResponseCodec.decode(W3CHttpResponseCodec.java:51)
at org.openqa.selenium.remote.HttpCommandExecutor.execute(HttpCommandExecutor.java:191)
at io.appium.java_client.remote.AppiumCommandExecutor.execute(AppiumCommandExecutor.java:262)
at org.openqa.selenium.remote.RemoteWebDriver.execute(RemoteWebDriver.java:531)
at org.openqa.selenium.remote.ElementLocation$ElementFinder$2.findElement(ElementLocation.java:165)
at org.openqa.selenium.remote.ElementLocation.findElement(ElementLocation.java:59)
at org.openqa.selenium.remote.RemoteWebDriver.findElement(RemoteWebDriver.java:350)
at org.openqa.selenium.remote.RemoteWebDriver.findElement(RemoteWebDriver.java:344)
at basePage.BasePage.gotoLogin(BasePage.java:45)
at testcases.VideoCallTest.Setup(VideoCallTest.java:66)
at java.base/jdk.internal.reflect.DirectMethodHandleAccessor.invoke(DirectMethodHandleAccessor.java:104)
at java.base/java.lang.reflect.Method.invoke(Method.java:578)
at org.testng.internal.invokers.MethodInvocationHelper.invokeMethod(MethodInvocationHelper.java:139)
at org.testng.internal.invokers.MethodInvocationHelper.invokeMethodConsideringTimeout(MethodInvocationHelper.java:69)
at org.testng.internal.invokers.ConfigInvoker.invokeConfigurationMethod(ConfigInvoker.java:361)
at org.testng.internal.invokers.ConfigInvoker.invokeConfigurations(ConfigInvoker.java:296)
at org.testng.TestRunner.invokeTestConfigurations(TestRunner.java:644)
at org.testng.TestRunner.beforeRun(TestRunner.java:633)
at org.testng.TestRunner.run(TestRunner.java:595)
at org.testng.SuiteRunner.runTest(SuiteRunner.java:437)
at org.testng.SuiteRunner.runSequentially(SuiteRunner.java:431)
at org.testng.SuiteRunner.privateRun(SuiteRunner.java:391)
at org.testng.SuiteRunner.run(SuiteRunner.java:330)
at org.testng.SuiteRunnerWorker.runSuite(SuiteRunnerWorker.java:52)
at org.testng.SuiteRunnerWorker.run(SuiteRunnerWorker.java:95)
at org.testng.TestNG.runSuitesSequentially(TestNG.java:1256)
at org.testng.TestNG.runSuitesLocally(TestNG.java:1176)
at org.testng.TestNG.runSuites(TestNG.java:1099)
at org.testng.TestNG.run(TestNG.java:1067)
at org.testng.remote.AbstractRemoteTestNG.run(AbstractRemoteTestNG.java:115)
at org.testng.remote.RemoteTestNG.initAndRun(RemoteTestNG.java:251)
at org.testng.remote.RemoteTestNG.main(RemoteTestNG.java:77)
]]>
            </full-stacktrace>
          </exception> <!-- org.openqa.selenium.WebDriverException -->
          <reporter-output>
          </reporter-output>
        </test-method> <!-- disappearingImage -->
        <test-method is-config="true" signature="afterChat()[pri:0, instance:testcases.ChatTest@18df8434]" started-at="2023-06-09T22:32:18 PKT" name="afterChat" finished-at="2023-06-09T22:32:18 PKT" duration-ms="0" status="SKIP">
          <reporter-output>
          </reporter-output>
        </test-method> <!-- afterChat -->
        <test-method is-config="true" signature="BeforeChat()[pri:0, instance:testcases.ChatTest@18df8434]" started-at="2023-06-09T22:32:18 PKT" name="BeforeChat" finished-at="2023-06-09T22:32:18 PKT" duration-ms="0" status="SKIP">
          <reporter-output>
          </reporter-output>
        </test-method> <!-- BeforeChat -->
        <test-method signature="sendPendingMsg()[pri:9, instance:testcases.ChatTest@18df8434]" started-at="2023-06-09T22:32:18 PKT" name="sendPendingMsg" finished-at="2023-06-09T22:32:18 PKT" duration-ms="0" status="SKIP">
          <exception class="org.openqa.selenium.WebDriverException">
            <message>
              <![CDATA[An unknown server-side error occurred while processing the command. Original error: The process has received SIGINT signal
Build info: version: '4.10.0', revision: 'c14d967899'
System info: os.name: 'Windows 10', os.arch: 'amd64', os.version: '10.0', java.version: '19.0.1'
Driver info: io.appium.java_client.android.AndroidDriver
Command: [0f335d5b-bb9a-4491-8ec3-b78140b5aa8b, findElement {using=xpath, value=//android.widget.TextView[@text='Login']}]
Capabilities {appium:app: C:\Users\Ensx-pc\eclipse-wo..., appium:appPackage: com.dev.messengerx, appium:autoGrantPermissions: true, appium:automationName: UIAutomator2, appium:databaseEnabled: false, appium:desired: {app: C:\Users\Ensx-pc\eclipse-wo..., autoGrantPermissions: true, automationName: UIAutomator2, newCommandTimeout: 90, platformName: ANDROID, systemPort: 9000, udid: 06081330BT105920}, appium:deviceApiLevel: 29, appium:deviceManufacturer: INFINIX MOBILITY LIMITED, appium:deviceModel: Infinix X657B, appium:deviceName: 06081330BT105920, appium:deviceScreenDensity: 320, appium:deviceScreenSize: 720x1600, appium:deviceUDID: 06081330BT105920, appium:javascriptEnabled: true, appium:locationContextEnabled: false, appium:networkConnectionEnabled: true, appium:newCommandTimeout: 90, appium:pixelRatio: 2, appium:platformVersion: 10, appium:statBarHeight: 64, appium:systemPort: 9000, appium:takesScreenshot: true, appium:udid: 06081330BT105920, appium:viewportRect: {height: 1376, left: 0, top: 64, width: 720}, appium:warnings: {}, appium:webStorageEnabled: false, platformName: ANDROID}
Session ID: 0f335d5b-bb9a-4491-8ec3-b78140b5aa8b]]>
            </message>
            <full-stacktrace>
              <![CDATA[org.openqa.selenium.WebDriverException: An unknown server-side error occurred while processing the command. Original error: The process has received SIGINT signal
Build info: version: '4.10.0', revision: 'c14d967899'
System info: os.name: 'Windows 10', os.arch: 'amd64', os.version: '10.0', java.version: '19.0.1'
Driver info: io.appium.java_client.android.AndroidDriver
Command: [0f335d5b-bb9a-4491-8ec3-b78140b5aa8b, findElement {using=xpath, value=//android.widget.TextView[@text='Login']}]
Capabilities {appium:app: C:\Users\Ensx-pc\eclipse-wo..., appium:appPackage: com.dev.messengerx, appium:autoGrantPermissions: true, appium:automationName: UIAutomator2, appium:databaseEnabled: false, appium:desired: {app: C:\Users\Ensx-pc\eclipse-wo..., autoGrantPermissions: true, automationName: UIAutomator2, newCommandTimeout: 90, platformName: ANDROID, systemPort: 9000, udid: 06081330BT105920}, appium:deviceApiLevel: 29, appium:deviceManufacturer: INFINIX MOBILITY LIMITED, appium:deviceModel: Infinix X657B, appium:deviceName: 06081330BT105920, appium:deviceScreenDensity: 320, appium:deviceScreenSize: 720x1600, appium:deviceUDID: 06081330BT105920, appium:javascriptEnabled: true, appium:locationContextEnabled: false, appium:networkConnectionEnabled: true, appium:newCommandTimeout: 90, appium:pixelRatio: 2, appium:platformVersion: 10, appium:statBarHeight: 64, appium:systemPort: 9000, appium:takesScreenshot: true, appium:udid: 06081330BT105920, appium:viewportRect: {height: 1376, left: 0, top: 64, width: 720}, appium:warnings: {}, appium:webStorageEnabled: false, platformName: ANDROID}
Session ID: 0f335d5b-bb9a-4491-8ec3-b78140b5aa8b
at java.base/jdk.internal.reflect.DirectConstructorHandleAccessor.newInstance(DirectConstructorHandleAccessor.java:67)
at java.base/java.lang.reflect.Constructor.newInstanceWithCaller(Constructor.java:500)
at java.base/java.lang.reflect.Constructor.newInstance(Constructor.java:484)
at org.openqa.selenium.remote.codec.w3c.W3CHttpResponseCodec.createException(W3CHttpResponseCodec.java:199)
at org.openqa.selenium.remote.codec.w3c.W3CHttpResponseCodec.decode(W3CHttpResponseCodec.java:132)
at org.openqa.selenium.remote.codec.w3c.W3CHttpResponseCodec.decode(W3CHttpResponseCodec.java:51)
at org.openqa.selenium.remote.HttpCommandExecutor.execute(HttpCommandExecutor.java:191)
at io.appium.java_client.remote.AppiumCommandExecutor.execute(AppiumCommandExecutor.java:262)
at org.openqa.selenium.remote.RemoteWebDriver.execute(RemoteWebDriver.java:531)
at org.openqa.selenium.remote.ElementLocation$ElementFinder$2.findElement(ElementLocation.java:165)
at org.openqa.selenium.remote.ElementLocation.findElement(ElementLocation.java:59)
at org.openqa.selenium.remote.RemoteWebDriver.findElement(RemoteWebDriver.java:350)
at org.openqa.selenium.remote.RemoteWebDriver.findElement(RemoteWebDriver.java:344)
at basePage.BasePage.gotoLogin(BasePage.java:45)
at testcases.VideoCallTest.Setup(VideoCallTest.java:66)
at java.base/jdk.internal.reflect.DirectMethodHandleAccessor.invoke(DirectMethodHandleAccessor.java:104)
at java.base/java.lang.reflect.Method.invoke(Method.java:578)
at org.testng.internal.invokers.MethodInvocationHelper.invokeMethod(MethodInvocationHelper.java:139)
at org.testng.internal.invokers.MethodInvocationHelper.invokeMethodConsideringTimeout(MethodInvocationHelper.java:69)
at org.testng.internal.invokers.ConfigInvoker.invokeConfigurationMethod(ConfigInvoker.java:361)
at org.testng.internal.invokers.ConfigInvoker.invokeConfigurations(ConfigInvoker.java:296)
at org.testng.TestRunner.invokeTestConfigurations(TestRunner.java:644)
at org.testng.TestRunner.beforeRun(TestRunner.java:633)
at org.testng.TestRunner.run(TestRunner.java:595)
at org.testng.SuiteRunner.runTest(SuiteRunner.java:437)
at org.testng.SuiteRunner.runSequentially(SuiteRunner.java:431)
at org.testng.SuiteRunner.privateRun(SuiteRunner.java:391)
at org.testng.SuiteRunner.run(SuiteRunner.java:330)
at org.testng.SuiteRunnerWorker.runSuite(SuiteRunnerWorker.java:52)
at org.testng.SuiteRunnerWorker.run(SuiteRunnerWorker.java:95)
at org.testng.TestNG.runSuitesSequentially(TestNG.java:1256)
at org.testng.TestNG.runSuitesLocally(TestNG.java:1176)
at org.testng.TestNG.runSuites(TestNG.java:1099)
at org.testng.TestNG.run(TestNG.java:1067)
at org.testng.remote.AbstractRemoteTestNG.run(AbstractRemoteTestNG.java:115)
at org.testng.remote.RemoteTestNG.initAndRun(RemoteTestNG.java:251)
at org.testng.remote.RemoteTestNG.main(RemoteTestNG.java:77)
]]>
            </full-stacktrace>
          </exception> <!-- org.openqa.selenium.WebDriverException -->
          <reporter-output>
          </reporter-output>
        </test-method> <!-- sendPendingMsg -->
        <test-method is-config="true" signature="afterChat()[pri:0, instance:testcases.ChatTest@18df8434]" started-at="2023-06-09T22:32:18 PKT" name="afterChat" finished-at="2023-06-09T22:32:18 PKT" duration-ms="0" status="SKIP">
          <reporter-output>
          </reporter-output>
        </test-method> <!-- afterChat -->
        <test-method is-config="true" signature="BeforeChat()[pri:0, instance:testcases.ChatTest@18df8434]" started-at="2023-06-09T22:32:19 PKT" name="BeforeChat" finished-at="2023-06-09T22:32:19 PKT" duration-ms="0" status="SKIP">
          <reporter-output>
          </reporter-output>
        </test-method> <!-- BeforeChat -->
        <test-method signature="shareContact()[pri:0, instance:testcases.ChatTest@18df8434]" started-at="2023-06-09T22:32:19 PKT" name="shareContact" finished-at="2023-06-09T22:32:19 PKT" depends-on-methods="testcases.AddContactTest.addContact" duration-ms="0" status="SKIP">
          <exception class="org.openqa.selenium.WebDriverException">
            <message>
              <![CDATA[An unknown server-side error occurred while processing the command. Original error: The process has received SIGINT signal
Build info: version: '4.10.0', revision: 'c14d967899'
System info: os.name: 'Windows 10', os.arch: 'amd64', os.version: '10.0', java.version: '19.0.1'
Driver info: io.appium.java_client.android.AndroidDriver
Command: [0f335d5b-bb9a-4491-8ec3-b78140b5aa8b, findElement {using=xpath, value=//android.widget.TextView[@text='Login']}]
Capabilities {appium:app: C:\Users\Ensx-pc\eclipse-wo..., appium:appPackage: com.dev.messengerx, appium:autoGrantPermissions: true, appium:automationName: UIAutomator2, appium:databaseEnabled: false, appium:desired: {app: C:\Users\Ensx-pc\eclipse-wo..., autoGrantPermissions: true, automationName: UIAutomator2, newCommandTimeout: 90, platformName: ANDROID, systemPort: 9000, udid: 06081330BT105920}, appium:deviceApiLevel: 29, appium:deviceManufacturer: INFINIX MOBILITY LIMITED, appium:deviceModel: Infinix X657B, appium:deviceName: 06081330BT105920, appium:deviceScreenDensity: 320, appium:deviceScreenSize: 720x1600, appium:deviceUDID: 06081330BT105920, appium:javascriptEnabled: true, appium:locationContextEnabled: false, appium:networkConnectionEnabled: true, appium:newCommandTimeout: 90, appium:pixelRatio: 2, appium:platformVersion: 10, appium:statBarHeight: 64, appium:systemPort: 9000, appium:takesScreenshot: true, appium:udid: 06081330BT105920, appium:viewportRect: {height: 1376, left: 0, top: 64, width: 720}, appium:warnings: {}, appium:webStorageEnabled: false, platformName: ANDROID}
Session ID: 0f335d5b-bb9a-4491-8ec3-b78140b5aa8b]]>
            </message>
            <full-stacktrace>
              <![CDATA[org.openqa.selenium.WebDriverException: An unknown server-side error occurred while processing the command. Original error: The process has received SIGINT signal
Build info: version: '4.10.0', revision: 'c14d967899'
System info: os.name: 'Windows 10', os.arch: 'amd64', os.version: '10.0', java.version: '19.0.1'
Driver info: io.appium.java_client.android.AndroidDriver
Command: [0f335d5b-bb9a-4491-8ec3-b78140b5aa8b, findElement {using=xpath, value=//android.widget.TextView[@text='Login']}]
Capabilities {appium:app: C:\Users\Ensx-pc\eclipse-wo..., appium:appPackage: com.dev.messengerx, appium:autoGrantPermissions: true, appium:automationName: UIAutomator2, appium:databaseEnabled: false, appium:desired: {app: C:\Users\Ensx-pc\eclipse-wo..., autoGrantPermissions: true, automationName: UIAutomator2, newCommandTimeout: 90, platformName: ANDROID, systemPort: 9000, udid: 06081330BT105920}, appium:deviceApiLevel: 29, appium:deviceManufacturer: INFINIX MOBILITY LIMITED, appium:deviceModel: Infinix X657B, appium:deviceName: 06081330BT105920, appium:deviceScreenDensity: 320, appium:deviceScreenSize: 720x1600, appium:deviceUDID: 06081330BT105920, appium:javascriptEnabled: true, appium:locationContextEnabled: false, appium:networkConnectionEnabled: true, appium:newCommandTimeout: 90, appium:pixelRatio: 2, appium:platformVersion: 10, appium:statBarHeight: 64, appium:systemPort: 9000, appium:takesScreenshot: true, appium:udid: 06081330BT105920, appium:viewportRect: {height: 1376, left: 0, top: 64, width: 720}, appium:warnings: {}, appium:webStorageEnabled: false, platformName: ANDROID}
Session ID: 0f335d5b-bb9a-4491-8ec3-b78140b5aa8b
at java.base/jdk.internal.reflect.DirectConstructorHandleAccessor.newInstance(DirectConstructorHandleAccessor.java:67)
at java.base/java.lang.reflect.Constructor.newInstanceWithCaller(Constructor.java:500)
at java.base/java.lang.reflect.Constructor.newInstance(Constructor.java:484)
at org.openqa.selenium.remote.codec.w3c.W3CHttpResponseCodec.createException(W3CHttpResponseCodec.java:199)
at org.openqa.selenium.remote.codec.w3c.W3CHttpResponseCodec.decode(W3CHttpResponseCodec.java:132)
at org.openqa.selenium.remote.codec.w3c.W3CHttpResponseCodec.decode(W3CHttpResponseCodec.java:51)
at org.openqa.selenium.remote.HttpCommandExecutor.execute(HttpCommandExecutor.java:191)
at io.appium.java_client.remote.AppiumCommandExecutor.execute(AppiumCommandExecutor.java:262)
at org.openqa.selenium.remote.RemoteWebDriver.execute(RemoteWebDriver.java:531)
at org.openqa.selenium.remote.ElementLocation$ElementFinder$2.findElement(ElementLocation.java:165)
at org.openqa.selenium.remote.ElementLocation.findElement(ElementLocation.java:59)
at org.openqa.selenium.remote.RemoteWebDriver.findElement(RemoteWebDriver.java:350)
at org.openqa.selenium.remote.RemoteWebDriver.findElement(RemoteWebDriver.java:344)
at basePage.BasePage.gotoLogin(BasePage.java:45)
at testcases.VideoCallTest.Setup(VideoCallTest.java:66)
at java.base/jdk.internal.reflect.DirectMethodHandleAccessor.invoke(DirectMethodHandleAccessor.java:104)
at java.base/java.lang.reflect.Method.invoke(Method.java:578)
at org.testng.internal.invokers.MethodInvocationHelper.invokeMethod(MethodInvocationHelper.java:139)
at org.testng.internal.invokers.MethodInvocationHelper.invokeMethodConsideringTimeout(MethodInvocationHelper.java:69)
at org.testng.internal.invokers.ConfigInvoker.invokeConfigurationMethod(ConfigInvoker.java:361)
at org.testng.internal.invokers.ConfigInvoker.invokeConfigurations(ConfigInvoker.java:296)
at org.testng.TestRunner.invokeTestConfigurations(TestRunner.java:644)
at org.testng.TestRunner.beforeRun(TestRunner.java:633)
at org.testng.TestRunner.run(TestRunner.java:595)
at org.testng.SuiteRunner.runTest(SuiteRunner.java:437)
at org.testng.SuiteRunner.runSequentially(SuiteRunner.java:431)
at org.testng.SuiteRunner.privateRun(SuiteRunner.java:391)
at org.testng.SuiteRunner.run(SuiteRunner.java:330)
at org.testng.SuiteRunnerWorker.runSuite(SuiteRunnerWorker.java:52)
at org.testng.SuiteRunnerWorker.run(SuiteRunnerWorker.java:95)
at org.testng.TestNG.runSuitesSequentially(TestNG.java:1256)
at org.testng.TestNG.runSuitesLocally(TestNG.java:1176)
at org.testng.TestNG.runSuites(TestNG.java:1099)
at org.testng.TestNG.run(TestNG.java:1067)
at org.testng.remote.AbstractRemoteTestNG.run(AbstractRemoteTestNG.java:115)
at org.testng.remote.RemoteTestNG.initAndRun(RemoteTestNG.java:251)
at org.testng.remote.RemoteTestNG.main(RemoteTestNG.java:77)
]]>
            </full-stacktrace>
          </exception> <!-- org.openqa.selenium.WebDriverException -->
          <reporter-output>
          </reporter-output>
        </test-method> <!-- shareContact -->
        <test-method is-config="true" signature="afterChat()[pri:0, instance:testcases.ChatTest@18df8434]" started-at="2023-06-09T22:32:19 PKT" name="afterChat" finished-at="2023-06-09T22:32:19 PKT" duration-ms="0" status="SKIP">
          <reporter-output>
          </reporter-output>
        </test-method> <!-- afterChat -->
      </class> <!-- testcases.ChatTest -->
      <class name="testcases.AddContactTest">
        <test-method is-config="true" signature="configureAppium()[pri:0, instance:testcases.AddContactTest@791f145a]" started-at="2023-06-09T22:32:19 PKT" name="configureAppium" finished-at="2023-06-09T22:32:19 PKT" duration-ms="0" status="SKIP">
          <reporter-output>
          </reporter-output>
        </test-method> <!-- configureAppium -->
        <test-method signature="addContact(java.util.HashMap)[pri:0, instance:testcases.AddContactTest@791f145a]" started-at="2023-06-09T22:32:19 PKT" name="addContact" data-provider="getDatafromFile" finished-at="2023-06-09T22:32:19 PKT" duration-ms="0" status="SKIP">
          <params>
            <param index="0">
              <value>
                <![CDATA[{xID=831 056 341, Name=Friend1}]]>
              </value>
            </param>
          </params>
          <exception class="org.openqa.selenium.WebDriverException">
            <message>
              <![CDATA[An unknown server-side error occurred while processing the command. Original error: The process has received SIGINT signal
Build info: version: '4.10.0', revision: 'c14d967899'
System info: os.name: 'Windows 10', os.arch: 'amd64', os.version: '10.0', java.version: '19.0.1'
Driver info: io.appium.java_client.android.AndroidDriver
Command: [0f335d5b-bb9a-4491-8ec3-b78140b5aa8b, findElement {using=xpath, value=//android.widget.TextView[@text='Login']}]
Capabilities {appium:app: C:\Users\Ensx-pc\eclipse-wo..., appium:appPackage: com.dev.messengerx, appium:autoGrantPermissions: true, appium:automationName: UIAutomator2, appium:databaseEnabled: false, appium:desired: {app: C:\Users\Ensx-pc\eclipse-wo..., autoGrantPermissions: true, automationName: UIAutomator2, newCommandTimeout: 90, platformName: ANDROID, systemPort: 9000, udid: 06081330BT105920}, appium:deviceApiLevel: 29, appium:deviceManufacturer: INFINIX MOBILITY LIMITED, appium:deviceModel: Infinix X657B, appium:deviceName: 06081330BT105920, appium:deviceScreenDensity: 320, appium:deviceScreenSize: 720x1600, appium:deviceUDID: 06081330BT105920, appium:javascriptEnabled: true, appium:locationContextEnabled: false, appium:networkConnectionEnabled: true, appium:newCommandTimeout: 90, appium:pixelRatio: 2, appium:platformVersion: 10, appium:statBarHeight: 64, appium:systemPort: 9000, appium:takesScreenshot: true, appium:udid: 06081330BT105920, appium:viewportRect: {height: 1376, left: 0, top: 64, width: 720}, appium:warnings: {}, appium:webStorageEnabled: false, platformName: ANDROID}
Session ID: 0f335d5b-bb9a-4491-8ec3-b78140b5aa8b]]>
            </message>
            <full-stacktrace>
              <![CDATA[org.openqa.selenium.WebDriverException: An unknown server-side error occurred while processing the command. Original error: The process has received SIGINT signal
Build info: version: '4.10.0', revision: 'c14d967899'
System info: os.name: 'Windows 10', os.arch: 'amd64', os.version: '10.0', java.version: '19.0.1'
Driver info: io.appium.java_client.android.AndroidDriver
Command: [0f335d5b-bb9a-4491-8ec3-b78140b5aa8b, findElement {using=xpath, value=//android.widget.TextView[@text='Login']}]
Capabilities {appium:app: C:\Users\Ensx-pc\eclipse-wo..., appium:appPackage: com.dev.messengerx, appium:autoGrantPermissions: true, appium:automationName: UIAutomator2, appium:databaseEnabled: false, appium:desired: {app: C:\Users\Ensx-pc\eclipse-wo..., autoGrantPermissions: true, automationName: UIAutomator2, newCommandTimeout: 90, platformName: ANDROID, systemPort: 9000, udid: 06081330BT105920}, appium:deviceApiLevel: 29, appium:deviceManufacturer: INFINIX MOBILITY LIMITED, appium:deviceModel: Infinix X657B, appium:deviceName: 06081330BT105920, appium:deviceScreenDensity: 320, appium:deviceScreenSize: 720x1600, appium:deviceUDID: 06081330BT105920, appium:javascriptEnabled: true, appium:locationContextEnabled: false, appium:networkConnectionEnabled: true, appium:newCommandTimeout: 90, appium:pixelRatio: 2, appium:platformVersion: 10, appium:statBarHeight: 64, appium:systemPort: 9000, appium:takesScreenshot: true, appium:udid: 06081330BT105920, appium:viewportRect: {height: 1376, left: 0, top: 64, width: 720}, appium:warnings: {}, appium:webStorageEnabled: false, platformName: ANDROID}
Session ID: 0f335d5b-bb9a-4491-8ec3-b78140b5aa8b
at java.base/jdk.internal.reflect.DirectConstructorHandleAccessor.newInstance(DirectConstructorHandleAccessor.java:67)
at java.base/java.lang.reflect.Constructor.newInstanceWithCaller(Constructor.java:500)
at java.base/java.lang.reflect.Constructor.newInstance(Constructor.java:484)
at org.openqa.selenium.remote.codec.w3c.W3CHttpResponseCodec.createException(W3CHttpResponseCodec.java:199)
at org.openqa.selenium.remote.codec.w3c.W3CHttpResponseCodec.decode(W3CHttpResponseCodec.java:132)
at org.openqa.selenium.remote.codec.w3c.W3CHttpResponseCodec.decode(W3CHttpResponseCodec.java:51)
at org.openqa.selenium.remote.HttpCommandExecutor.execute(HttpCommandExecutor.java:191)
at io.appium.java_client.remote.AppiumCommandExecutor.execute(AppiumCommandExecutor.java:262)
at org.openqa.selenium.remote.RemoteWebDriver.execute(RemoteWebDriver.java:531)
at org.openqa.selenium.remote.ElementLocation$ElementFinder$2.findElement(ElementLocation.java:165)
at org.openqa.selenium.remote.ElementLocation.findElement(ElementLocation.java:59)
at org.openqa.selenium.remote.RemoteWebDriver.findElement(RemoteWebDriver.java:350)
at org.openqa.selenium.remote.RemoteWebDriver.findElement(RemoteWebDriver.java:344)
at basePage.BasePage.gotoLogin(BasePage.java:45)
at testcases.VideoCallTest.Setup(VideoCallTest.java:66)
at java.base/jdk.internal.reflect.DirectMethodHandleAccessor.invoke(DirectMethodHandleAccessor.java:104)
[...]
at org.testng.TestNG.run(TestNG.java:1067)
at org.testng.remote.AbstractRemoteTestNG.run(AbstractRemoteTestNG.java:115)
at org.testng.remote.RemoteTestNG.initAndRun(RemoteTestNG.java:251)
at org.testng.remote.RemoteTestNG.main(RemoteTestNG.java:77)
]]>
            </full-stacktrace>
          </exception> <!-- java.lang.Throwable -->
          <reporter-output>
          </reporter-output>
        </test-method> <!-- verifyBlockedList -->
        <test-method signature="unblock()[pri:0, instance:testcases.PrivacyTest@38cee291]" started-at="2023-06-09T22:32:19 PKT" name="unblock" finished-at="2023-06-09T22:32:19 PKT" depends-on-methods="testcases.PrivacyTest.verifyBlockedList" duration-ms="0" status="SKIP">
          <exception class="java.lang.Throwable">
            <message>
              <![CDATA[Method testcases.PrivacyTest.unblock() on instance testcases.PrivacyTest@38cee291 depends on not successfully finished methods 
[testcases.PrivacyTest.verifyBlockedList() on instance testcases.PrivacyTest@38cee291]]]>
            </message>
            <full-stacktrace>
              <![CDATA[java.lang.Throwable: Method testcases.PrivacyTest.unblock() on instance testcases.PrivacyTest@38cee291 depends on not successfully finished methods 
[testcases.PrivacyTest.verifyBlockedList() on instance testcases.PrivacyTest@38cee291]
at org.testng.internal.invokers.TestInvoker.invokeTestMethods(TestInvoker.java:150)
at org.testng.internal.invokers.TestMethodWorker.invokeTestMethods(TestMethodWorker.java:148)
at org.testng.internal.invokers.TestMethodWorker.run(TestMethodWorker.java:128)
at java.base/java.util.ArrayList.forEach(ArrayList.java:1511)
at org.testng.TestRunner.privateRun(TestRunner.java:829)
at org.testng.TestRunner.run(TestRunner.java:602)
at org.testng.SuiteRunner.runTest(SuiteRunner.java:437)
at org.testng.SuiteRunner.runSequentially(SuiteRunner.java:431)
at org.testng.SuiteRunner.privateRun(SuiteRunner.java:391)
at org.testng.SuiteRunner.run(SuiteRunner.java:330)
at org.testng.SuiteRunnerWorker.runSuite(SuiteRunnerWorker.java:52)
at org.testng.SuiteRunnerWorker.run(SuiteRunnerWorker.java:95)
at org.testng.TestNG.runSuitesSequentially(TestNG.java:1256)
at org.testng.TestNG.runSuitesLocally(TestNG.java:1176)
at org.testng.TestNG.runSuites(TestNG.java:1099)
at org.testng.TestNG.run(TestNG.java:1067)
at org.testng.remote.AbstractRemoteTestNG.run(AbstractRemoteTestNG.java:115)
at org.testng.remote.RemoteTestNG.initAndRun(RemoteTestNG.java:251)
at org.testng.remote.RemoteTestNG.main(RemoteTestNG.java:77)
]]>
            </full-stacktrace>
          </exception> <!-- java.lang.Throwable -->
          <reporter-output>
          </reporter-output>
        </test-method> <!-- unblock -->
        <test-method signature="isUnblocked()[pri:0, instance:testcases.PrivacyTest@38cee291]" started-at="2023-06-09T22:32:19 PKT" name="isUnblocked" finished-at="2023-06-09T22:32:19 PKT" depends-on-methods="testcases.PrivacyTest.unblock" duration-ms="0" status="SKIP">
          <exception class="java.lang.Throwable">
            <message>
              <![CDATA[Method testcases.PrivacyTest.isUnblocked() on instance testcases.PrivacyTest@38cee291 depends on not successfully finished methods 
[testcases.PrivacyTest.unblock() on instance testcases.PrivacyTest@38cee291]]]>
            </message>
            <full-stacktrace>
              <![CDATA[java.lang.Throwable: Method testcases.PrivacyTest.isUnblocked() on instance testcases.PrivacyTest@38cee291 depends on not successfully finished methods 
[testcases.PrivacyTest.unblock() on instance testcases.PrivacyTest@38cee291]
at org.testng.internal.invokers.TestInvoker.invokeTestMethods(TestInvoker.java:150)
at org.testng.internal.invokers.TestMethodWorker.invokeTestMethods(TestMethodWorker.java:148)
at org.testng.internal.invokers.TestMethodWorker.run(TestMethodWorker.java:128)
at java.base/java.util.ArrayList.forEach(ArrayList.java:1511)
at org.testng.TestRunner.privateRun(TestRunner.java:829)
at org.testng.TestRunner.run(TestRunner.java:602)
at org.testng.SuiteRunner.runTest(SuiteRunner.java:437)
at org.testng.SuiteRunner.runSequentially(SuiteRunner.java:431)
at org.testng.SuiteRunner.privateRun(SuiteRunner.java:391)
at org.testng.SuiteRunner.run(SuiteRunner.java:330)
at org.testng.SuiteRunnerWorker.runSuite(SuiteRunnerWorker.java:52)
at org.testng.SuiteRunnerWorker.run(SuiteRunnerWorker.java:95)
at org.testng.TestNG.runSuitesSequentially(TestNG.java:1256)
at org.testng.TestNG.runSuitesLocally(TestNG.java:1176)
at org.testng.TestNG.runSuites(TestNG.java:1099)
at org.testng.TestNG.run(TestNG.java:1067)
at org.testng.remote.AbstractRemoteTestNG.run(AbstractRemoteTestNG.java:115)
at org.testng.remote.RemoteTestNG.initAndRun(RemoteTestNG.java:251)
at org.testng.remote.RemoteTestNG.main(RemoteTestNG.java:77)
]]>
            </full-stacktrace>
          </exception> <!-- java.lang.Throwable -->
          <reporter-output>
          </reporter-output>
        </test-method> <!-- isUnblocked -->
      </class> <!-- testcases.PrivacyTest -->
      <class name="testcases.SignOutTest">
        <test-method is-config="true" signature="configureAppium()[pri:0, instance:testcases.SignOutTest@2794eab6]" started-at="2023-06-09T22:32:19 PKT" name="configureAppium" finished-at="2023-06-09T22:32:19 PKT" duration-ms="0" status="SKIP">
          <reporter-output>
          </reporter-output>
        </test-method> <!-- configureAppium -->
        <test-method signature="signOut()[pri:0, instance:testcases.SignOutTest@2794eab6]" started-at="2023-06-09T22:32:19 PKT" name="signOut" finished-at="2023-06-09T22:32:19 PKT" duration-ms="0" status="SKIP">
          <exception class="org.openqa.selenium.WebDriverException">
            <message>
              <![CDATA[An unknown server-side error occurred while processing the command. Original error: The process has received SIGINT signal
Build info: version: '4.10.0', revision: 'c14d967899'
System info: os.name: 'Windows 10', os.arch: 'amd64', os.version: '10.0', java.version: '19.0.1'
Driver info: io.appium.java_client.android.AndroidDriver
Command: [0f335d5b-bb9a-4491-8ec3-b78140b5aa8b, findElement {using=xpath, value=//android.widget.TextView[@text='Login']}]
Capabilities {appium:app: C:\Users\Ensx-pc\eclipse-wo..., appium:appPackage: com.dev.messengerx, appium:autoGrantPermissions: true, appium:automationName: UIAutomator2, appium:databaseEnabled: false, appium:desired: {app: C:\Users\Ensx-pc\eclipse-wo..., autoGrantPermissions: true, automationName: UIAutomator2, newCommandTimeout: 90, platformName: ANDROID, systemPort: 9000, udid: 06081330BT105920}, appium:deviceApiLevel: 29, appium:deviceManufacturer: INFINIX MOBILITY LIMITED, appium:deviceModel: Infinix X657B, appium:deviceName: 06081330BT105920, appium:deviceScreenDensity: 320, appium:deviceScreenSize: 720x1600, appium:deviceUDID: 06081330BT105920, appium:javascriptEnabled: true, appium:locationContextEnabled: false, appium:networkConnectionEnabled: true, appium:newCommandTimeout: 90, appium:pixelRatio: 2, appium:platformVersion: 10, appium:statBarHeight: 64, appium:systemPort: 9000, appium:takesScreenshot: true, appium:udid: 06081330BT105920, appium:viewportRect: {height: 1376, left: 0, top: 64, width: 720}, appium:warnings: {}, appium:webStorageEnabled: false, platformName: ANDROID}
Session ID: 0f335d5b-bb9a-4491-8ec3-b78140b5aa8b]]>
            </message>
            <full-stacktrace>
              <![CDATA[org.openqa.selenium.WebDriverException: An unknown server-side error occurred while processing the command. Original error: The process has received SIGINT signal
Build info: version: '4.10.0', revision: 'c14d967899'
System info: os.name: 'Windows 10', os.arch: 'amd64', os.version: '10.0', java.version: '19.0.1'
Driver info: io.appium.java_client.android.AndroidDriver
Command: [0f335d5b-bb9a-4491-8ec3-b78140b5aa8b, findElement {using=xpath, value=//android.widget.TextView[@text='Login']}]
Capabilities {appium:app: C:\Users\Ensx-pc\eclipse-wo..., appium:appPackage: com.dev.messengerx, appium:autoGrantPermissions: true, appium:automationName: UIAutomator2, appium:databaseEnabled: false, appium:desired: {app: C:\Users\Ensx-pc\eclipse-wo..., autoGrantPermissions: true, automationName: UIAutomator2, newCommandTimeout: 90, platformName: ANDROID, systemPort: 9000, udid: 06081330BT105920}, appium:deviceApiLevel: 29, appium:deviceManufacturer: INFINIX MOBILITY LIMITED, appium:deviceModel: Infinix X657B, appium:deviceName: 06081330BT105920, appium:deviceScreenDensity: 320, appium:deviceScreenSize: 720x1600, appium:deviceUDID: 06081330BT105920, appium:javascriptEnabled: true, appium:locationContextEnabled: false, appium:networkConnectionEnabled: true, appium:newCommandTimeout: 90, appium:pixelRatio: 2, appium:platformVersion: 10, appium:statBarHeight: 64, appium:systemPort: 9000, appium:takesScreenshot: true, appium:udid: 06081330BT105920, appium:viewportRect: {height: 1376, left: 0, top: 64, width: 720}, appium:warnings: {}, appium:webStorageEnabled: false, platformName: ANDROID}
Session ID: 0f335d5b-bb9a-4491-8ec3-b78140b5aa8b
at java.base/jdk.internal.reflect.DirectConstructorHandleAccessor.newInstance(DirectConstructorHandleAccessor.java:67)
at java.base/java.lang.reflect.Constructor.newInstanceWithCaller(Constructor.java:500)
at java.base/java.lang.reflect.Constructor.newInstance(Constructor.java:484)
at org.openqa.selenium.remote.codec.w3c.W3CHttpResponseCodec.createException(W3CHttpResponseCodec.java:199)
at org.openqa.selenium.remote.codec.w3c.W3CHttpResponseCodec.decode(W3CHttpResponseCodec.java:132)
at org.openqa.selenium.remote.codec.w3c.W3CHttpResponseCodec.decode(W3CHttpResponseCodec.java:51)
at org.openqa.selenium.remote.HttpCommandExecutor.execute(HttpCommandExecutor.java:191)
at io.appium.java_client.remote.AppiumCommandExecutor.execute(AppiumCommandExecutor.java:262)
at org.openqa.selenium.remote.RemoteWebDriver.execute(RemoteWebDriver.java:531)
at org.openqa.selenium.remote.ElementLocation$ElementFinder$2.findElement(ElementLocation.java:165)
at org.openqa.selenium.remote.ElementLocation.findElement(ElementLocation.java:59)
at org.openqa.selenium.remote.RemoteWebDriver.findElement(RemoteWebDriver.java:350)
at org.openqa.selenium.remote.RemoteWebDriver.findElement(RemoteWebDriver.java:344)
at basePage.BasePage.gotoLogin(BasePage.java:45)
at testcases.VideoCallTest.Setup(VideoCallTest.java:66)
at java.base/jdk.internal.reflect.DirectMethodHandleAccessor.invoke(DirectMethodHandleAccessor.java:104)
at java.base/java.lang.reflect.Method.invoke(Method.java:578)
at org.testng.internal.invokers.MethodInvocationHelper.invokeMethod(MethodInvocationHelper.java:139)
at org.testng.internal.invokers.MethodInvocationHelper.invokeMethodConsideringTimeout(MethodInvocationHelper.java:69)
at org.testng.internal.invokers.ConfigInvoker.invokeConfigurationMethod(ConfigInvoker.java:361)
at org.testng.internal.invokers.ConfigInvoker.invokeConfigurations(ConfigInvoker.java:296)
at org.testng.TestRunner.invokeTestConfigurations(TestRunner.java:644)
at org.testng.TestRunner.beforeRun(TestRunner.java:633)
at org.testng.TestRunner.run(TestRunner.java:595)
at org.testng.SuiteRunner.runTest(SuiteRunner.java:437)
at org.testng.SuiteRunner.runSequentially(SuiteRunner.java:431)
at org.testng.SuiteRunner.privateRun(SuiteRunner.java:391)
at org.testng.SuiteRunner.run(SuiteRunner.java:330)
at org.testng.SuiteRunnerWorker.runSuite(SuiteRunnerWorker.java:52)
at org.testng.SuiteRunnerWorker.run(SuiteRunnerWorker.java:95)
at org.testng.TestNG.runSuitesSequentially(TestNG.java:1256)
at org.testng.TestNG.runSuitesLocally(TestNG.java:1176)
at org.testng.TestNG.runSuites(TestNG.java:1099)
at org.testng.TestNG.run(TestNG.java:1067)
at org.testng.remote.AbstractRemoteTestNG.run(AbstractRemoteTestNG.java:115)
at org.testng.remote.RemoteTestNG.initAndRun(RemoteTestNG.java:251)
at org.testng.remote.RemoteTestNG.main(RemoteTestNG.java:77)
]]>
            </full-stacktrace>
          </exception> <!-- org.openqa.selenium.WebDriverException -->
          <reporter-output>
          </reporter-output>
        </test-method> <!-- signOut -->
        <test-method is-config="true" signature="tearDown()[pri:0, instance:testcases.SignOutTest@2794eab6]" started-at="2023-06-09T22:32:19 PKT" name="tearDown" finished-at="2023-06-09T22:32:19 PKT" duration-ms="0" status="SKIP">
          <reporter-output>
          </reporter-output>
        </test-method> <!-- tearDown -->
        <test-method is-config="true" signature="configureAppium()[pri:0, instance:testcases.SignOutTest@2794eab6]" started-at="2023-06-09T22:32:19 PKT" name="configureAppium" finished-at="2023-06-09T22:32:19 PKT" duration-ms="0" status="SKIP">
          <reporter-output>
          </reporter-output>
        </test-method> <!-- configureAppium -->
        <test-method signature="switchAccount()[pri:0, instance:testcases.SignOutTest@2794eab6]" started-at="2023-06-09T22:32:19 PKT" name="switchAccount" finished-at="2023-06-09T22:32:19 PKT" duration-ms="0" status="SKIP">
          <exception class="org.openqa.selenium.WebDriverException">
            <message>
              <![CDATA[An unknown server-side error occurred while processing the command. Original error: The process has received SIGINT signal
Build info: version: '4.10.0', revision: 'c14d967899'
System info: os.name: 'Windows 10', os.arch: 'amd64', os.version: '10.0', java.version: '19.0.1'
Driver info: io.appium.java_client.android.AndroidDriver
Command: [0f335d5b-bb9a-4491-8ec3-b78140b5aa8b, findElement {using=xpath, value=//android.widget.TextView[@text='Login']}]
Capabilities {appium:app: C:\Users\Ensx-pc\eclipse-wo..., appium:appPackage: com.dev.messengerx, appium:autoGrantPermissions: true, appium:automationName: UIAutomator2, appium:databaseEnabled: false, appium:desired: {app: C:\Users\Ensx-pc\eclipse-wo..., autoGrantPermissions: true, automationName: UIAutomator2, newCommandTimeout: 90, platformName: ANDROID, systemPort: 9000, udid: 06081330BT105920}, appium:deviceApiLevel: 29, appium:deviceManufacturer: INFINIX MOBILITY LIMITED, appium:deviceModel: Infinix X657B, appium:deviceName: 06081330BT105920, appium:deviceScreenDensity: 320, appium:deviceScreenSize: 720x1600, appium:deviceUDID: 06081330BT105920, appium:javascriptEnabled: true, appium:locationContextEnabled: false, appium:networkConnectionEnabled: true, appium:newCommandTimeout: 90, appium:pixelRatio: 2, appium:platformVersion: 10, appium:statBarHeight: 64, appium:systemPort: 9000, appium:takesScreenshot: true, appium:udid: 06081330BT105920, appium:viewportRect: {height: 1376, left: 0, top: 64, width: 720}, appium:warnings: {}, appium:webStorageEnabled: false, platformName: ANDROID}
Session ID: 0f335d5b-bb9a-4491-8ec3-b78140b5aa8b]]>
            </message>
            <full-stacktrace>
              <![CDATA[org.openqa.selenium.WebDriverException: An unknown server-side error occurred while processing the command. Original error: The process has received SIGINT signal
Build info: version: '4.10.0', revision: 'c14d967899'
System info: os.name: 'Windows 10', os.arch: 'amd64', os.version: '10.0', java.version: '19.0.1'
Driver info: io.appium.java_client.android.AndroidDriver
Command: [0f335d5b-bb9a-4491-8ec3-b78140b5aa8b, findElement {using=xpath, value=//android.widget.TextView[@text='Login']}]
Capabilities {appium:app: C:\Users\Ensx-pc\eclipse-wo..., appium:appPackage: com.dev.messengerx, appium:autoGrantPermissions: true, appium:automationName: UIAutomator2, appium:databaseEnabled: false, appium:desired: {app: C:\Users\Ensx-pc\eclipse-wo..., autoGrantPermissions: true, automationName: UIAutomator2, newCommandTimeout: 90, platformName: ANDROID, systemPort: 9000, udid: 06081330BT105920}, appium:deviceApiLevel: 29, appium:deviceManufacturer: INFINIX MOBILITY LIMITED, appium:deviceModel: Infinix X657B, appium:deviceName: 06081330BT105920, appium:deviceScreenDensity: 320, appium:deviceScreenSize: 720x1600, appium:deviceUDID: 06081330BT105920, appium:javascriptEnabled: true, appium:locationContextEnabled: false, appium:networkConnectionEnabled: true, appium:newCommandTimeout: 90, appium:pixelRatio: 2, appium:platformVersion: 10, appium:statBarHeight: 64, appium:systemPort: 9000, appium:takesScreenshot: true, appium:udid: 06081330BT105920, appium:viewportRect: {height: 1376, left: 0, top: 64, width: 720}, appium:warnings: {}, appium:webStorageEnabled: false, platformName: ANDROID}
Session ID: 0f335d5b-bb9a-4491-8ec3-b78140b5aa8b
at java.base/jdk.internal.reflect.DirectConstructorHandleAccessor.newInstance(DirectConstructorHandleAccessor.java:67)
at java.base/java.lang.reflect.Constructor.newInstanceWithCaller(Constructor.java:500)
at java.base/java.lang.reflect.Constructor.newInstance(Constructor.java:484)
at org.openqa.selenium.remote.codec.w3c.W3CHttpResponseCodec.createException(W3CHttpResponseCodec.java:199)
at org.openqa.selenium.remote.codec.w3c.W3CHttpResponseCodec.decode(W3CHttpResponseCodec.java:132)
at org.openqa.selenium.remote.codec.w3c.W3CHttpResponseCodec.decode(W3CHttpResponseCodec.java:51)
at org.openqa.selenium.remote.HttpCommandExecutor.execute(HttpCommandExecutor.java:191)
at io.appium.java_client.remote.AppiumCommandExecutor.execute(AppiumCommandExecutor.java:262)
at org.openqa.selenium.remote.RemoteWebDriver.execute(RemoteWebDriver.java:531)
at org.openqa.selenium.remote.ElementLocation$ElementFinder$2.findElement(ElementLocation.java:165)
at org.openqa.selenium.remote.ElementLocation.findElement(ElementLocation.java:59)
at org.openqa.selenium.remote.RemoteWebDriver.findElement(RemoteWebDriver.java:350)
at org.openqa.selenium.remote.RemoteWebDriver.findElement(RemoteWebDriver.java:344)
at basePage.BasePage.gotoLogin(BasePage.java:45)
at testcases.VideoCallTest.Setup(VideoCallTest.java:66)
at java.base/jdk.internal.reflect.DirectMethodHandleAccessor.invoke(DirectMethodHandleAccessor.java:104)
at java.base/java.lang.reflect.Method.invoke(Method.java:578)
at org.testng.internal.invokers.MethodInvocationHelper.invokeMethod(MethodInvocationHelper.java:139)
at org.testng.internal.invokers.MethodInvocationHelper.invokeMethodConsideringTimeout(MethodInvocationHelper.java:69)
at org.testng.internal.invokers.ConfigInvoker.invokeConfigurationMethod(ConfigInvoker.java:361)
at org.testng.internal.invokers.ConfigInvoker.invokeConfigurations(ConfigInvoker.java:296)
at org.testng.TestRunner.invokeTestConfigurations(TestRunner.java:644)
at org.testng.TestRunner.beforeRun(TestRunner.java:633)
at org.testng.TestRunner.run(TestRunner.java:595)
at org.testng.SuiteRunner.runTest(SuiteRunner.java:437)
at org.testng.SuiteRunner.runSequentially(SuiteRunner.java:431)
at org.testng.SuiteRunner.privateRun(SuiteRunner.java:391)
at org.testng.SuiteRunner.run(SuiteRunner.java:330)
at org.testng.SuiteRunnerWorker.runSuite(SuiteRunnerWorker.java:52)
at org.testng.SuiteRunnerWorker.run(SuiteRunnerWorker.java:95)
at org.testng.TestNG.runSuitesSequentially(TestNG.java:1256)
at org.testng.TestNG.runSuitesLocally(TestNG.java:1176)
at org.testng.TestNG.runSuites(TestNG.java:1099)
at org.testng.TestNG.run(TestNG.java:1067)
at org.testng.remote.AbstractRemoteTestNG.run(AbstractRemoteTestNG.java:115)
at org.testng.remote.RemoteTestNG.initAndRun(RemoteTestNG.java:251)
at org.testng.remote.RemoteTestNG.main(RemoteTestNG.java:77)
]]>
            </full-stacktrace>
          </exception> <!-- org.openqa.selenium.WebDriverException -->
          <reporter-output>
          </reporter-output>
        </test-method> <!-- switchAccount -->
        <test-method is-config="true" signature="tearDown()[pri:0, instance:testcases.SignOutTest@2794eab6]" started-at="2023-06-09T22:32:19 PKT" name="tearDown" finished-at="2023-06-09T22:32:19 PKT" duration-ms="0" status="SKIP">
          <reporter-output>
          </reporter-output>
        </test-method> <!-- tearDown -->
      </class> <!-- testcases.SignOutTest -->
    </test> <!-- Test -->
  </suite> <!-- Smoke -->
</testng-results>
